[0.839s] DEBUG:colcon:Command line arguments: ['/usr/bin/colcon', 'build']
[0.839s] DEBUG:colcon:Parsed command line arguments: Namespace(log_base=None, log_level=None, verb_name='build', build_base='build', install_base='install', merge_install=False, symlink_install=False, test_result_base=None, continue_on_error=False, executor='parallel', parallel_workers=8, event_handlers=None, ignore_user_meta=False, metas=['./colcon.meta'], base_paths=['.'], packages_ignore=None, packages_ignore_regex=None, paths=None, packages_up_to=None, packages_up_to_regex=None, packages_above=None, packages_above_and_dependencies=None, packages_above_depth=None, packages_select_by_dep=None, packages_skip_by_dep=None, packages_skip_up_to=None, packages_select_build_failed=False, packages_skip_build_finished=False, packages_select_test_failures=False, packages_skip_test_passed=False, packages_select=None, packages_skip=None, packages_select_regex=None, packages_skip_regex=None, packages_start=None, packages_end=None, allow_overriding=[], cmake_args=None, cmake_target=None, cmake_target_skip_unavailable=False, cmake_clean_cache=False, cmake_clean_first=False, cmake_force_configure=False, ament_cmake_args=None, catkin_cmake_args=None, catkin_skip_building_tests=False, verb_parser=<colcon_defaults.argument_parser.defaults.DefaultArgumentsDecorator object at 0x7fd09eb82560>, verb_extension=<colcon_core.verb.build.BuildVerb object at 0x7fd09eb5d2a0>, main=<bound method BuildVerb.main of <colcon_core.verb.build.BuildVerb object at 0x7fd09eb5d2a0>>)
[0.878s] Level 1:colcon.colcon_core.package_discovery:discover_packages(colcon_meta) check parameters
[0.878s] Level 1:colcon.colcon_core.package_discovery:discover_packages(recursive) check parameters
[0.878s] Level 1:colcon.colcon_core.package_discovery:discover_packages(ignore) check parameters
[0.878s] Level 1:colcon.colcon_core.package_discovery:discover_packages(path) check parameters
[0.878s] Level 1:colcon.colcon_core.package_discovery:discover_packages(colcon_meta) discover
[0.878s] Level 1:colcon.colcon_core.package_discovery:discover_packages(recursive) discover
[0.878s] INFO:colcon.colcon_core.package_discovery:Crawling recursively for packages in '/home/acir/robotdogtalk_ws'
[0.878s] Level 1:colcon.colcon_core.package_identification:_identify(.) by extensions ['ignore', 'ignore_ament_install']
[0.878s] Level 1:colcon.colcon_core.package_identification:_identify(.) by extension 'ignore'
[0.878s] Level 1:colcon.colcon_core.package_identification:_identify(.) by extension 'ignore_ament_install'
[0.878s] Level 1:colcon.colcon_core.package_identification:_identify(.) by extensions ['colcon_pkg']
[0.878s] Level 1:colcon.colcon_core.package_identification:_identify(.) by extension 'colcon_pkg'
[0.878s] Level 1:colcon.colcon_core.package_identification:_identify(.) by extensions ['colcon_meta']
[0.878s] Level 1:colcon.colcon_core.package_identification:_identify(.) by extension 'colcon_meta'
[0.878s] Level 1:colcon.colcon_core.package_identification:_identify(.) by extensions ['ros']
[0.878s] Level 1:colcon.colcon_core.package_identification:_identify(.) by extension 'ros'
[0.887s] Level 1:colcon.colcon_core.package_identification:_identify(.) by extensions ['cmake', 'python']
[0.887s] Level 1:colcon.colcon_core.package_identification:_identify(.) by extension 'cmake'
[0.887s] Level 1:colcon.colcon_core.package_identification:_identify(.) by extension 'python'
[0.887s] Level 1:colcon.colcon_core.package_identification:_identify(.) by extensions ['python_setup_py']
[0.887s] Level 1:colcon.colcon_core.package_identification:_identify(.) by extension 'python_setup_py'
[0.887s] Level 1:colcon.colcon_core.package_identification:_identify(build) by extensions ['ignore', 'ignore_ament_install']
[0.887s] Level 1:colcon.colcon_core.package_identification:_identify(build) by extension 'ignore'
[0.887s] Level 1:colcon.colcon_core.package_identification:_identify(build) ignored
[0.887s] Level 1:colcon.colcon_core.package_identification:_identify(install) by extensions ['ignore', 'ignore_ament_install']
[0.887s] Level 1:colcon.colcon_core.package_identification:_identify(install) by extension 'ignore'
[0.887s] Level 1:colcon.colcon_core.package_identification:_identify(install) ignored
[0.888s] Level 1:colcon.colcon_core.package_identification:_identify(log) by extensions ['ignore', 'ignore_ament_install']
[0.888s] Level 1:colcon.colcon_core.package_identification:_identify(log) by extension 'ignore'
[0.888s] Level 1:colcon.colcon_core.package_identification:_identify(log) ignored
[0.888s] Level 1:colcon.colcon_core.package_identification:_identify(src) by extensions ['ignore', 'ignore_ament_install']
[0.888s] Level 1:colcon.colcon_core.package_identification:_identify(src) by extension 'ignore'
[0.888s] Level 1:colcon.colcon_core.package_identification:_identify(src) by extension 'ignore_ament_install'
[0.888s] Level 1:colcon.colcon_core.package_identification:_identify(src) by extensions ['colcon_pkg']
[0.888s] Level 1:colcon.colcon_core.package_identification:_identify(src) by extension 'colcon_pkg'
[0.888s] Level 1:colcon.colcon_core.package_identification:_identify(src) by extensions ['colcon_meta']
[0.888s] Level 1:colcon.colcon_core.package_identification:_identify(src) by extension 'colcon_meta'
[0.888s] Level 1:colcon.colcon_core.package_identification:_identify(src) by extensions ['ros']
[0.888s] Level 1:colcon.colcon_core.package_identification:_identify(src) by extension 'ros'
[0.888s] Level 1:colcon.colcon_core.package_identification:_identify(src) by extensions ['cmake', 'python']
[0.888s] Level 1:colcon.colcon_core.package_identification:_identify(src) by extension 'cmake'
[0.888s] Level 1:colcon.colcon_core.package_identification:_identify(src) by extension 'python'
[0.888s] Level 1:colcon.colcon_core.package_identification:_identify(src) by extensions ['python_setup_py']
[0.888s] Level 1:colcon.colcon_core.package_identification:_identify(src) by extension 'python_setup_py'
[0.888s] Level 1:colcon.colcon_core.package_identification:_identify(src/dog_voice) by extensions ['ignore', 'ignore_ament_install']
[0.888s] Level 1:colcon.colcon_core.package_identification:_identify(src/dog_voice) by extension 'ignore'
[0.888s] Level 1:colcon.colcon_core.package_identification:_identify(src/dog_voice) by extension 'ignore_ament_install'
[0.888s] Level 1:colcon.colcon_core.package_identification:_identify(src/dog_voice) by extensions ['colcon_pkg']
[0.888s] Level 1:colcon.colcon_core.package_identification:_identify(src/dog_voice) by extension 'colcon_pkg'
[0.889s] Level 1:colcon.colcon_core.package_identification:_identify(src/dog_voice) by extensions ['colcon_meta']
[0.889s] Level 1:colcon.colcon_core.package_identification:_identify(src/dog_voice) by extension 'colcon_meta'
[0.889s] Level 1:colcon.colcon_core.package_identification:_identify(src/dog_voice) by extensions ['ros']
[0.889s] Level 1:colcon.colcon_core.package_identification:_identify(src/dog_voice) by extension 'ros'
[0.890s] DEBUG:colcon.colcon_core.package_identification:Package 'src/dog_voice' with type 'ros.ament_cmake' and name 'dog_voice'
[0.891s] Level 1:colcon.colcon_core.package_discovery:discover_packages(recursive) using defaults
[0.891s] Level 1:colcon.colcon_core.package_discovery:discover_packages(ignore) discover
[0.891s] Level 1:colcon.colcon_core.package_discovery:discover_packages(ignore) using defaults
[0.891s] Level 1:colcon.colcon_core.package_discovery:discover_packages(path) discover
[0.891s] Level 1:colcon.colcon_core.package_discovery:discover_packages(path) using defaults
[0.966s] Level 1:colcon.colcon_core.package_discovery:discover_packages(prefix_path) check parameters
[0.966s] Level 1:colcon.colcon_core.package_discovery:discover_packages(prefix_path) discover
[0.992s] DEBUG:colcon.colcon_installed_package_information.package_discovery:Found 270 installed packages in /opt/ros/humble
[0.993s] Level 1:colcon.colcon_core.package_discovery:discover_packages(prefix_path) using defaults
[1.072s] Level 5:colcon.colcon_core.verb:set package 'dog_voice' build argument 'cmake_args' from command line to 'None'
[1.072s] Level 5:colcon.colcon_core.verb:set package 'dog_voice' build argument 'cmake_target' from command line to 'None'
[1.072s] Level 5:colcon.colcon_core.verb:set package 'dog_voice' build argument 'cmake_target_skip_unavailable' from command line to 'False'
[1.072s] Level 5:colcon.colcon_core.verb:set package 'dog_voice' build argument 'cmake_clean_cache' from command line to 'False'
[1.072s] Level 5:colcon.colcon_core.verb:set package 'dog_voice' build argument 'cmake_clean_first' from command line to 'False'
[1.072s] Level 5:colcon.colcon_core.verb:set package 'dog_voice' build argument 'cmake_force_configure' from command line to 'False'
[1.072s] Level 5:colcon.colcon_core.verb:set package 'dog_voice' build argument 'ament_cmake_args' from command line to 'None'
[1.072s] Level 5:colcon.colcon_core.verb:set package 'dog_voice' build argument 'catkin_cmake_args' from command line to 'None'
[1.072s] Level 5:colcon.colcon_core.verb:set package 'dog_voice' build argument 'catkin_skip_building_tests' from command line to 'False'
[1.072s] DEBUG:colcon.colcon_core.verb:Building package 'dog_voice' with the following arguments: {'ament_cmake_args': None, 'build_base': '/home/acir/robotdogtalk_ws/build/dog_voice', 'catkin_cmake_args': None, 'catkin_skip_building_tests': False, 'cmake_args': None, 'cmake_clean_cache': False, 'cmake_clean_first': False, 'cmake_force_configure': False, 'cmake_target': None, 'cmake_target_skip_unavailable': False, 'install_base': '/home/acir/robotdogtalk_ws/install/dog_voice', 'merge_install': False, 'path': '/home/acir/robotdogtalk_ws/src/dog_voice', 'symlink_install': False, 'test_result_base': None}
[1.085s] INFO:colcon.colcon_core.executor:Executing jobs using 'parallel' executor
[1.097s] DEBUG:colcon.colcon_parallel_executor.executor.parallel:run_until_complete
[1.097s] INFO:colcon.colcon_ros.task.ament_cmake.build:Building ROS package in '/home/acir/robotdogtalk_ws/src/dog_voice' with build type 'ament_cmake'
[1.097s] INFO:colcon.colcon_cmake.task.cmake.build:Building CMake package in '/home/acir/robotdogtalk_ws/src/dog_voice'
[1.111s] INFO:colcon.colcon_core.plugin_system:Skipping extension 'colcon_core.shell.bat': Not used on non-Windows systems
[1.111s] INFO:colcon.colcon_core.shell:Skip shell extension 'powershell' for command environment: Not usable outside of PowerShell
[1.111s] DEBUG:colcon.colcon_core.shell:Skip shell extension 'dsv' for command environment
[1.147s] DEBUG:colcon.colcon_core.event_handler.log_command:Invoking command in '/home/acir/robotdogtalk_ws/build/dog_voice': CMAKE_PREFIX_PATH=/opt/ros/humble CONDA_PROMPT_MODIFIER=(base) /usr/bin/cmake /home/acir/robotdogtalk_ws/src/dog_voice -DCMAKE_INSTALL_PREFIX=/home/acir/robotdogtalk_ws/install/dog_voice
[2.258s] DEBUG:colcon.colcon_core.event_handler.log_command:Invoked command in '/home/acir/robotdogtalk_ws/build/dog_voice' returned '0': CMAKE_PREFIX_PATH=/opt/ros/humble CONDA_PROMPT_MODIFIER=(base) /usr/bin/cmake /home/acir/robotdogtalk_ws/src/dog_voice -DCMAKE_INSTALL_PREFIX=/home/acir/robotdogtalk_ws/install/dog_voice
[2.258s] DEBUG:colcon.colcon_core.event_handler.log_command:Invoking command in '/home/acir/robotdogtalk_ws/build/dog_voice': CMAKE_PREFIX_PATH=/opt/ros/humble CONDA_PROMPT_MODIFIER=(base) /usr/bin/cmake --build /home/acir/robotdogtalk_ws/build/dog_voice -- -j8 -l8
[2.398s] DEBUG:colcon.colcon_core.event_handler.log_command:Invoked command in '/home/acir/robotdogtalk_ws/build/dog_voice' returned '0': CMAKE_PREFIX_PATH=/opt/ros/humble CONDA_PROMPT_MODIFIER=(base) /usr/bin/cmake --build /home/acir/robotdogtalk_ws/build/dog_voice -- -j8 -l8
[2.423s] DEBUG:colcon.colcon_core.event_handler.log_command:Invoking command in '/home/acir/robotdogtalk_ws/build/dog_voice': CMAKE_PREFIX_PATH=/opt/ros/humble CONDA_PROMPT_MODIFIER=(base) /usr/bin/cmake --install /home/acir/robotdogtalk_ws/build/dog_voice
[2.432s] Level 1:colcon.colcon_core.environment:create_environment_scripts_only(dog_voice)
[2.433s] DEBUG:colcon.colcon_core.event_handler.log_command:Invoked command in '/home/acir/robotdogtalk_ws/build/dog_voice' returned '0': CMAKE_PREFIX_PATH=/opt/ros/humble CONDA_PROMPT_MODIFIER=(base) /usr/bin/cmake --install /home/acir/robotdogtalk_ws/build/dog_voice
[2.449s] Level 1:colcon.colcon_core.environment:checking '/home/acir/robotdogtalk_ws/install/dog_voice' for CMake module files
[2.450s] Level 1:colcon.colcon_core.environment:checking '/home/acir/robotdogtalk_ws/install/dog_voice' for CMake config files
[2.450s] Level 1:colcon.colcon_core.shell:create_environment_hook('dog_voice', 'cmake_prefix_path')
[2.464s] INFO:colcon.colcon_core.shell:Creating environment hook '/home/acir/robotdogtalk_ws/install/dog_voice/share/dog_voice/hook/cmake_prefix_path.ps1'
[2.464s] INFO:colcon.colcon_core.shell:Creating environment descriptor '/home/acir/robotdogtalk_ws/install/dog_voice/share/dog_voice/hook/cmake_prefix_path.dsv'
[2.465s] INFO:colcon.colcon_core.shell:Creating environment hook '/home/acir/robotdogtalk_ws/install/dog_voice/share/dog_voice/hook/cmake_prefix_path.sh'
[2.465s] Level 1:colcon.colcon_core.environment:checking '/home/acir/robotdogtalk_ws/install/dog_voice/lib'
[2.465s] Level 1:colcon.colcon_core.environment:checking '/home/acir/robotdogtalk_ws/install/dog_voice/bin'
[2.466s] Level 1:colcon.colcon_core.environment:checking '/home/acir/robotdogtalk_ws/install/dog_voice/lib/pkgconfig/dog_voice.pc'
[2.466s] Level 1:colcon.colcon_core.environment:checking '/home/acir/robotdogtalk_ws/install/dog_voice/lib/python3.10/site-packages'
[2.466s] Level 1:colcon.colcon_core.environment:checking '/home/acir/robotdogtalk_ws/install/dog_voice/bin'
[2.478s] INFO:colcon.colcon_core.shell:Creating package script '/home/acir/robotdogtalk_ws/install/dog_voice/share/dog_voice/package.ps1'
[2.479s] INFO:colcon.colcon_core.shell:Creating package descriptor '/home/acir/robotdogtalk_ws/install/dog_voice/share/dog_voice/package.dsv'
[2.479s] INFO:colcon.colcon_core.shell:Creating package script '/home/acir/robotdogtalk_ws/install/dog_voice/share/dog_voice/package.sh'
[2.480s] INFO:colcon.colcon_core.shell:Creating package script '/home/acir/robotdogtalk_ws/install/dog_voice/share/dog_voice/package.bash'
[2.480s] INFO:colcon.colcon_core.shell:Creating package script '/home/acir/robotdogtalk_ws/install/dog_voice/share/dog_voice/package.zsh'
[2.480s] Level 1:colcon.colcon_core.environment:create_file_with_runtime_dependencies(/home/acir/robotdogtalk_ws/install/dog_voice/share/colcon-core/packages/dog_voice)
[2.512s] Level 1:colcon.colcon_core.environment:create_environment_scripts_only(dog_voice)
[2.524s] Level 1:colcon.colcon_core.environment:checking '/home/acir/robotdogtalk_ws/install/dog_voice' for CMake module files
[2.524s] Level 1:colcon.colcon_core.environment:checking '/home/acir/robotdogtalk_ws/install/dog_voice' for CMake config files
[2.524s] Level 1:colcon.colcon_core.shell:create_environment_hook('dog_voice', 'cmake_prefix_path')
[2.537s] INFO:colcon.colcon_core.shell:Creating environment hook '/home/acir/robotdogtalk_ws/install/dog_voice/share/dog_voice/hook/cmake_prefix_path.ps1'
[2.537s] INFO:colcon.colcon_core.shell:Creating environment descriptor '/home/acir/robotdogtalk_ws/install/dog_voice/share/dog_voice/hook/cmake_prefix_path.dsv'
[2.537s] INFO:colcon.colcon_core.shell:Creating environment hook '/home/acir/robotdogtalk_ws/install/dog_voice/share/dog_voice/hook/cmake_prefix_path.sh'
[2.538s] Level 1:colcon.colcon_core.environment:checking '/home/acir/robotdogtalk_ws/install/dog_voice/lib'
[2.538s] Level 1:colcon.colcon_core.environment:checking '/home/acir/robotdogtalk_ws/install/dog_voice/bin'
[2.538s] Level 1:colcon.colcon_core.environment:checking '/home/acir/robotdogtalk_ws/install/dog_voice/lib/pkgconfig/dog_voice.pc'
[2.538s] Level 1:colcon.colcon_core.environment:checking '/home/acir/robotdogtalk_ws/install/dog_voice/lib/python3.10/site-packages'
[2.538s] Level 1:colcon.colcon_core.environment:checking '/home/acir/robotdogtalk_ws/install/dog_voice/bin'
[2.553s] INFO:colcon.colcon_core.shell:Creating package script '/home/acir/robotdogtalk_ws/install/dog_voice/share/dog_voice/package.ps1'
[2.554s] INFO:colcon.colcon_core.shell:Creating package descriptor '/home/acir/robotdogtalk_ws/install/dog_voice/share/dog_voice/package.dsv'
[2.554s] INFO:colcon.colcon_core.shell:Creating package script '/home/acir/robotdogtalk_ws/install/dog_voice/share/dog_voice/package.sh'
[2.554s] INFO:colcon.colcon_core.shell:Creating package script '/home/acir/robotdogtalk_ws/install/dog_voice/share/dog_voice/package.bash'
[2.555s] INFO:colcon.colcon_core.shell:Creating package script '/home/acir/robotdogtalk_ws/install/dog_voice/share/dog_voice/package.zsh'
[2.555s] Level 1:colcon.colcon_core.environment:create_file_with_runtime_dependencies(/home/acir/robotdogtalk_ws/install/dog_voice/share/colcon-core/packages/dog_voice)
[2.555s] DEBUG:colcon.colcon_parallel_executor.executor.parallel:closing loop
[2.555s] DEBUG:colcon.colcon_parallel_executor.executor.parallel:loop closed
[2.555s] DEBUG:colcon.colcon_parallel_executor.executor.parallel:run_until_complete finished with '0'
[2.555s] DEBUG:colcon.colcon_core.event_reactor:joining thread
[2.573s] INFO:colcon.colcon_core.plugin_system:Skipping extension 'colcon_notification.desktop_notification.terminal_notifier': Not used on non-Darwin systems
[2.573s] INFO:colcon.colcon_core.plugin_system:Skipping extension 'colcon_notification.desktop_notification.win32': Not used on non-Windows systems
[2.573s] INFO:colcon.colcon_notification.desktop_notification:Sending desktop notification using 'notify2'
[2.585s] DEBUG:colcon.colcon_core.event_reactor:joined thread
[2.600s] INFO:colcon.colcon_core.shell:Creating prefix script '/home/acir/robotdogtalk_ws/install/local_setup.ps1'
[2.601s] INFO:colcon.colcon_core.shell:Creating prefix util module '/home/acir/robotdogtalk_ws/install/_local_setup_util_ps1.py'
[2.602s] INFO:colcon.colcon_core.shell:Creating prefix chain script '/home/acir/robotdogtalk_ws/install/setup.ps1'
[2.622s] INFO:colcon.colcon_core.shell:Creating prefix script '/home/acir/robotdogtalk_ws/install/local_setup.sh'
[2.623s] INFO:colcon.colcon_core.shell:Creating prefix util module '/home/acir/robotdogtalk_ws/install/_local_setup_util_sh.py'
[2.623s] INFO:colcon.colcon_core.shell:Creating prefix chain script '/home/acir/robotdogtalk_ws/install/setup.sh'
[2.644s] INFO:colcon.colcon_core.shell:Creating prefix script '/home/acir/robotdogtalk_ws/install/local_setup.bash'
[2.645s] INFO:colcon.colcon_core.shell:Creating prefix chain script '/home/acir/robotdogtalk_ws/install/setup.bash'
[2.663s] INFO:colcon.colcon_core.shell:Creating prefix script '/home/acir/robotdogtalk_ws/install/local_setup.zsh'
[2.663s] INFO:colcon.colcon_core.shell:Creating prefix chain script '/home/acir/robotdogtalk_ws/install/setup.zsh'
