[0.842s] DEBUG:colcon:Command line arguments: ['/usr/bin/colcon', 'build']
[0.842s] DEBUG:colcon:Parsed command line arguments: Namespace(log_base=None, log_level=None, verb_name='build', build_base='build', install_base='install', merge_install=False, symlink_install=False, test_result_base=None, continue_on_error=False, executor='parallel', parallel_workers=8, event_handlers=None, ignore_user_meta=False, metas=['./colcon.meta'], base_paths=['.'], packages_ignore=None, packages_ignore_regex=None, paths=None, packages_up_to=None, packages_up_to_regex=None, packages_above=None, packages_above_and_dependencies=None, packages_above_depth=None, packages_select_by_dep=None, packages_skip_by_dep=None, packages_skip_up_to=None, packages_select_build_failed=False, packages_skip_build_finished=False, packages_select_test_failures=False, packages_skip_test_passed=False, packages_select=None, packages_skip=None, packages_select_regex=None, packages_skip_regex=None, packages_start=None, packages_end=None, allow_overriding=[], cmake_args=None, cmake_target=None, cmake_target_skip_unavailable=False, cmake_clean_cache=False, cmake_clean_first=False, cmake_force_configure=False, ament_cmake_args=None, catkin_cmake_args=None, catkin_skip_building_tests=False, verb_parser=<colcon_defaults.argument_parser.defaults.DefaultArgumentsDecorator object at 0x7f9d18855d20>, verb_extension=<colcon_core.verb.build.BuildVerb object at 0x7f9d18848f10>, main=<bound method BuildVerb.main of <colcon_core.verb.build.BuildVerb object at 0x7f9d18848f10>>)
[0.880s] Level 1:colcon.colcon_core.package_discovery:discover_packages(colcon_meta) check parameters
[0.880s] Level 1:colcon.colcon_core.package_discovery:discover_packages(recursive) check parameters
[0.880s] Level 1:colcon.colcon_core.package_discovery:discover_packages(ignore) check parameters
[0.880s] Level 1:colcon.colcon_core.package_discovery:discover_packages(path) check parameters
[0.880s] Level 1:colcon.colcon_core.package_discovery:discover_packages(colcon_meta) discover
[0.880s] Level 1:colcon.colcon_core.package_discovery:discover_packages(recursive) discover
[0.880s] INFO:colcon.colcon_core.package_discovery:Crawling recursively for packages in '/home/acir/robotdogtalk_ws'
[0.880s] Level 1:colcon.colcon_core.package_identification:_identify(.) by extensions ['ignore', 'ignore_ament_install']
[0.880s] Level 1:colcon.colcon_core.package_identification:_identify(.) by extension 'ignore'
[0.880s] Level 1:colcon.colcon_core.package_identification:_identify(.) by extension 'ignore_ament_install'
[0.881s] Level 1:colcon.colcon_core.package_identification:_identify(.) by extensions ['colcon_pkg']
[0.881s] Level 1:colcon.colcon_core.package_identification:_identify(.) by extension 'colcon_pkg'
[0.881s] Level 1:colcon.colcon_core.package_identification:_identify(.) by extensions ['colcon_meta']
[0.881s] Level 1:colcon.colcon_core.package_identification:_identify(.) by extension 'colcon_meta'
[0.881s] Level 1:colcon.colcon_core.package_identification:_identify(.) by extensions ['ros']
[0.881s] Level 1:colcon.colcon_core.package_identification:_identify(.) by extension 'ros'
[0.889s] Level 1:colcon.colcon_core.package_identification:_identify(.) by extensions ['cmake', 'python']
[0.889s] Level 1:colcon.colcon_core.package_identification:_identify(.) by extension 'cmake'
[0.889s] Level 1:colcon.colcon_core.package_identification:_identify(.) by extension 'python'
[0.889s] Level 1:colcon.colcon_core.package_identification:_identify(.) by extensions ['python_setup_py']
[0.889s] Level 1:colcon.colcon_core.package_identification:_identify(.) by extension 'python_setup_py'
[0.889s] Level 1:colcon.colcon_core.package_identification:_identify(build) by extensions ['ignore', 'ignore_ament_install']
[0.889s] Level 1:colcon.colcon_core.package_identification:_identify(build) by extension 'ignore'
[0.889s] Level 1:colcon.colcon_core.package_identification:_identify(build) ignored
[0.889s] Level 1:colcon.colcon_core.package_identification:_identify(install) by extensions ['ignore', 'ignore_ament_install']
[0.889s] Level 1:colcon.colcon_core.package_identification:_identify(install) by extension 'ignore'
[0.889s] Level 1:colcon.colcon_core.package_identification:_identify(install) ignored
[0.889s] Level 1:colcon.colcon_core.package_identification:_identify(log) by extensions ['ignore', 'ignore_ament_install']
[0.890s] Level 1:colcon.colcon_core.package_identification:_identify(log) by extension 'ignore'
[0.890s] Level 1:colcon.colcon_core.package_identification:_identify(log) ignored
[0.890s] Level 1:colcon.colcon_core.package_identification:_identify(msc) by extensions ['ignore', 'ignore_ament_install']
[0.890s] Level 1:colcon.colcon_core.package_identification:_identify(msc) by extension 'ignore'
[0.890s] Level 1:colcon.colcon_core.package_identification:_identify(msc) by extension 'ignore_ament_install'
[0.890s] Level 1:colcon.colcon_core.package_identification:_identify(msc) by extensions ['colcon_pkg']
[0.890s] Level 1:colcon.colcon_core.package_identification:_identify(msc) by extension 'colcon_pkg'
[0.890s] Level 1:colcon.colcon_core.package_identification:_identify(msc) by extensions ['colcon_meta']
[0.890s] Level 1:colcon.colcon_core.package_identification:_identify(msc) by extension 'colcon_meta'
[0.890s] Level 1:colcon.colcon_core.package_identification:_identify(msc) by extensions ['ros']
[0.890s] Level 1:colcon.colcon_core.package_identification:_identify(msc) by extension 'ros'
[0.890s] Level 1:colcon.colcon_core.package_identification:_identify(msc) by extensions ['cmake', 'python']
[0.890s] Level 1:colcon.colcon_core.package_identification:_identify(msc) by extension 'cmake'
[0.890s] Level 1:colcon.colcon_core.package_identification:_identify(msc) by extension 'python'
[0.890s] Level 1:colcon.colcon_core.package_identification:_identify(msc) by extensions ['python_setup_py']
[0.890s] Level 1:colcon.colcon_core.package_identification:_identify(msc) by extension 'python_setup_py'
[0.890s] Level 1:colcon.colcon_core.package_identification:_identify(msc/9036795dddd1a32fee50937914f8a00f) by extensions ['ignore', 'ignore_ament_install']
[0.890s] Level 1:colcon.colcon_core.package_identification:_identify(msc/9036795dddd1a32fee50937914f8a00f) by extension 'ignore'
[0.890s] Level 1:colcon.colcon_core.package_identification:_identify(msc/9036795dddd1a32fee50937914f8a00f) by extension 'ignore_ament_install'
[0.890s] Level 1:colcon.colcon_core.package_identification:_identify(msc/9036795dddd1a32fee50937914f8a00f) by extensions ['colcon_pkg']
[0.890s] Level 1:colcon.colcon_core.package_identification:_identify(msc/9036795dddd1a32fee50937914f8a00f) by extension 'colcon_pkg'
[0.890s] Level 1:colcon.colcon_core.package_identification:_identify(msc/9036795dddd1a32fee50937914f8a00f) by extensions ['colcon_meta']
[0.890s] Level 1:colcon.colcon_core.package_identification:_identify(msc/9036795dddd1a32fee50937914f8a00f) by extension 'colcon_meta'
[0.890s] Level 1:colcon.colcon_core.package_identification:_identify(msc/9036795dddd1a32fee50937914f8a00f) by extensions ['ros']
[0.890s] Level 1:colcon.colcon_core.package_identification:_identify(msc/9036795dddd1a32fee50937914f8a00f) by extension 'ros'
[0.890s] Level 1:colcon.colcon_core.package_identification:_identify(msc/9036795dddd1a32fee50937914f8a00f) by extensions ['cmake', 'python']
[0.891s] Level 1:colcon.colcon_core.package_identification:_identify(msc/9036795dddd1a32fee50937914f8a00f) by extension 'cmake'
[0.891s] Level 1:colcon.colcon_core.package_identification:_identify(msc/9036795dddd1a32fee50937914f8a00f) by extension 'python'
[0.891s] Level 1:colcon.colcon_core.package_identification:_identify(msc/9036795dddd1a32fee50937914f8a00f) by extensions ['python_setup_py']
[0.891s] Level 1:colcon.colcon_core.package_identification:_identify(msc/9036795dddd1a32fee50937914f8a00f) by extension 'python_setup_py'
[0.891s] Level 1:colcon.colcon_core.package_identification:_identify(src) by extensions ['ignore', 'ignore_ament_install']
[0.891s] Level 1:colcon.colcon_core.package_identification:_identify(src) by extension 'ignore'
[0.891s] Level 1:colcon.colcon_core.package_identification:_identify(src) by extension 'ignore_ament_install'
[0.891s] Level 1:colcon.colcon_core.package_identification:_identify(src) by extensions ['colcon_pkg']
[0.891s] Level 1:colcon.colcon_core.package_identification:_identify(src) by extension 'colcon_pkg'
[0.891s] Level 1:colcon.colcon_core.package_identification:_identify(src) by extensions ['colcon_meta']
[0.891s] Level 1:colcon.colcon_core.package_identification:_identify(src) by extension 'colcon_meta'
[0.891s] Level 1:colcon.colcon_core.package_identification:_identify(src) by extensions ['ros']
[0.891s] Level 1:colcon.colcon_core.package_identification:_identify(src) by extension 'ros'
[0.891s] Level 1:colcon.colcon_core.package_identification:_identify(src) by extensions ['cmake', 'python']
[0.891s] Level 1:colcon.colcon_core.package_identification:_identify(src) by extension 'cmake'
[0.891s] Level 1:colcon.colcon_core.package_identification:_identify(src) by extension 'python'
[0.891s] Level 1:colcon.colcon_core.package_identification:_identify(src) by extensions ['python_setup_py']
[0.891s] Level 1:colcon.colcon_core.package_identification:_identify(src) by extension 'python_setup_py'
[0.891s] Level 1:colcon.colcon_core.package_identification:_identify(src/dog_voice) by extensions ['ignore', 'ignore_ament_install']
[0.891s] Level 1:colcon.colcon_core.package_identification:_identify(src/dog_voice) by extension 'ignore'
[0.891s] Level 1:colcon.colcon_core.package_identification:_identify(src/dog_voice) by extension 'ignore_ament_install'
[0.891s] Level 1:colcon.colcon_core.package_identification:_identify(src/dog_voice) by extensions ['colcon_pkg']
[0.891s] Level 1:colcon.colcon_core.package_identification:_identify(src/dog_voice) by extension 'colcon_pkg'
[0.891s] Level 1:colcon.colcon_core.package_identification:_identify(src/dog_voice) by extensions ['colcon_meta']
[0.891s] Level 1:colcon.colcon_core.package_identification:_identify(src/dog_voice) by extension 'colcon_meta'
[0.891s] Level 1:colcon.colcon_core.package_identification:_identify(src/dog_voice) by extensions ['ros']
[0.891s] Level 1:colcon.colcon_core.package_identification:_identify(src/dog_voice) by extension 'ros'
[0.893s] DEBUG:colcon.colcon_core.package_identification:Package 'src/dog_voice' with type 'ros.ament_cmake' and name 'dog_voice'
[0.893s] Level 1:colcon.colcon_core.package_discovery:discover_packages(recursive) using defaults
[0.893s] Level 1:colcon.colcon_core.package_discovery:discover_packages(ignore) discover
[0.893s] Level 1:colcon.colcon_core.package_discovery:discover_packages(ignore) using defaults
[0.893s] Level 1:colcon.colcon_core.package_discovery:discover_packages(path) discover
[0.893s] Level 1:colcon.colcon_core.package_discovery:discover_packages(path) using defaults
[0.969s] Level 1:colcon.colcon_core.package_discovery:discover_packages(prefix_path) check parameters
[0.969s] Level 1:colcon.colcon_core.package_discovery:discover_packages(prefix_path) discover
[0.994s] DEBUG:colcon.colcon_installed_package_information.package_discovery:Found 1 installed packages in /home/acir/robotdogtalk_ws/install
[1.007s] DEBUG:colcon.colcon_installed_package_information.package_discovery:Found 270 installed packages in /opt/ros/humble
[1.008s] Level 1:colcon.colcon_core.package_discovery:discover_packages(prefix_path) using defaults
[1.087s] Level 5:colcon.colcon_core.verb:set package 'dog_voice' build argument 'cmake_args' from command line to 'None'
[1.087s] Level 5:colcon.colcon_core.verb:set package 'dog_voice' build argument 'cmake_target' from command line to 'None'
[1.087s] Level 5:colcon.colcon_core.verb:set package 'dog_voice' build argument 'cmake_target_skip_unavailable' from command line to 'False'
[1.087s] Level 5:colcon.colcon_core.verb:set package 'dog_voice' build argument 'cmake_clean_cache' from command line to 'False'
[1.087s] Level 5:colcon.colcon_core.verb:set package 'dog_voice' build argument 'cmake_clean_first' from command line to 'False'
[1.087s] Level 5:colcon.colcon_core.verb:set package 'dog_voice' build argument 'cmake_force_configure' from command line to 'False'
[1.087s] Level 5:colcon.colcon_core.verb:set package 'dog_voice' build argument 'ament_cmake_args' from command line to 'None'
[1.087s] Level 5:colcon.colcon_core.verb:set package 'dog_voice' build argument 'catkin_cmake_args' from command line to 'None'
[1.087s] Level 5:colcon.colcon_core.verb:set package 'dog_voice' build argument 'catkin_skip_building_tests' from command line to 'False'
[1.087s] DEBUG:colcon.colcon_core.verb:Building package 'dog_voice' with the following arguments: {'ament_cmake_args': None, 'build_base': '/home/acir/robotdogtalk_ws/build/dog_voice', 'catkin_cmake_args': None, 'catkin_skip_building_tests': False, 'cmake_args': None, 'cmake_clean_cache': False, 'cmake_clean_first': False, 'cmake_force_configure': False, 'cmake_target': None, 'cmake_target_skip_unavailable': False, 'install_base': '/home/acir/robotdogtalk_ws/install/dog_voice', 'merge_install': False, 'path': '/home/acir/robotdogtalk_ws/src/dog_voice', 'symlink_install': False, 'test_result_base': None}
[1.100s] INFO:colcon.colcon_core.executor:Executing jobs using 'parallel' executor
[1.112s] DEBUG:colcon.colcon_parallel_executor.executor.parallel:run_until_complete
[1.112s] INFO:colcon.colcon_ros.task.ament_cmake.build:Building ROS package in '/home/acir/robotdogtalk_ws/src/dog_voice' with build type 'ament_cmake'
[1.112s] INFO:colcon.colcon_cmake.task.cmake.build:Building CMake package in '/home/acir/robotdogtalk_ws/src/dog_voice'
[1.126s] INFO:colcon.colcon_core.plugin_system:Skipping extension 'colcon_core.shell.bat': Not used on non-Windows systems
[1.126s] INFO:colcon.colcon_core.shell:Skip shell extension 'powershell' for command environment: Not usable outside of PowerShell
[1.126s] DEBUG:colcon.colcon_core.shell:Skip shell extension 'dsv' for command environment
[1.173s] DEBUG:colcon.colcon_core.event_handler.log_command:Invoking command in '/home/acir/robotdogtalk_ws/build/dog_voice': CMAKE_PREFIX_PATH=${CMAKE_PREFIX_PATH}:/opt/ros/humble CONDA_PROMPT_MODIFIER=(base) /usr/bin/cmake --build /home/acir/robotdogtalk_ws/build/dog_voice -- -j8 -l8
[8.292s] DEBUG:colcon.colcon_core.event_handler.log_command:Invoked command in '/home/acir/robotdogtalk_ws/build/dog_voice' returned '0': CMAKE_PREFIX_PATH=${CMAKE_PREFIX_PATH}:/opt/ros/humble CONDA_PROMPT_MODIFIER=(base) /usr/bin/cmake --build /home/acir/robotdogtalk_ws/build/dog_voice -- -j8 -l8
[8.326s] DEBUG:colcon.colcon_core.event_handler.log_command:Invoking command in '/home/acir/robotdogtalk_ws/build/dog_voice': CMAKE_PREFIX_PATH=${CMAKE_PREFIX_PATH}:/opt/ros/humble CONDA_PROMPT_MODIFIER=(base) /usr/bin/cmake --install /home/acir/robotdogtalk_ws/build/dog_voice
[8.337s] Level 1:colcon.colcon_core.environment:create_environment_scripts_only(dog_voice)
[8.338s] DEBUG:colcon.colcon_core.event_handler.log_command:Invoked command in '/home/acir/robotdogtalk_ws/build/dog_voice' returned '0': CMAKE_PREFIX_PATH=${CMAKE_PREFIX_PATH}:/opt/ros/humble CONDA_PROMPT_MODIFIER=(base) /usr/bin/cmake --install /home/acir/robotdogtalk_ws/build/dog_voice
[8.357s] Level 1:colcon.colcon_core.environment:checking '/home/acir/robotdogtalk_ws/install/dog_voice' for CMake module files
[8.358s] Level 1:colcon.colcon_core.environment:checking '/home/acir/robotdogtalk_ws/install/dog_voice' for CMake config files
[8.358s] Level 1:colcon.colcon_core.shell:create_environment_hook('dog_voice', 'cmake_prefix_path')
[8.371s] INFO:colcon.colcon_core.shell:Creating environment hook '/home/acir/robotdogtalk_ws/install/dog_voice/share/dog_voice/hook/cmake_prefix_path.ps1'
[8.372s] INFO:colcon.colcon_core.shell:Creating environment descriptor '/home/acir/robotdogtalk_ws/install/dog_voice/share/dog_voice/hook/cmake_prefix_path.dsv'
[8.372s] INFO:colcon.colcon_core.shell:Creating environment hook '/home/acir/robotdogtalk_ws/install/dog_voice/share/dog_voice/hook/cmake_prefix_path.sh'
[8.373s] Level 1:colcon.colcon_core.environment:checking '/home/acir/robotdogtalk_ws/install/dog_voice/lib'
[8.373s] Level 1:colcon.colcon_core.environment:checking '/home/acir/robotdogtalk_ws/install/dog_voice/bin'
[8.373s] Level 1:colcon.colcon_core.environment:checking '/home/acir/robotdogtalk_ws/install/dog_voice/lib/pkgconfig/dog_voice.pc'
[8.373s] Level 1:colcon.colcon_core.environment:checking '/home/acir/robotdogtalk_ws/install/dog_voice/lib/python3.10/site-packages'
[8.373s] Level 1:colcon.colcon_core.environment:checking '/home/acir/robotdogtalk_ws/install/dog_voice/bin'
[8.388s] INFO:colcon.colcon_core.shell:Creating package script '/home/acir/robotdogtalk_ws/install/dog_voice/share/dog_voice/package.ps1'
[8.389s] INFO:colcon.colcon_core.shell:Creating package descriptor '/home/acir/robotdogtalk_ws/install/dog_voice/share/dog_voice/package.dsv'
[8.389s] INFO:colcon.colcon_core.shell:Creating package script '/home/acir/robotdogtalk_ws/install/dog_voice/share/dog_voice/package.sh'
[8.389s] INFO:colcon.colcon_core.shell:Creating package script '/home/acir/robotdogtalk_ws/install/dog_voice/share/dog_voice/package.bash'
[8.390s] INFO:colcon.colcon_core.shell:Creating package script '/home/acir/robotdogtalk_ws/install/dog_voice/share/dog_voice/package.zsh'
[8.390s] Level 1:colcon.colcon_core.environment:create_file_with_runtime_dependencies(/home/acir/robotdogtalk_ws/install/dog_voice/share/colcon-core/packages/dog_voice)
[8.429s] Level 1:colcon.colcon_core.environment:create_environment_scripts_only(dog_voice)
[8.441s] Level 1:colcon.colcon_core.environment:checking '/home/acir/robotdogtalk_ws/install/dog_voice' for CMake module files
[8.442s] Level 1:colcon.colcon_core.environment:checking '/home/acir/robotdogtalk_ws/install/dog_voice' for CMake config files
[8.442s] Level 1:colcon.colcon_core.shell:create_environment_hook('dog_voice', 'cmake_prefix_path')
[8.454s] INFO:colcon.colcon_core.shell:Creating environment hook '/home/acir/robotdogtalk_ws/install/dog_voice/share/dog_voice/hook/cmake_prefix_path.ps1'
[8.454s] INFO:colcon.colcon_core.shell:Creating environment descriptor '/home/acir/robotdogtalk_ws/install/dog_voice/share/dog_voice/hook/cmake_prefix_path.dsv'
[8.455s] INFO:colcon.colcon_core.shell:Creating environment hook '/home/acir/robotdogtalk_ws/install/dog_voice/share/dog_voice/hook/cmake_prefix_path.sh'
[8.455s] Level 1:colcon.colcon_core.environment:checking '/home/acir/robotdogtalk_ws/install/dog_voice/lib'
[8.455s] Level 1:colcon.colcon_core.environment:checking '/home/acir/robotdogtalk_ws/install/dog_voice/bin'
[8.455s] Level 1:colcon.colcon_core.environment:checking '/home/acir/robotdogtalk_ws/install/dog_voice/lib/pkgconfig/dog_voice.pc'
[8.455s] Level 1:colcon.colcon_core.environment:checking '/home/acir/robotdogtalk_ws/install/dog_voice/lib/python3.10/site-packages'
[8.456s] Level 1:colcon.colcon_core.environment:checking '/home/acir/robotdogtalk_ws/install/dog_voice/bin'
[8.468s] INFO:colcon.colcon_core.shell:Creating package script '/home/acir/robotdogtalk_ws/install/dog_voice/share/dog_voice/package.ps1'
[8.469s] INFO:colcon.colcon_core.shell:Creating package descriptor '/home/acir/robotdogtalk_ws/install/dog_voice/share/dog_voice/package.dsv'
[8.469s] INFO:colcon.colcon_core.shell:Creating package script '/home/acir/robotdogtalk_ws/install/dog_voice/share/dog_voice/package.sh'
[8.469s] INFO:colcon.colcon_core.shell:Creating package script '/home/acir/robotdogtalk_ws/install/dog_voice/share/dog_voice/package.bash'
[8.470s] INFO:colcon.colcon_core.shell:Creating package script '/home/acir/robotdogtalk_ws/install/dog_voice/share/dog_voice/package.zsh'
[8.470s] Level 1:colcon.colcon_core.environment:create_file_with_runtime_dependencies(/home/acir/robotdogtalk_ws/install/dog_voice/share/colcon-core/packages/dog_voice)
[8.470s] DEBUG:colcon.colcon_parallel_executor.executor.parallel:closing loop
[8.470s] DEBUG:colcon.colcon_parallel_executor.executor.parallel:loop closed
[8.470s] DEBUG:colcon.colcon_parallel_executor.executor.parallel:run_until_complete finished with '0'
[8.470s] DEBUG:colcon.colcon_core.event_reactor:joining thread
[8.490s] INFO:colcon.colcon_core.plugin_system:Skipping extension 'colcon_notification.desktop_notification.terminal_notifier': Not used on non-Darwin systems
[8.490s] INFO:colcon.colcon_core.plugin_system:Skipping extension 'colcon_notification.desktop_notification.win32': Not used on non-Windows systems
[8.490s] INFO:colcon.colcon_notification.desktop_notification:Sending desktop notification using 'notify2'
[8.501s] DEBUG:colcon.colcon_core.event_reactor:joined thread
[8.515s] INFO:colcon.colcon_core.shell:Creating prefix script '/home/acir/robotdogtalk_ws/install/local_setup.ps1'
[8.515s] INFO:colcon.colcon_core.shell:Creating prefix util module '/home/acir/robotdogtalk_ws/install/_local_setup_util_ps1.py'
[8.516s] INFO:colcon.colcon_core.shell:Creating prefix chain script '/home/acir/robotdogtalk_ws/install/setup.ps1'
[8.536s] INFO:colcon.colcon_core.shell:Creating prefix script '/home/acir/robotdogtalk_ws/install/local_setup.sh'
[8.536s] INFO:colcon.colcon_core.shell:Creating prefix util module '/home/acir/robotdogtalk_ws/install/_local_setup_util_sh.py'
[8.537s] INFO:colcon.colcon_core.shell:Creating prefix chain script '/home/acir/robotdogtalk_ws/install/setup.sh'
[8.556s] INFO:colcon.colcon_core.shell:Creating prefix script '/home/acir/robotdogtalk_ws/install/local_setup.bash'
[8.557s] INFO:colcon.colcon_core.shell:Creating prefix chain script '/home/acir/robotdogtalk_ws/install/setup.bash'
[8.575s] INFO:colcon.colcon_core.shell:Creating prefix script '/home/acir/robotdogtalk_ws/install/local_setup.zsh'
[8.575s] INFO:colcon.colcon_core.shell:Creating prefix chain script '/home/acir/robotdogtalk_ws/install/setup.zsh'
