-- The C compiler identification is GNU 11.4.0
-- The CXX compiler identification is GNU 11.4.0
-- Detecting C compiler ABI info
-- Detecting C compiler ABI info - done
-- Check for working C compiler: /usr/bin/cc - skipped
-- Detecting C compile features
-- Detecting C compile features - done
-- Detecting CXX compiler ABI info
-- Detecting CXX compiler ABI info - done
-- Check for working CXX compiler: /usr/bin/c++ - skipped
-- Detecting CXX compile features
-- Detecting CXX compile features - done
-- Found ament_cmake: 1.3.6 (/opt/ros/humble/share/ament_cmake/cmake)
-- Found Python3: /usr/bin/python3.10 (found version "3.10.12") found components: Interpreter 
-- Found std_msgs: 4.2.3 (/opt/ros/humble/share/std_msgs/cmake)
-- Found rosidl_generator_c: 3.1.5 (/opt/ros/humble/share/rosidl_generator_c/cmake)
-- Found rosidl_adapter: 3.1.5 (/opt/ros/humble/share/rosidl_adapter/cmake)
-- Found rosidl_generator_cpp: 3.1.5 (/opt/ros/humble/share/rosidl_generator_cpp/cmake)
-- Using all available rosidl_typesupport_c: rosidl_typesupport_fastrtps_c;rosidl_typesupport_introspection_c
-- Using all available rosidl_typesupport_cpp: rosidl_typesupport_fastrtps_cpp;rosidl_typesupport_introspection_cpp
-- Found rclcpp: 16.0.7 (/opt/ros/humble/share/rclcpp/cmake)
-- Found rmw_implementation_cmake: 6.1.1 (/opt/ros/humble/share/rmw_implementation_cmake/cmake)
-- Found rmw_fastrtps_cpp: 6.2.5 (/opt/ros/humble/share/rmw_fastrtps_cpp/cmake)
-- Found OpenSSL: /usr/lib/x86_64-linux-gnu/libcrypto.so (found version "3.0.2")  
-- Found FastRTPS: /opt/ros/humble/include  
-- Using RMW implementation 'rmw_fastrtps_cpp' as default
-- Looking for pthread.h
-- Looking for pthread.h - found
-- Performing Test CMAKE_HAVE_LIBC_PTHREAD
-- Performing Test CMAKE_HAVE_LIBC_PTHREAD - Success
-- Found Threads: TRUE  
-- Found ament_lint_auto: 0.12.9 (/opt/ros/humble/share/ament_lint_auto/cmake)
-- Added test 'cppcheck' to perform static code analysis on C / C++ code
-- Configured cppcheck include dirs: $<BUILD_INTERFACE:/home/acir/robotdogtalk_ws/src/dog_voice/include>
-- Configured cppcheck exclude dirs and/or files: 
-- Added test 'lint_cmake' to check CMake code style
-- Added test 'uncrustify' to check C / C++ code style
-- Configured uncrustify additional arguments: 
-- Added test 'xmllint' to check XML markup files
-- Configuring done
-- Generating done
-- Build files have been written to: /home/acir/robotdogtalk_ws/build/dog_voice
[ 50%] [32mBuilding CXX object CMakeFiles/my_publish.dir/src/my_publish.cpp.o[0m
[100%] [32m[1mLinking CXX executable my_publish[0m
[100%] Built target my_publish
-- Install configuration: ""
-- Installing: /home/acir/robotdogtalk_ws/install/dog_voice/lib/dog_voice/my_publish
-- Set runtime path of "/home/acir/robotdogtalk_ws/install/dog_voice/lib/dog_voice/my_publish" to ""
-- Installing: /home/acir/robotdogtalk_ws/install/dog_voice/share/ament_index/resource_index/package_run_dependencies/dog_voice
-- Installing: /home/acir/robotdogtalk_ws/install/dog_voice/share/ament_index/resource_index/parent_prefix_path/dog_voice
-- Installing: /home/acir/robotdogtalk_ws/install/dog_voice/share/dog_voice/environment/ament_prefix_path.sh
-- Installing: /home/acir/robotdogtalk_ws/install/dog_voice/share/dog_voice/environment/ament_prefix_path.dsv
-- Installing: /home/acir/robotdogtalk_ws/install/dog_voice/share/dog_voice/environment/path.sh
-- Installing: /home/acir/robotdogtalk_ws/install/dog_voice/share/dog_voice/environment/path.dsv
-- Installing: /home/acir/robotdogtalk_ws/install/dog_voice/share/dog_voice/local_setup.bash
-- Installing: /home/acir/robotdogtalk_ws/install/dog_voice/share/dog_voice/local_setup.sh
-- Installing: /home/acir/robotdogtalk_ws/install/dog_voice/share/dog_voice/local_setup.zsh
-- Installing: /home/acir/robotdogtalk_ws/install/dog_voice/share/dog_voice/local_setup.dsv
-- Installing: /home/acir/robotdogtalk_ws/install/dog_voice/share/dog_voice/package.dsv
-- Installing: /home/acir/robotdogtalk_ws/install/dog_voice/share/ament_index/resource_index/packages/dog_voice
-- Installing: /home/acir/robotdogtalk_ws/install/dog_voice/share/dog_voice/cmake/dog_voiceConfig.cmake
-- Installing: /home/acir/robotdogtalk_ws/install/dog_voice/share/dog_voice/cmake/dog_voiceConfig-version.cmake
-- Installing: /home/acir/robotdogtalk_ws/install/dog_voice/share/dog_voice/package.xml
