[0.050s] Invoking command in '/home/acir/robotdogtalk_ws/build/dog_voice': CMAKE_PREFIX_PATH=/opt/ros/humble CONDA_PROMPT_MODIFIER=(base) /usr/bin/cmake /home/acir/robotdogtalk_ws/src/dog_voice -DCMAKE_INSTALL_PREFIX=/home/acir/robotdogtalk_ws/install/dog_voice
[0.099s] -- The C compiler identification is GNU 11.4.0
[0.146s] -- The CXX compiler identification is GNU 11.4.0
[0.154s] -- Detecting C compiler ABI info
[0.209s] -- Detecting C compiler ABI info - done
[0.214s] -- Check for working C compiler: /usr/bin/cc - skipped
[0.215s] -- Detecting C compile features
[0.215s] -- Detecting C compile features - done
[0.217s] -- Detecting CXX compiler ABI info
[0.283s] -- Detecting CXX compiler ABI info - done
[0.289s] -- Check for working CXX compiler: /usr/bin/c++ - skipped
[0.290s] -- Detecting CXX compile features
[0.290s] -- Detecting CXX compile features - done
[0.291s] -- Found ament_cmake: 1.3.6 (/opt/ros/humble/share/ament_cmake/cmake)
[0.441s] -- Found Python3: /usr/bin/python3.10 (found version "3.10.12") found components: Interpreter 
[0.507s] -- Found std_msgs: 4.2.3 (/opt/ros/humble/share/std_msgs/cmake)
[0.534s] -- Found rosidl_generator_c: 3.1.5 (/opt/ros/humble/share/rosidl_generator_c/cmake)
[0.537s] -- Found rosidl_adapter: 3.1.5 (/opt/ros/humble/share/rosidl_adapter/cmake)
[0.543s] -- Found rosidl_generator_cpp: 3.1.5 (/opt/ros/humble/share/rosidl_generator_cpp/cmake)
[0.555s] -- Using all available rosidl_typesupport_c: rosidl_typesupport_fastrtps_c;rosidl_typesupport_introspection_c
[0.573s] -- Using all available rosidl_typesupport_cpp: rosidl_typesupport_fastrtps_cpp;rosidl_typesupport_introspection_cpp
[0.622s] -- Found rclcpp: 16.0.7 (/opt/ros/humble/share/rclcpp/cmake)
[0.673s] -- Found rmw_implementation_cmake: 6.1.1 (/opt/ros/humble/share/rmw_implementation_cmake/cmake)
[0.675s] -- Found rmw_fastrtps_cpp: 6.2.5 (/opt/ros/humble/share/rmw_fastrtps_cpp/cmake)
[0.761s] -- Found OpenSSL: /usr/lib/x86_64-linux-gnu/libcrypto.so (found version "3.0.2")  
[0.784s] -- Found FastRTPS: /opt/ros/humble/include  
[0.825s] -- Using RMW implementation 'rmw_fastrtps_cpp' as default
[0.834s] -- Looking for pthread.h
[0.894s] -- Looking for pthread.h - found
[0.894s] -- Performing Test CMAKE_HAVE_LIBC_PTHREAD
[0.954s] -- Performing Test CMAKE_HAVE_LIBC_PTHREAD - Success
[0.955s] -- Found Threads: TRUE  
[1.077s] -- Found ament_lint_auto: 0.12.9 (/opt/ros/humble/share/ament_lint_auto/cmake)
[1.134s] -- Added test 'cppcheck' to perform static code analysis on C / C++ code
[1.134s] -- Configured cppcheck include dirs: $<BUILD_INTERFACE:/home/acir/robotdogtalk_ws/src/dog_voice/include>
[1.134s] -- Configured cppcheck exclude dirs and/or files: 
[1.135s] -- Added test 'lint_cmake' to check CMake code style
[1.136s] -- Added test 'uncrustify' to check C / C++ code style
[1.136s] -- Configured uncrustify additional arguments: 
[1.136s] -- Added test 'xmllint' to check XML markup files
[1.137s] -- Configuring done
[1.145s] -- Generating done
[1.146s] -- Build files have been written to: /home/acir/robotdogtalk_ws/build/dog_voice
[1.159s] Invoked command in '/home/acir/robotdogtalk_ws/build/dog_voice' returned '0': CMAKE_PREFIX_PATH=/opt/ros/humble CONDA_PROMPT_MODIFIER=(base) /usr/bin/cmake /home/acir/robotdogtalk_ws/src/dog_voice -DCMAKE_INSTALL_PREFIX=/home/acir/robotdogtalk_ws/install/dog_voice
[1.160s] Invoking command in '/home/acir/robotdogtalk_ws/build/dog_voice': CMAKE_PREFIX_PATH=/opt/ros/humble CONDA_PROMPT_MODIFIER=(base) /usr/bin/cmake --build /home/acir/robotdogtalk_ws/build/dog_voice -- -j8 -l8
[1.199s] [ 50%] [32mBuilding CXX object CMakeFiles/my_publish.dir/src/my_publish.cpp.o[0m
[1.228s] [100%] [32m[1mLinking CXX executable my_publish[0m
[1.289s] [100%] Built target my_publish
[1.300s] Invoked command in '/home/acir/robotdogtalk_ws/build/dog_voice' returned '0': CMAKE_PREFIX_PATH=/opt/ros/humble CONDA_PROMPT_MODIFIER=(base) /usr/bin/cmake --build /home/acir/robotdogtalk_ws/build/dog_voice -- -j8 -l8
[1.326s] Invoking command in '/home/acir/robotdogtalk_ws/build/dog_voice': CMAKE_PREFIX_PATH=/opt/ros/humble CONDA_PROMPT_MODIFIER=(base) /usr/bin/cmake --install /home/acir/robotdogtalk_ws/build/dog_voice
[1.331s] -- Install configuration: ""
[1.331s] -- Installing: /home/acir/robotdogtalk_ws/install/dog_voice/lib/dog_voice/my_publish
[1.332s] -- Set runtime path of "/home/acir/robotdogtalk_ws/install/dog_voice/lib/dog_voice/my_publish" to ""
[1.332s] -- Installing: /home/acir/robotdogtalk_ws/install/dog_voice/share/ament_index/resource_index/package_run_dependencies/dog_voice
[1.332s] -- Installing: /home/acir/robotdogtalk_ws/install/dog_voice/share/ament_index/resource_index/parent_prefix_path/dog_voice
[1.332s] -- Installing: /home/acir/robotdogtalk_ws/install/dog_voice/share/dog_voice/environment/ament_prefix_path.sh
[1.332s] -- Installing: /home/acir/robotdogtalk_ws/install/dog_voice/share/dog_voice/environment/ament_prefix_path.dsv
[1.332s] -- Installing: /home/acir/robotdogtalk_ws/install/dog_voice/share/dog_voice/environment/path.sh
[1.333s] -- Installing: /home/acir/robotdogtalk_ws/install/dog_voice/share/dog_voice/environment/path.dsv
[1.333s] -- Installing: /home/acir/robotdogtalk_ws/install/dog_voice/share/dog_voice/local_setup.bash
[1.333s] -- Installing: /home/acir/robotdogtalk_ws/install/dog_voice/share/dog_voice/local_setup.sh
[1.333s] -- Installing: /home/acir/robotdogtalk_ws/install/dog_voice/share/dog_voice/local_setup.zsh
[1.333s] -- Installing: /home/acir/robotdogtalk_ws/install/dog_voice/share/dog_voice/local_setup.dsv
[1.333s] -- Installing: /home/acir/robotdogtalk_ws/install/dog_voice/share/dog_voice/package.dsv
[1.333s] -- Installing: /home/acir/robotdogtalk_ws/install/dog_voice/share/ament_index/resource_index/packages/dog_voice
[1.333s] -- Installing: /home/acir/robotdogtalk_ws/install/dog_voice/share/dog_voice/cmake/dog_voiceConfig.cmake
[1.333s] -- Installing: /home/acir/robotdogtalk_ws/install/dog_voice/share/dog_voice/cmake/dog_voiceConfig-version.cmake
[1.333s] -- Installing: /home/acir/robotdogtalk_ws/install/dog_voice/share/dog_voice/package.xml
[1.335s] Invoked command in '/home/acir/robotdogtalk_ws/build/dog_voice' returned '0': CMAKE_PREFIX_PATH=/opt/ros/humble CONDA_PROMPT_MODIFIER=(base) /usr/bin/cmake --install /home/acir/robotdogtalk_ws/build/dog_voice
