[0.837s] DEBUG:colcon:Command line arguments: ['/usr/bin/colcon', 'build', '--symlink-install']
[0.837s] DEBUG:colcon:Parsed command line arguments: Namespace(log_base=None, log_level=None, verb_name='build', build_base='build', install_base='install', merge_install=False, symlink_install=True, test_result_base=None, continue_on_error=False, executor='parallel', parallel_workers=8, event_handlers=None, ignore_user_meta=False, metas=['./colcon.meta'], base_paths=['.'], packages_ignore=None, packages_ignore_regex=None, paths=None, packages_up_to=None, packages_up_to_regex=None, packages_above=None, packages_above_and_dependencies=None, packages_above_depth=None, packages_select_by_dep=None, packages_skip_by_dep=None, packages_skip_up_to=None, packages_select_build_failed=False, packages_skip_build_finished=False, packages_select_test_failures=False, packages_skip_test_passed=False, packages_select=None, packages_skip=None, packages_select_regex=None, packages_skip_regex=None, packages_start=None, packages_end=None, allow_overriding=[], cmake_args=None, cmake_target=None, cmake_target_skip_unavailable=False, cmake_clean_cache=False, cmake_clean_first=False, cmake_force_configure=False, ament_cmake_args=None, catkin_cmake_args=None, catkin_skip_building_tests=False, verb_parser=<colcon_defaults.argument_parser.defaults.DefaultArgumentsDecorator object at 0x7f25aca6a3b0>, verb_extension=<colcon_core.verb.build.BuildVerb object at 0x7f25aca5d870>, main=<bound method BuildVerb.main of <colcon_core.verb.build.BuildVerb object at 0x7f25aca5d870>>)
[0.876s] Level 1:colcon.colcon_core.package_discovery:discover_packages(colcon_meta) check parameters
[0.876s] Level 1:colcon.colcon_core.package_discovery:discover_packages(recursive) check parameters
[0.876s] Level 1:colcon.colcon_core.package_discovery:discover_packages(ignore) check parameters
[0.876s] Level 1:colcon.colcon_core.package_discovery:discover_packages(path) check parameters
[0.876s] Level 1:colcon.colcon_core.package_discovery:discover_packages(colcon_meta) discover
[0.876s] Level 1:colcon.colcon_core.package_discovery:discover_packages(recursive) discover
[0.876s] INFO:colcon.colcon_core.package_discovery:Crawling recursively for packages in '/home/acir/robotdog2'
[0.876s] Level 1:colcon.colcon_core.package_identification:_identify(.) by extensions ['ignore', 'ignore_ament_install']
[0.876s] Level 1:colcon.colcon_core.package_identification:_identify(.) by extension 'ignore'
[0.876s] Level 1:colcon.colcon_core.package_identification:_identify(.) by extension 'ignore_ament_install'
[0.876s] Level 1:colcon.colcon_core.package_identification:_identify(.) by extensions ['colcon_pkg']
[0.876s] Level 1:colcon.colcon_core.package_identification:_identify(.) by extension 'colcon_pkg'
[0.876s] Level 1:colcon.colcon_core.package_identification:_identify(.) by extensions ['colcon_meta']
[0.876s] Level 1:colcon.colcon_core.package_identification:_identify(.) by extension 'colcon_meta'
[0.876s] Level 1:colcon.colcon_core.package_identification:_identify(.) by extensions ['ros']
[0.876s] Level 1:colcon.colcon_core.package_identification:_identify(.) by extension 'ros'
[0.886s] DEBUG:colcon.colcon_core.package_identification:Package '.' with type 'ros.ament_cmake' and name 'robotdog2'
[0.886s] Level 1:colcon.colcon_core.package_discovery:discover_packages(recursive) using defaults
[0.886s] Level 1:colcon.colcon_core.package_discovery:discover_packages(ignore) discover
[0.886s] Level 1:colcon.colcon_core.package_discovery:discover_packages(ignore) using defaults
[0.886s] Level 1:colcon.colcon_core.package_discovery:discover_packages(path) discover
[0.886s] Level 1:colcon.colcon_core.package_discovery:discover_packages(path) using defaults
[0.962s] Level 1:colcon.colcon_core.package_discovery:discover_packages(prefix_path) check parameters
[0.962s] Level 1:colcon.colcon_core.package_discovery:discover_packages(prefix_path) discover
[0.987s] DEBUG:colcon.colcon_installed_package_information.package_discovery:Found 2 installed packages in /home/acir/robotdog2/install
[1.000s] DEBUG:colcon.colcon_installed_package_information.package_discovery:Found 270 installed packages in /opt/ros/humble
[1.001s] Level 1:colcon.colcon_core.package_discovery:discover_packages(prefix_path) using defaults
[1.081s] Level 5:colcon.colcon_core.verb:set package 'robotdog2' build argument 'cmake_args' from command line to 'None'
[1.081s] Level 5:colcon.colcon_core.verb:set package 'robotdog2' build argument 'cmake_target' from command line to 'None'
[1.081s] Level 5:colcon.colcon_core.verb:set package 'robotdog2' build argument 'cmake_target_skip_unavailable' from command line to 'False'
[1.081s] Level 5:colcon.colcon_core.verb:set package 'robotdog2' build argument 'cmake_clean_cache' from command line to 'False'
[1.081s] Level 5:colcon.colcon_core.verb:set package 'robotdog2' build argument 'cmake_clean_first' from command line to 'False'
[1.081s] Level 5:colcon.colcon_core.verb:set package 'robotdog2' build argument 'cmake_force_configure' from command line to 'False'
[1.081s] Level 5:colcon.colcon_core.verb:set package 'robotdog2' build argument 'ament_cmake_args' from command line to 'None'
[1.081s] Level 5:colcon.colcon_core.verb:set package 'robotdog2' build argument 'catkin_cmake_args' from command line to 'None'
[1.081s] Level 5:colcon.colcon_core.verb:set package 'robotdog2' build argument 'catkin_skip_building_tests' from command line to 'False'
[1.081s] DEBUG:colcon.colcon_core.verb:Building package 'robotdog2' with the following arguments: {'ament_cmake_args': None, 'build_base': '/home/acir/robotdog2/build/robotdog2', 'catkin_cmake_args': None, 'catkin_skip_building_tests': False, 'cmake_args': None, 'cmake_clean_cache': False, 'cmake_clean_first': False, 'cmake_force_configure': False, 'cmake_target': None, 'cmake_target_skip_unavailable': False, 'install_base': '/home/acir/robotdog2/install/robotdog2', 'merge_install': False, 'path': '/home/acir/robotdog2', 'symlink_install': True, 'test_result_base': None}
[1.093s] INFO:colcon.colcon_core.executor:Executing jobs using 'parallel' executor
[1.106s] DEBUG:colcon.colcon_parallel_executor.executor.parallel:run_until_complete
[1.106s] INFO:colcon.colcon_ros.task.ament_cmake.build:Building ROS package in '/home/acir/robotdog2' with build type 'ament_cmake'
[1.106s] INFO:colcon.colcon_cmake.task.cmake.build:Building CMake package in '/home/acir/robotdog2'
[1.120s] INFO:colcon.colcon_core.plugin_system:Skipping extension 'colcon_core.shell.bat': Not used on non-Windows systems
[1.120s] INFO:colcon.colcon_core.shell:Skip shell extension 'powershell' for command environment: Not usable outside of PowerShell
[1.120s] DEBUG:colcon.colcon_core.shell:Skip shell extension 'dsv' for command environment
[1.163s] DEBUG:colcon.colcon_core.event_handler.log_command:Invoking command in '/home/acir/robotdog2/build/robotdog2': CMAKE_PREFIX_PATH=${CMAKE_PREFIX_PATH}:/opt/ros/humble CONDA_PROMPT_MODIFIER=(base) /usr/bin/cmake /home/acir/robotdog2 -DAMENT_CMAKE_SYMLINK_INSTALL=1 -DCMAKE_INSTALL_PREFIX=/home/acir/robotdog2/install/robotdog2
[1.332s] DEBUG:colcon.colcon_core.event_handler.log_command:Invoked command in '/home/acir/robotdog2/build/robotdog2' returned '0': CMAKE_PREFIX_PATH=${CMAKE_PREFIX_PATH}:/opt/ros/humble CONDA_PROMPT_MODIFIER=(base) /usr/bin/cmake /home/acir/robotdog2 -DAMENT_CMAKE_SYMLINK_INSTALL=1 -DCMAKE_INSTALL_PREFIX=/home/acir/robotdog2/install/robotdog2
[1.334s] DEBUG:colcon.colcon_core.event_handler.log_command:Invoking command in '/home/acir/robotdog2/build/robotdog2': CMAKE_PREFIX_PATH=${CMAKE_PREFIX_PATH}:/opt/ros/humble CONDA_PROMPT_MODIFIER=(base) /usr/bin/cmake --build /home/acir/robotdog2/build/robotdog2 -- -j8 -l8
[1.361s] DEBUG:colcon.colcon_core.event_handler.log_command:Invoked command in '/home/acir/robotdog2/build/robotdog2' returned '0': CMAKE_PREFIX_PATH=${CMAKE_PREFIX_PATH}:/opt/ros/humble CONDA_PROMPT_MODIFIER=(base) /usr/bin/cmake --build /home/acir/robotdog2/build/robotdog2 -- -j8 -l8
[1.386s] DEBUG:colcon.colcon_core.event_handler.log_command:Invoking command in '/home/acir/robotdog2/build/robotdog2': CMAKE_PREFIX_PATH=${CMAKE_PREFIX_PATH}:/opt/ros/humble CONDA_PROMPT_MODIFIER=(base) /usr/bin/cmake --install /home/acir/robotdog2/build/robotdog2
[1.633s] Level 1:colcon.colcon_core.environment:create_environment_scripts_only(robotdog2)
[1.634s] DEBUG:colcon.colcon_core.event_handler.log_command:Invoked command in '/home/acir/robotdog2/build/robotdog2' returned '0': CMAKE_PREFIX_PATH=${CMAKE_PREFIX_PATH}:/opt/ros/humble CONDA_PROMPT_MODIFIER=(base) /usr/bin/cmake --install /home/acir/robotdog2/build/robotdog2
[1.648s] Level 1:colcon.colcon_core.environment:checking '/home/acir/robotdog2/install/robotdog2' for CMake module files
[1.648s] Level 1:colcon.colcon_core.environment:checking '/home/acir/robotdog2/install/robotdog2' for CMake config files
[1.649s] Level 1:colcon.colcon_core.shell:create_environment_hook('robotdog2', 'cmake_prefix_path')
[1.661s] INFO:colcon.colcon_core.shell:Creating environment hook '/home/acir/robotdog2/install/robotdog2/share/robotdog2/hook/cmake_prefix_path.ps1'
[1.661s] INFO:colcon.colcon_core.shell:Creating environment descriptor '/home/acir/robotdog2/install/robotdog2/share/robotdog2/hook/cmake_prefix_path.dsv'
[1.661s] INFO:colcon.colcon_core.shell:Creating environment hook '/home/acir/robotdog2/install/robotdog2/share/robotdog2/hook/cmake_prefix_path.sh'
[1.662s] Level 1:colcon.colcon_core.environment:checking '/home/acir/robotdog2/install/robotdog2/bin'
[1.662s] Level 1:colcon.colcon_core.environment:checking '/home/acir/robotdog2/install/robotdog2/lib/pkgconfig/robotdog2.pc'
[1.662s] Level 1:colcon.colcon_core.environment:checking '/home/acir/robotdog2/install/robotdog2/lib/python3.10/site-packages'
[1.662s] Level 1:colcon.colcon_core.environment:checking '/home/acir/robotdog2/install/robotdog2/bin'
[1.675s] INFO:colcon.colcon_core.shell:Creating package script '/home/acir/robotdog2/install/robotdog2/share/robotdog2/package.ps1'
[1.675s] INFO:colcon.colcon_core.shell:Creating package descriptor '/home/acir/robotdog2/install/robotdog2/share/robotdog2/package.dsv'
[1.676s] INFO:colcon.colcon_core.shell:Creating package script '/home/acir/robotdog2/install/robotdog2/share/robotdog2/package.sh'
[1.676s] INFO:colcon.colcon_core.shell:Creating package script '/home/acir/robotdog2/install/robotdog2/share/robotdog2/package.bash'
[1.677s] INFO:colcon.colcon_core.shell:Creating package script '/home/acir/robotdog2/install/robotdog2/share/robotdog2/package.zsh'
[1.677s] Level 1:colcon.colcon_core.environment:create_file_with_runtime_dependencies(/home/acir/robotdog2/install/robotdog2/share/colcon-core/packages/robotdog2)
[1.709s] Level 1:colcon.colcon_core.environment:create_environment_scripts_only(robotdog2)
[1.722s] Level 1:colcon.colcon_core.environment:checking '/home/acir/robotdog2/install/robotdog2' for CMake module files
[1.722s] Level 1:colcon.colcon_core.environment:checking '/home/acir/robotdog2/install/robotdog2' for CMake config files
[1.722s] Level 1:colcon.colcon_core.shell:create_environment_hook('robotdog2', 'cmake_prefix_path')
[1.735s] INFO:colcon.colcon_core.shell:Creating environment hook '/home/acir/robotdog2/install/robotdog2/share/robotdog2/hook/cmake_prefix_path.ps1'
[1.735s] INFO:colcon.colcon_core.shell:Creating environment descriptor '/home/acir/robotdog2/install/robotdog2/share/robotdog2/hook/cmake_prefix_path.dsv'
[1.735s] INFO:colcon.colcon_core.shell:Creating environment hook '/home/acir/robotdog2/install/robotdog2/share/robotdog2/hook/cmake_prefix_path.sh'
[1.736s] Level 1:colcon.colcon_core.environment:checking '/home/acir/robotdog2/install/robotdog2/bin'
[1.736s] Level 1:colcon.colcon_core.environment:checking '/home/acir/robotdog2/install/robotdog2/lib/pkgconfig/robotdog2.pc'
[1.736s] Level 1:colcon.colcon_core.environment:checking '/home/acir/robotdog2/install/robotdog2/lib/python3.10/site-packages'
[1.736s] Level 1:colcon.colcon_core.environment:checking '/home/acir/robotdog2/install/robotdog2/bin'
[1.748s] INFO:colcon.colcon_core.shell:Creating package script '/home/acir/robotdog2/install/robotdog2/share/robotdog2/package.ps1'
[1.749s] INFO:colcon.colcon_core.shell:Creating package descriptor '/home/acir/robotdog2/install/robotdog2/share/robotdog2/package.dsv'
[1.749s] INFO:colcon.colcon_core.shell:Creating package script '/home/acir/robotdog2/install/robotdog2/share/robotdog2/package.sh'
[1.749s] INFO:colcon.colcon_core.shell:Creating package script '/home/acir/robotdog2/install/robotdog2/share/robotdog2/package.bash'
[1.750s] INFO:colcon.colcon_core.shell:Creating package script '/home/acir/robotdog2/install/robotdog2/share/robotdog2/package.zsh'
[1.750s] Level 1:colcon.colcon_core.environment:create_file_with_runtime_dependencies(/home/acir/robotdog2/install/robotdog2/share/colcon-core/packages/robotdog2)
[1.750s] DEBUG:colcon.colcon_parallel_executor.executor.parallel:closing loop
[1.750s] DEBUG:colcon.colcon_parallel_executor.executor.parallel:loop closed
[1.750s] DEBUG:colcon.colcon_parallel_executor.executor.parallel:run_until_complete finished with '0'
[1.750s] DEBUG:colcon.colcon_core.event_reactor:joining thread
[1.766s] INFO:colcon.colcon_core.plugin_system:Skipping extension 'colcon_notification.desktop_notification.terminal_notifier': Not used on non-Darwin systems
[1.766s] INFO:colcon.colcon_core.plugin_system:Skipping extension 'colcon_notification.desktop_notification.win32': Not used on non-Windows systems
[1.766s] INFO:colcon.colcon_notification.desktop_notification:Sending desktop notification using 'notify2'
[1.775s] DEBUG:colcon.colcon_core.event_reactor:joined thread
[1.787s] INFO:colcon.colcon_core.shell:Creating prefix script '/home/acir/robotdog2/install/local_setup.ps1'
[1.788s] INFO:colcon.colcon_core.shell:Creating prefix util module '/home/acir/robotdog2/install/_local_setup_util_ps1.py'
[1.789s] INFO:colcon.colcon_core.shell:Creating prefix chain script '/home/acir/robotdog2/install/setup.ps1'
[1.802s] INFO:colcon.colcon_core.shell:Creating prefix script '/home/acir/robotdog2/install/local_setup.sh'
[1.802s] INFO:colcon.colcon_core.shell:Creating prefix util module '/home/acir/robotdog2/install/_local_setup_util_sh.py'
[1.802s] INFO:colcon.colcon_core.shell:Creating prefix chain script '/home/acir/robotdog2/install/setup.sh'
[1.815s] INFO:colcon.colcon_core.shell:Creating prefix script '/home/acir/robotdog2/install/local_setup.bash'
[1.816s] INFO:colcon.colcon_core.shell:Creating prefix chain script '/home/acir/robotdog2/install/setup.bash'
[1.828s] INFO:colcon.colcon_core.shell:Creating prefix script '/home/acir/robotdog2/install/local_setup.zsh'
[1.829s] INFO:colcon.colcon_core.shell:Creating prefix chain script '/home/acir/robotdog2/install/setup.zsh'
