[35m[1mConsolidate compiler generated dependencies of target tts_subscribe[0m
[ 16%] [32mBuilding CXX object CMakeFiles/iat_publish.dir/src/iat_publish.cpp.o[0m
[ 33%] [32mBuilding CXX object CMakeFiles/tts_subscribe.dir/src/tts_subscribe.cpp.o[0m
[ 50%] [32m[1mLinking CXX executable tts_subscribe[0m
[ 66%] [32m[1mLinking CXX executable iat_publish[0m
[ 66%] Built target tts_subscribe
[100%] Built target iat_publish
-- Install configuration: ""
-- Up-to-date: /home/acir/robotdogtalk_ws/install/dog_voice/share/ament_index/resource_index/package_run_dependencies/dog_voice
-- Up-to-date: /home/acir/robotdogtalk_ws/install/dog_voice/share/ament_index/resource_index/parent_prefix_path/dog_voice
-- Up-to-date: /home/acir/robotdogtalk_ws/install/dog_voice/share/dog_voice/environment/ament_prefix_path.sh
-- Up-to-date: /home/acir/robotdogtalk_ws/install/dog_voice/share/dog_voice/environment/ament_prefix_path.dsv
-- Up-to-date: /home/acir/robotdogtalk_ws/install/dog_voice/share/dog_voice/environment/path.sh
-- Up-to-date: /home/acir/robotdogtalk_ws/install/dog_voice/share/dog_voice/environment/path.dsv
-- Up-to-date: /home/acir/robotdogtalk_ws/install/dog_voice/share/dog_voice/local_setup.bash
-- Up-to-date: /home/acir/robotdogtalk_ws/install/dog_voice/share/dog_voice/local_setup.sh
-- Up-to-date: /home/acir/robotdogtalk_ws/install/dog_voice/share/dog_voice/local_setup.zsh
-- Up-to-date: /home/acir/robotdogtalk_ws/install/dog_voice/share/dog_voice/local_setup.dsv
-- Installing: /home/acir/robotdogtalk_ws/install/dog_voice/share/dog_voice/package.dsv
-- Up-to-date: /home/acir/robotdogtalk_ws/install/dog_voice/share/ament_index/resource_index/packages/dog_voice
-- Up-to-date: /home/acir/robotdogtalk_ws/install/dog_voice/share/dog_voice/cmake/dog_voiceConfig.cmake
-- Up-to-date: /home/acir/robotdogtalk_ws/install/dog_voice/share/dog_voice/cmake/dog_voiceConfig-version.cmake
-- Up-to-date: /home/acir/robotdogtalk_ws/install/dog_voice/share/dog_voice/package.xml
-- Installing: /home/acir/robotdogtalk_ws/install/dog_voice/lib/dog_voice/iat_publish
-- Set runtime path of "/home/acir/robotdogtalk_ws/install/dog_voice/lib/dog_voice/iat_publish" to ""
-- Installing: /home/acir/robotdogtalk_ws/install/dog_voice/lib/dog_voice/tts_subscribe
-- Set runtime path of "/home/acir/robotdogtalk_ws/install/dog_voice/lib/dog_voice/tts_subscribe" to ""
