running egg_info
creating ../../build/py_pubsub/py_pubsub.egg-info
writing ../../build/py_pubsub/py_pubsub.egg-info/PKG-INFO
writing dependency_links to ../../build/py_pubsub/py_pubsub.egg-info/dependency_links.txt
writing entry points to ../../build/py_pubsub/py_pubsub.egg-info/entry_points.txt
writing requirements to ../../build/py_pubsub/py_pubsub.egg-info/requires.txt
writing top-level names to ../../build/py_pubsub/py_pubsub.egg-info/top_level.txt
writing manifest file '../../build/py_pubsub/py_pubsub.egg-info/SOURCES.txt'
reading manifest file '../../build/py_pubsub/py_pubsub.egg-info/SOURCES.txt'
writing manifest file '../../build/py_pubsub/py_pubsub.egg-info/SOURCES.txt'
running build
running build_py
creating /home/acir/ros2_ws/build/py_pubsub/build
creating /home/acir/ros2_ws/build/py_pubsub/build/lib
creating /home/acir/ros2_ws/build/py_pubsub/build/lib/py_pubsub
copying py_pubsub/__init__.py -> /home/acir/ros2_ws/build/py_pubsub/build/lib/py_pubsub
copying py_pubsub/syh_cv_node.py -> /home/acir/ros2_ws/build/py_pubsub/build/lib/py_pubsub
copying py_pubsub/syh_cv_start.py -> /home/acir/ros2_ws/build/py_pubsub/build/lib/py_pubsub
running install
/usr/lib/python3/dist-packages/setuptools/command/install.py:34: SetuptoolsDeprecationWarning: setup.py install is deprecated. Use build and pip and other standards-based tools.
  warnings.warn(
running install_lib
creating /home/acir/ros2_ws/install/py_pubsub/lib/python3.10/site-packages/py_pubsub
copying /home/acir/ros2_ws/build/py_pubsub/build/lib/py_pubsub/__init__.py -> /home/acir/ros2_ws/install/py_pubsub/lib/python3.10/site-packages/py_pubsub
copying /home/acir/ros2_ws/build/py_pubsub/build/lib/py_pubsub/syh_cv_node.py -> /home/acir/ros2_ws/install/py_pubsub/lib/python3.10/site-packages/py_pubsub
copying /home/acir/ros2_ws/build/py_pubsub/build/lib/py_pubsub/syh_cv_start.py -> /home/acir/ros2_ws/install/py_pubsub/lib/python3.10/site-packages/py_pubsub
byte-compiling /home/acir/ros2_ws/install/py_pubsub/lib/python3.10/site-packages/py_pubsub/__init__.py to __init__.cpython-310.pyc
byte-compiling /home/acir/ros2_ws/install/py_pubsub/lib/python3.10/site-packages/py_pubsub/syh_cv_node.py to syh_cv_node.cpython-310.pyc
byte-compiling /home/acir/ros2_ws/install/py_pubsub/lib/python3.10/site-packages/py_pubsub/syh_cv_start.py to syh_cv_start.cpython-310.pyc
running install_data
creating /home/acir/ros2_ws/install/py_pubsub/share/ament_index
creating /home/acir/ros2_ws/install/py_pubsub/share/ament_index/resource_index
creating /home/acir/ros2_ws/install/py_pubsub/share/ament_index/resource_index/packages
copying resource/py_pubsub -> /home/acir/ros2_ws/install/py_pubsub/share/ament_index/resource_index/packages
copying package.xml -> /home/acir/ros2_ws/install/py_pubsub/share/py_pubsub
running install_egg_info
Copying ../../build/py_pubsub/py_pubsub.egg-info to /home/acir/ros2_ws/install/py_pubsub/lib/python3.10/site-packages/py_pubsub-0.0.0-py3.10.egg-info
running install_scripts
Installing cv_node script to /home/acir/ros2_ws/install/py_pubsub/lib/py_pubsub
Installing cv_start script to /home/acir/ros2_ws/install/py_pubsub/lib/py_pubsub
writing list of installed files to '/home/acir/ros2_ws/build/py_pubsub/install.log'
