[0.855s] DEBUG:colcon:Command line arguments: ['/usr/bin/colcon', 'build']
[0.855s] DEBUG:colcon:Parsed command line arguments: Namespace(log_base=None, log_level=None, verb_name='build', build_base='build', install_base='install', merge_install=False, symlink_install=False, test_result_base=None, continue_on_error=False, executor='parallel', parallel_workers=8, event_handlers=None, ignore_user_meta=False, metas=['./colcon.meta'], base_paths=['.'], packages_ignore=None, packages_ignore_regex=None, paths=None, packages_up_to=None, packages_up_to_regex=None, packages_above=None, packages_above_and_dependencies=None, packages_above_depth=None, packages_select_by_dep=None, packages_skip_by_dep=None, packages_skip_up_to=None, packages_select_build_failed=False, packages_skip_build_finished=False, packages_select_test_failures=False, packages_skip_test_passed=False, packages_select=None, packages_skip=None, packages_select_regex=None, packages_skip_regex=None, packages_start=None, packages_end=None, allow_overriding=[], cmake_args=None, cmake_target=None, cmake_target_skip_unavailable=False, cmake_clean_cache=False, cmake_clean_first=False, cmake_force_configure=False, ament_cmake_args=None, catkin_cmake_args=None, catkin_skip_building_tests=False, verb_parser=<colcon_defaults.argument_parser.defaults.DefaultArgumentsDecorator object at 0x7f93dde576a0>, verb_extension=<colcon_core.verb.build.BuildVerb object at 0x7f93dde4ad70>, main=<bound method BuildVerb.main of <colcon_core.verb.build.BuildVerb object at 0x7f93dde4ad70>>)
[0.894s] Level 1:colcon.colcon_core.package_discovery:discover_packages(colcon_meta) check parameters
[0.894s] Level 1:colcon.colcon_core.package_discovery:discover_packages(recursive) check parameters
[0.894s] Level 1:colcon.colcon_core.package_discovery:discover_packages(ignore) check parameters
[0.894s] Level 1:colcon.colcon_core.package_discovery:discover_packages(path) check parameters
[0.894s] Level 1:colcon.colcon_core.package_discovery:discover_packages(colcon_meta) discover
[0.894s] Level 1:colcon.colcon_core.package_discovery:discover_packages(recursive) discover
[0.894s] INFO:colcon.colcon_core.package_discovery:Crawling recursively for packages in '/home/acir/robotdogtalk_ws'
[0.894s] Level 1:colcon.colcon_core.package_identification:_identify(.) by extensions ['ignore', 'ignore_ament_install']
[0.895s] Level 1:colcon.colcon_core.package_identification:_identify(.) by extension 'ignore'
[0.895s] Level 1:colcon.colcon_core.package_identification:_identify(.) by extension 'ignore_ament_install'
[0.895s] Level 1:colcon.colcon_core.package_identification:_identify(.) by extensions ['colcon_pkg']
[0.895s] Level 1:colcon.colcon_core.package_identification:_identify(.) by extension 'colcon_pkg'
[0.895s] Level 1:colcon.colcon_core.package_identification:_identify(.) by extensions ['colcon_meta']
[0.895s] Level 1:colcon.colcon_core.package_identification:_identify(.) by extension 'colcon_meta'
[0.895s] Level 1:colcon.colcon_core.package_identification:_identify(.) by extensions ['ros']
[0.895s] Level 1:colcon.colcon_core.package_identification:_identify(.) by extension 'ros'
[0.903s] Level 1:colcon.colcon_core.package_identification:_identify(.) by extensions ['cmake', 'python']
[0.903s] Level 1:colcon.colcon_core.package_identification:_identify(.) by extension 'cmake'
[0.903s] Level 1:colcon.colcon_core.package_identification:_identify(.) by extension 'python'
[0.903s] Level 1:colcon.colcon_core.package_identification:_identify(.) by extensions ['python_setup_py']
[0.903s] Level 1:colcon.colcon_core.package_identification:_identify(.) by extension 'python_setup_py'
[0.903s] Level 1:colcon.colcon_core.package_identification:_identify(build) by extensions ['ignore', 'ignore_ament_install']
[0.903s] Level 1:colcon.colcon_core.package_identification:_identify(build) by extension 'ignore'
[0.903s] Level 1:colcon.colcon_core.package_identification:_identify(build) ignored
[0.903s] Level 1:colcon.colcon_core.package_identification:_identify(install) by extensions ['ignore', 'ignore_ament_install']
[0.904s] Level 1:colcon.colcon_core.package_identification:_identify(install) by extension 'ignore'
[0.904s] Level 1:colcon.colcon_core.package_identification:_identify(install) ignored
[0.904s] Level 1:colcon.colcon_core.package_identification:_identify(log) by extensions ['ignore', 'ignore_ament_install']
[0.904s] Level 1:colcon.colcon_core.package_identification:_identify(log) by extension 'ignore'
[0.904s] Level 1:colcon.colcon_core.package_identification:_identify(log) ignored
[0.904s] Level 1:colcon.colcon_core.package_identification:_identify(msc) by extensions ['ignore', 'ignore_ament_install']
[0.904s] Level 1:colcon.colcon_core.package_identification:_identify(msc) by extension 'ignore'
[0.904s] Level 1:colcon.colcon_core.package_identification:_identify(msc) by extension 'ignore_ament_install'
[0.904s] Level 1:colcon.colcon_core.package_identification:_identify(msc) by extensions ['colcon_pkg']
[0.904s] Level 1:colcon.colcon_core.package_identification:_identify(msc) by extension 'colcon_pkg'
[0.904s] Level 1:colcon.colcon_core.package_identification:_identify(msc) by extensions ['colcon_meta']
[0.904s] Level 1:colcon.colcon_core.package_identification:_identify(msc) by extension 'colcon_meta'
[0.904s] Level 1:colcon.colcon_core.package_identification:_identify(msc) by extensions ['ros']
[0.904s] Level 1:colcon.colcon_core.package_identification:_identify(msc) by extension 'ros'
[0.904s] Level 1:colcon.colcon_core.package_identification:_identify(msc) by extensions ['cmake', 'python']
[0.904s] Level 1:colcon.colcon_core.package_identification:_identify(msc) by extension 'cmake'
[0.904s] Level 1:colcon.colcon_core.package_identification:_identify(msc) by extension 'python'
[0.904s] Level 1:colcon.colcon_core.package_identification:_identify(msc) by extensions ['python_setup_py']
[0.904s] Level 1:colcon.colcon_core.package_identification:_identify(msc) by extension 'python_setup_py'
[0.904s] Level 1:colcon.colcon_core.package_identification:_identify(msc/9036795dddd1a32fee50937914f8a00f) by extensions ['ignore', 'ignore_ament_install']
[0.904s] Level 1:colcon.colcon_core.package_identification:_identify(msc/9036795dddd1a32fee50937914f8a00f) by extension 'ignore'
[0.905s] Level 1:colcon.colcon_core.package_identification:_identify(msc/9036795dddd1a32fee50937914f8a00f) by extension 'ignore_ament_install'
[0.905s] Level 1:colcon.colcon_core.package_identification:_identify(msc/9036795dddd1a32fee50937914f8a00f) by extensions ['colcon_pkg']
[0.905s] Level 1:colcon.colcon_core.package_identification:_identify(msc/9036795dddd1a32fee50937914f8a00f) by extension 'colcon_pkg'
[0.905s] Level 1:colcon.colcon_core.package_identification:_identify(msc/9036795dddd1a32fee50937914f8a00f) by extensions ['colcon_meta']
[0.905s] Level 1:colcon.colcon_core.package_identification:_identify(msc/9036795dddd1a32fee50937914f8a00f) by extension 'colcon_meta'
[0.905s] Level 1:colcon.colcon_core.package_identification:_identify(msc/9036795dddd1a32fee50937914f8a00f) by extensions ['ros']
[0.905s] Level 1:colcon.colcon_core.package_identification:_identify(msc/9036795dddd1a32fee50937914f8a00f) by extension 'ros'
[0.905s] Level 1:colcon.colcon_core.package_identification:_identify(msc/9036795dddd1a32fee50937914f8a00f) by extensions ['cmake', 'python']
[0.905s] Level 1:colcon.colcon_core.package_identification:_identify(msc/9036795dddd1a32fee50937914f8a00f) by extension 'cmake'
[0.905s] Level 1:colcon.colcon_core.package_identification:_identify(msc/9036795dddd1a32fee50937914f8a00f) by extension 'python'
[0.905s] Level 1:colcon.colcon_core.package_identification:_identify(msc/9036795dddd1a32fee50937914f8a00f) by extensions ['python_setup_py']
[0.905s] Level 1:colcon.colcon_core.package_identification:_identify(msc/9036795dddd1a32fee50937914f8a00f) by extension 'python_setup_py'
[0.905s] Level 1:colcon.colcon_core.package_identification:_identify(src) by extensions ['ignore', 'ignore_ament_install']
[0.905s] Level 1:colcon.colcon_core.package_identification:_identify(src) by extension 'ignore'
[0.905s] Level 1:colcon.colcon_core.package_identification:_identify(src) by extension 'ignore_ament_install'
[0.905s] Level 1:colcon.colcon_core.package_identification:_identify(src) by extensions ['colcon_pkg']
[0.905s] Level 1:colcon.colcon_core.package_identification:_identify(src) by extension 'colcon_pkg'
[0.905s] Level 1:colcon.colcon_core.package_identification:_identify(src) by extensions ['colcon_meta']
[0.905s] Level 1:colcon.colcon_core.package_identification:_identify(src) by extension 'colcon_meta'
[0.905s] Level 1:colcon.colcon_core.package_identification:_identify(src) by extensions ['ros']
[0.905s] Level 1:colcon.colcon_core.package_identification:_identify(src) by extension 'ros'
[0.905s] Level 1:colcon.colcon_core.package_identification:_identify(src) by extensions ['cmake', 'python']
[0.905s] Level 1:colcon.colcon_core.package_identification:_identify(src) by extension 'cmake'
[0.905s] Level 1:colcon.colcon_core.package_identification:_identify(src) by extension 'python'
[0.905s] Level 1:colcon.colcon_core.package_identification:_identify(src) by extensions ['python_setup_py']
[0.905s] Level 1:colcon.colcon_core.package_identification:_identify(src) by extension 'python_setup_py'
[0.906s] Level 1:colcon.colcon_core.package_identification:_identify(src/dog_voice) by extensions ['ignore', 'ignore_ament_install']
[0.906s] Level 1:colcon.colcon_core.package_identification:_identify(src/dog_voice) by extension 'ignore'
[0.906s] Level 1:colcon.colcon_core.package_identification:_identify(src/dog_voice) by extension 'ignore_ament_install'
[0.906s] Level 1:colcon.colcon_core.package_identification:_identify(src/dog_voice) by extensions ['colcon_pkg']
[0.906s] Level 1:colcon.colcon_core.package_identification:_identify(src/dog_voice) by extension 'colcon_pkg'
[0.906s] Level 1:colcon.colcon_core.package_identification:_identify(src/dog_voice) by extensions ['colcon_meta']
[0.906s] Level 1:colcon.colcon_core.package_identification:_identify(src/dog_voice) by extension 'colcon_meta'
[0.906s] Level 1:colcon.colcon_core.package_identification:_identify(src/dog_voice) by extensions ['ros']
[0.906s] Level 1:colcon.colcon_core.package_identification:_identify(src/dog_voice) by extension 'ros'
[0.908s] DEBUG:colcon.colcon_core.package_identification:Package 'src/dog_voice' with type 'ros.ament_cmake' and name 'dog_voice'
[0.908s] Level 1:colcon.colcon_core.package_discovery:discover_packages(recursive) using defaults
[0.908s] Level 1:colcon.colcon_core.package_discovery:discover_packages(ignore) discover
[0.908s] Level 1:colcon.colcon_core.package_discovery:discover_packages(ignore) using defaults
[0.908s] Level 1:colcon.colcon_core.package_discovery:discover_packages(path) discover
[0.908s] Level 1:colcon.colcon_core.package_discovery:discover_packages(path) using defaults
[0.985s] Level 1:colcon.colcon_core.package_discovery:discover_packages(prefix_path) check parameters
[0.985s] Level 1:colcon.colcon_core.package_discovery:discover_packages(prefix_path) discover
[1.011s] DEBUG:colcon.colcon_installed_package_information.package_discovery:Found 270 installed packages in /opt/ros/humble
[1.012s] Level 1:colcon.colcon_core.package_discovery:discover_packages(prefix_path) using defaults
[1.093s] Level 5:colcon.colcon_core.verb:set package 'dog_voice' build argument 'cmake_args' from command line to 'None'
[1.093s] Level 5:colcon.colcon_core.verb:set package 'dog_voice' build argument 'cmake_target' from command line to 'None'
[1.093s] Level 5:colcon.colcon_core.verb:set package 'dog_voice' build argument 'cmake_target_skip_unavailable' from command line to 'False'
[1.093s] Level 5:colcon.colcon_core.verb:set package 'dog_voice' build argument 'cmake_clean_cache' from command line to 'False'
[1.093s] Level 5:colcon.colcon_core.verb:set package 'dog_voice' build argument 'cmake_clean_first' from command line to 'False'
[1.093s] Level 5:colcon.colcon_core.verb:set package 'dog_voice' build argument 'cmake_force_configure' from command line to 'False'
[1.093s] Level 5:colcon.colcon_core.verb:set package 'dog_voice' build argument 'ament_cmake_args' from command line to 'None'
[1.093s] Level 5:colcon.colcon_core.verb:set package 'dog_voice' build argument 'catkin_cmake_args' from command line to 'None'
[1.093s] Level 5:colcon.colcon_core.verb:set package 'dog_voice' build argument 'catkin_skip_building_tests' from command line to 'False'
[1.093s] DEBUG:colcon.colcon_core.verb:Building package 'dog_voice' with the following arguments: {'ament_cmake_args': None, 'build_base': '/home/acir/robotdogtalk_ws/build/dog_voice', 'catkin_cmake_args': None, 'catkin_skip_building_tests': False, 'cmake_args': None, 'cmake_clean_cache': False, 'cmake_clean_first': False, 'cmake_force_configure': False, 'cmake_target': None, 'cmake_target_skip_unavailable': False, 'install_base': '/home/acir/robotdogtalk_ws/install/dog_voice', 'merge_install': False, 'path': '/home/acir/robotdogtalk_ws/src/dog_voice', 'symlink_install': False, 'test_result_base': None}
[1.106s] INFO:colcon.colcon_core.executor:Executing jobs using 'parallel' executor
[1.119s] DEBUG:colcon.colcon_parallel_executor.executor.parallel:run_until_complete
[1.119s] INFO:colcon.colcon_ros.task.ament_cmake.build:Building ROS package in '/home/acir/robotdogtalk_ws/src/dog_voice' with build type 'ament_cmake'
[1.119s] INFO:colcon.colcon_cmake.task.cmake.build:Building CMake package in '/home/acir/robotdogtalk_ws/src/dog_voice'
[1.133s] INFO:colcon.colcon_core.plugin_system:Skipping extension 'colcon_core.shell.bat': Not used on non-Windows systems
[1.133s] INFO:colcon.colcon_core.shell:Skip shell extension 'powershell' for command environment: Not usable outside of PowerShell
[1.133s] DEBUG:colcon.colcon_core.shell:Skip shell extension 'dsv' for command environment
[1.174s] DEBUG:colcon.colcon_core.event_handler.log_command:Invoking command in '/home/acir/robotdogtalk_ws/build/dog_voice': CMAKE_PREFIX_PATH=/opt/ros/humble CONDA_PROMPT_MODIFIER=(base) /usr/bin/cmake --build /home/acir/robotdogtalk_ws/build/dog_voice -- -j8 -l8
[5.102s] DEBUG:colcon.colcon_core.event_handler.log_command:Invoked command in '/home/acir/robotdogtalk_ws/build/dog_voice' returned '2': CMAKE_PREFIX_PATH=/opt/ros/humble CONDA_PROMPT_MODIFIER=(base) /usr/bin/cmake --build /home/acir/robotdogtalk_ws/build/dog_voice -- -j8 -l8
[5.140s] Level 1:colcon.colcon_core.environment:create_environment_scripts_only(dog_voice)
[5.154s] Level 1:colcon.colcon_core.environment:checking '/home/acir/robotdogtalk_ws/install/dog_voice' for CMake module files
[5.154s] Level 1:colcon.colcon_core.environment:checking '/home/acir/robotdogtalk_ws/install/dog_voice' for CMake config files
[5.155s] Level 1:colcon.colcon_core.shell:create_environment_hook('dog_voice', 'cmake_prefix_path')
[5.169s] INFO:colcon.colcon_core.shell:Creating environment hook '/home/acir/robotdogtalk_ws/install/dog_voice/share/dog_voice/hook/cmake_prefix_path.ps1'
[5.170s] INFO:colcon.colcon_core.shell:Creating environment descriptor '/home/acir/robotdogtalk_ws/install/dog_voice/share/dog_voice/hook/cmake_prefix_path.dsv'
[5.170s] INFO:colcon.colcon_core.shell:Creating environment hook '/home/acir/robotdogtalk_ws/install/dog_voice/share/dog_voice/hook/cmake_prefix_path.sh'
[5.171s] Level 1:colcon.colcon_core.environment:checking '/home/acir/robotdogtalk_ws/install/dog_voice/lib'
[5.172s] Level 1:colcon.colcon_core.environment:checking '/home/acir/robotdogtalk_ws/install/dog_voice/bin'
[5.172s] Level 1:colcon.colcon_core.environment:checking '/home/acir/robotdogtalk_ws/install/dog_voice/lib/pkgconfig/dog_voice.pc'
[5.172s] Level 1:colcon.colcon_core.environment:checking '/home/acir/robotdogtalk_ws/install/dog_voice/lib/python3.10/site-packages'
[5.172s] Level 1:colcon.colcon_core.environment:checking '/home/acir/robotdogtalk_ws/install/dog_voice/bin'
[5.186s] INFO:colcon.colcon_core.shell:Creating package script '/home/acir/robotdogtalk_ws/install/dog_voice/share/dog_voice/package.ps1'
[5.186s] INFO:colcon.colcon_core.shell:Creating package descriptor '/home/acir/robotdogtalk_ws/install/dog_voice/share/dog_voice/package.dsv'
[5.187s] INFO:colcon.colcon_core.shell:Creating package script '/home/acir/robotdogtalk_ws/install/dog_voice/share/dog_voice/package.sh'
[5.187s] INFO:colcon.colcon_core.shell:Creating package script '/home/acir/robotdogtalk_ws/install/dog_voice/share/dog_voice/package.bash'
[5.188s] INFO:colcon.colcon_core.shell:Creating package script '/home/acir/robotdogtalk_ws/install/dog_voice/share/dog_voice/package.zsh'
[5.188s] Level 1:colcon.colcon_core.environment:create_file_with_runtime_dependencies(/home/acir/robotdogtalk_ws/install/dog_voice/share/colcon-core/packages/dog_voice)
[5.199s] DEBUG:colcon.colcon_parallel_executor.executor.parallel:closing loop
[5.199s] DEBUG:colcon.colcon_parallel_executor.executor.parallel:loop closed
[5.199s] DEBUG:colcon.colcon_parallel_executor.executor.parallel:run_until_complete finished with '2'
[5.199s] DEBUG:colcon.colcon_core.event_reactor:joining thread
[5.219s] INFO:colcon.colcon_core.plugin_system:Skipping extension 'colcon_notification.desktop_notification.terminal_notifier': Not used on non-Darwin systems
[5.219s] INFO:colcon.colcon_core.plugin_system:Skipping extension 'colcon_notification.desktop_notification.win32': Not used on non-Windows systems
[5.219s] INFO:colcon.colcon_notification.desktop_notification:Sending desktop notification using 'notify2'
[5.245s] DEBUG:colcon.colcon_core.event_reactor:joined thread
[5.259s] INFO:colcon.colcon_core.shell:Creating prefix script '/home/acir/robotdogtalk_ws/install/local_setup.ps1'
[5.260s] INFO:colcon.colcon_core.shell:Creating prefix util module '/home/acir/robotdogtalk_ws/install/_local_setup_util_ps1.py'
[5.261s] INFO:colcon.colcon_core.shell:Creating prefix chain script '/home/acir/robotdogtalk_ws/install/setup.ps1'
[5.277s] INFO:colcon.colcon_core.shell:Creating prefix script '/home/acir/robotdogtalk_ws/install/local_setup.sh'
[5.277s] INFO:colcon.colcon_core.shell:Creating prefix util module '/home/acir/robotdogtalk_ws/install/_local_setup_util_sh.py'
[5.278s] INFO:colcon.colcon_core.shell:Creating prefix chain script '/home/acir/robotdogtalk_ws/install/setup.sh'
[5.297s] INFO:colcon.colcon_core.shell:Creating prefix script '/home/acir/robotdogtalk_ws/install/local_setup.bash'
[5.297s] INFO:colcon.colcon_core.shell:Creating prefix chain script '/home/acir/robotdogtalk_ws/install/setup.bash'
[5.315s] INFO:colcon.colcon_core.shell:Creating prefix script '/home/acir/robotdogtalk_ws/install/local_setup.zsh'
[5.315s] INFO:colcon.colcon_core.shell:Creating prefix chain script '/home/acir/robotdogtalk_ws/install/setup.zsh'
