[0mWARNING: Target "iat_publish" requests linking to directory "/home/acir/robotdogtalk_ws/src/dog_voice".  Targets may link only to libraries.  CMake is dropping the item.[0m
[0mWARNING: Target "tts_subscribe" requests linking to directory "/home/acir/robotdogtalk_ws/src/dog_voice".  Targets may link only to libraries.  CMake is dropping the item.[0m
[01m[K/home/acir/robotdogtalk_ws/src/dog_voice/src/speech_recognizer.c:13:10:[m[K [01;31m[Kfatal error: [m[Kdog_voice/speech_recognizer.h: æ²¡æœ‰é‚£ä¸ªæ–‡ä»¶æˆ–ç›®å½•
   13 | #include [01;31m[K"dog_voice/speech_recognizer.h"[m[K
      |          [01;31m[K^~~~~~~~~~~~~~~~~~~~~~~~~~~~~~~[m[K
compilation terminated.
[01m[K/home/acir/robotdogtalk_ws/src/dog_voice/src/iat_publish.cpp:9:10:[m[K [01;31m[Kfatal error: [m[Kdog_voice/qisr.h: æ²¡æœ‰é‚£ä¸ªæ–‡ä»¶æˆ–ç›®å½•
    9 | #include [01;31m[K"dog_voice/qisr.h"[m[K
      |          [01;31m[K^~~~~~~~~~~~~~~~~~[m[K
compilation terminated.
gmake[2]: *** [CMakeFiles/iat_publish.dir/build.make:90ï¼šCMakeFiles/iat_publish.dir/src/speech_recognizer.c.o] é”™è¯¯ 1
gmake[2]: *** æ­£åœ¨ç­‰å¾…æœªå®Œæˆçš„ä»»åŠ¡....
gmake[2]: *** [CMakeFiles/iat_publish.dir/build.make:76ï¼šCMakeFiles/iat_publish.dir/src/iat_publish.cpp.o] é”™è¯¯ 1
[01m[K/home/acir/robotdogtalk_ws/src/dog_voice/src/linuxrec.c:16:10:[m[K [01;31m[Kfatal error: [m[Kdog_voice/formats.h: æ²¡æœ‰é‚£ä¸ªæ–‡ä»¶æˆ–ç›®å½•
   16 | #include [01;31m[K"dog_voice/formats.h"[m[K
      |          [01;31m[K^~~~~~~~~~~~~~~~~~~~~[m[K
compilation terminated.
gmake[2]: *** [CMakeFiles/iat_publish.dir/build.make:104ï¼šCMakeFiles/iat_publish.dir/src/linuxrec.c.o] é”™è¯¯ 1
gmake[1]: *** [CMakeFiles/Makefile2:139ï¼šCMakeFiles/iat_publish.dir/all] é”™è¯¯ 2
gmake[1]: *** æ­£åœ¨ç­‰å¾…æœªå®Œæˆçš„ä»»åŠ¡....
[01m[K/home/acir/robotdogtalk_ws/src/dog_voice/src/tts_subscribe.cpp:5:10:[m[K [01;31m[Kfatal error: [m[Kdog_voice/qtts.h: æ²¡æœ‰é‚£ä¸ªæ–‡ä»¶æˆ–ç›®å½•
    5 | #include [01;31m[K"dog_voice/qtts.h"[m[K
      |          [01;31m[K^~~~~~~~~~~~~~~~~~[m[K
compilation terminated.
gmake[2]: *** [CMakeFiles/tts_subscribe.dir/build.make:76ï¼šCMakeFiles/tts_subscribe.dir/src/tts_subscribe.cpp.o] é”™è¯¯ 1
gmake[1]: *** [CMakeFiles/Makefile2:165ï¼šCMakeFiles/tts_subscribe.dir/all] é”™è¯¯ 2
gmake: *** [Makefile:146ï¼šall] é”™è¯¯ 2
