-- Found ament_cmake: 1.3.6 (/opt/ros/humble/share/ament_cmake/cmake)
-- Found rclcpp: 16.0.7 (/opt/ros/humble/share/rclcpp/cmake)
-- Found rosidl_generator_c: 3.1.5 (/opt/ros/humble/share/rosidl_generator_c/cmake)
-- Found rosidl_adapter: 3.1.5 (/opt/ros/humble/share/rosidl_adapter/cmake)
-- Found rosidl_generator_cpp: 3.1.5 (/opt/ros/humble/share/rosidl_generator_cpp/cmake)
-- Using all available rosidl_typesupport_c: rosidl_typesupport_fastrtps_c;rosidl_typesupport_introspection_c
-- Using all available rosidl_typesupport_cpp: rosidl_typesupport_fastrtps_cpp;rosidl_typesupport_introspection_cpp
-- Found rmw_implementation_cmake: 6.1.1 (/opt/ros/humble/share/rmw_implementation_cmake/cmake)
-- Found rmw_fastrtps_cpp: 6.2.5 (/opt/ros/humble/share/rmw_fastrtps_cpp/cmake)
-- Using RMW implementation 'rmw_fastrtps_cpp' as default
-- Found ament_lint_auto: 0.12.9 (/opt/ros/humble/share/ament_lint_auto/cmake)
-- Added test 'cppcheck' to perform static code analysis on C / C++ code
-- Configured cppcheck include dirs: /home/acir/robotdogtalk_ws/src/dog_voice/include
-- Configured cppcheck exclude dirs and/or files: 
-- Added test 'lint_cmake' to check CMake code style
-- Added test 'uncrustify' to check C / C++ code style
-- Configured uncrustify additional arguments: 
-- Added test 'xmllint' to check XML markup files
-- Configuring done
[0mWARNING: Target "iat_publish" requests linking to directory "/home/acir/robotdogtalk_ws/src/dog_voice".  Targets may link only to libraries.  CMake is dropping the item.[0m
[0mWARNING: Target "tts_subscribe" requests linking to directory "/home/acir/robotdogtalk_ws/src/dog_voice".  Targets may link only to libraries.  CMake is dropping the item.[0m
-- Generating done
-- Build files have been written to: /home/acir/robotdogtalk_ws/build/dog_voice
[ 50%] [32mBuilding C object CMakeFiles/iat_publish.dir/src/linuxrec.c.o[0m
[ 50%] [32mBuilding CXX object CMakeFiles/tts_subscribe.dir/src/tts_subscribe.cpp.o[0m
[ 50%] [32mBuilding CXX object CMakeFiles/iat_publish.dir/src/iat_publish.cpp.o[0m
[ 66%] [32mBuilding C object CMakeFiles/iat_publish.dir/src/speech_recognizer.c.o[0m
[01m[K/home/acir/robotdogtalk_ws/src/dog_voice/src/speech_recognizer.c:13:10:[m[K [01;31m[Kfatal error: [m[Kdog_voice/speech_recognizer.h: æ²¡æœ‰é‚£ä¸ªæ–‡ä»¶æˆ–ç›®å½•
   13 | #include [01;31m[K"dog_voice/speech_recognizer.h"[m[K
      |          [01;31m[K^~~~~~~~~~~~~~~~~~~~~~~~~~~~~~~[m[K
compilation terminated.
[01m[K/home/acir/robotdogtalk_ws/src/dog_voice/src/iat_publish.cpp:9:10:[m[K [01;31m[Kfatal error: [m[Kdog_voice/qisr.h: æ²¡æœ‰é‚£ä¸ªæ–‡ä»¶æˆ–ç›®å½•
    9 | #include [01;31m[K"dog_voice/qisr.h"[m[K
      |          [01;31m[K^~~~~~~~~~~~~~~~~~[m[K
compilation terminated.
gmake[2]: *** [CMakeFiles/iat_publish.dir/build.make:90ï¼šCMakeFiles/iat_publish.dir/src/speech_recognizer.c.o] é”™è¯¯ 1
gmake[2]: *** æ­£åœ¨ç­‰å¾…æœªå®Œæˆçš„ä»»åŠ¡....
gmake[2]: *** [CMakeFiles/iat_publish.dir/build.make:76ï¼šCMakeFiles/iat_publish.dir/src/iat_publish.cpp.o] é”™è¯¯ 1
[01m[K/home/acir/robotdogtalk_ws/src/dog_voice/src/linuxrec.c:16:10:[m[K [01;31m[Kfatal error: [m[Kdog_voice/formats.h: æ²¡æœ‰é‚£ä¸ªæ–‡ä»¶æˆ–ç›®å½•
   16 | #include [01;31m[K"dog_voice/formats.h"[m[K
      |          [01;31m[K^~~~~~~~~~~~~~~~~~~~~[m[K
compilation terminated.
gmake[2]: *** [CMakeFiles/iat_publish.dir/build.make:104ï¼šCMakeFiles/iat_publish.dir/src/linuxrec.c.o] é”™è¯¯ 1
gmake[1]: *** [CMakeFiles/Makefile2:139ï¼šCMakeFiles/iat_publish.dir/all] é”™è¯¯ 2
gmake[1]: *** æ­£åœ¨ç­‰å¾…æœªå®Œæˆçš„ä»»åŠ¡....
[01m[K/home/acir/robotdogtalk_ws/src/dog_voice/src/tts_subscribe.cpp:5:10:[m[K [01;31m[Kfatal error: [m[Kdog_voice/qtts.h: æ²¡æœ‰é‚£ä¸ªæ–‡ä»¶æˆ–ç›®å½•
    5 | #include [01;31m[K"dog_voice/qtts.h"[m[K
      |          [01;31m[K^~~~~~~~~~~~~~~~~~[m[K
compilation terminated.
gmake[2]: *** [CMakeFiles/tts_subscribe.dir/build.make:76ï¼šCMakeFiles/tts_subscribe.dir/src/tts_subscribe.cpp.o] é”™è¯¯ 1
gmake[1]: *** [CMakeFiles/Makefile2:165ï¼šCMakeFiles/tts_subscribe.dir/all] é”™è¯¯ 2
gmake: *** [Makefile:146ï¼šall] é”™è¯¯ 2
