[0.044s] Invoking command in '/home/acir/robotdog2/build/robotdog2': CMAKE_PREFIX_PATH=/opt/ros/humble CONDA_PROMPT_MODIFIER=(base) /usr/bin/cmake /home/acir/robotdog2 -DCMAKE_INSTALL_PREFIX=/home/acir/robotdog2/install/robotdog2
[0.083s] -- The C compiler identification is GNU 11.4.0
[0.125s] -- The CXX compiler identification is GNU 11.4.0
[0.131s] -- Detecting C compiler ABI info
[0.182s] -- Detecting C compiler ABI info - done
[0.187s] -- Check for working C compiler: /usr/bin/cc - skipped
[0.188s] -- Detecting C compile features
[0.188s] -- Detecting C compile features - done
[0.190s] -- Detecting CXX compiler ABI info
[0.250s] -- Detecting CXX compiler ABI info - done
[0.256s] -- Check for working CXX compiler: /usr/bin/c++ - skipped
[0.256s] -- Detecting CXX compile features
[0.256s] -- Detecting CXX compile features - done
[0.258s] -- Found ament_cmake: 1.3.6 (/opt/ros/humble/share/ament_cmake/cmake)
[0.397s] -- Found Python3: /usr/bin/python3.10 (found version "3.10.12") found components: Interpreter 
[0.459s] -- Found ament_lint_auto: 0.12.9 (/opt/ros/humble/share/ament_lint_auto/cmake)
[0.506s] -- Configuring done
[0.508s] -- Generating done
[0.509s] -- Build files have been written to: /home/acir/robotdog2/build/robotdog2
[0.513s] Invoked command in '/home/acir/robotdog2/build/robotdog2' returned '0': CMAKE_PREFIX_PATH=/opt/ros/humble CONDA_PROMPT_MODIFIER=(base) /usr/bin/cmake /home/acir/robotdog2 -DCMAKE_INSTALL_PREFIX=/home/acir/robotdog2/install/robotdog2
[0.514s] Invoking command in '/home/acir/robotdog2/build/robotdog2': CMAKE_PREFIX_PATH=/opt/ros/humble CONDA_PROMPT_MODIFIER=(base) /usr/bin/cmake --build /home/acir/robotdog2/build/robotdog2 -- -j8 -l8
[0.541s] Invoked command in '/home/acir/robotdog2/build/robotdog2' returned '0': CMAKE_PREFIX_PATH=/opt/ros/humble CONDA_PROMPT_MODIFIER=(base) /usr/bin/cmake --build /home/acir/robotdog2/build/robotdog2 -- -j8 -l8
[0.565s] Invoking command in '/home/acir/robotdog2/build/robotdog2': CMAKE_PREFIX_PATH=/opt/ros/humble CONDA_PROMPT_MODIFIER=(base) /usr/bin/cmake --install /home/acir/robotdog2/build/robotdog2
[0.570s] -- Install configuration: ""
[0.571s] -- Installing: /home/acir/robotdog2/install/robotdog2/share/robotdog2/images
[0.571s] -- Installing: /home/acir/robotdog2/install/robotdog2/share/robotdog2/images/multipleshapes.png
[0.571s] -- Installing: /home/acir/robotdog2/install/robotdog2/share/robotdog2/images/origins.png
[0.571s] -- Installing: /home/acir/robotdog2/install/robotdog2/share/robotdog2/images/flexible.png
[0.571s] -- Installing: /home/acir/robotdog2/install/robotdog2/share/robotdog2/images/materials.png
[0.571s] -- Installing: /home/acir/robotdog2/install/robotdog2/share/robotdog2/images/myfirst.png
[0.572s] -- Installing: /home/acir/robotdog2/install/robotdog2/share/robotdog2/images/visual.png
[0.572s] -- Installing: /home/acir/robotdog2/install/robotdog2/share/robotdog2/launch
[0.572s] -- Installing: /home/acir/robotdog2/install/robotdog2/share/robotdog2/launch/display.launch.py
[0.572s] -- Installing: /home/acir/robotdog2/install/robotdog2/share/robotdog2/meshes
[0.572s] -- Installing: /home/acir/robotdog2/install/robotdog2/share/robotdog2/meshes/l_finger_tip_color.png
[0.572s] -- Installing: /home/acir/robotdog2/install/robotdog2/share/robotdog2/meshes/l_finger_color.png
[0.572s] -- Installing: /home/acir/robotdog2/install/robotdog2/share/robotdog2/meshes/l_finger.dae
[0.572s] -- Installing: /home/acir/robotdog2/install/robotdog2/share/robotdog2/meshes/l_finger_tip.dae
[0.572s] -- Installing: /home/acir/robotdog2/install/robotdog2/share/robotdog2/rviz
[0.573s] -- Installing: /home/acir/robotdog2/install/robotdog2/share/robotdog2/rviz/urdf.rviz
[0.573s] -- Installing: /home/acir/robotdog2/install/robotdog2/share/robotdog2/urdf
[0.573s] -- Installing: /home/acir/robotdog2/install/robotdog2/share/robotdog2/urdf/08-macroed.urdf.xacro
[0.573s] -- Installing: /home/acir/robotdog2/install/robotdog2/share/robotdog2/urdf/07-physics.urdf
[0.573s] -- Installing: /home/acir/robotdog2/install/robotdog2/share/robotdog2/urdf/05-visual.urdf
[0.573s] -- Installing: /home/acir/robotdog2/install/robotdog2/share/robotdog2/urdf/03-origins.urdf
[0.573s] -- Installing: /home/acir/robotdog2/install/robotdog2/share/robotdog2/urdf/06-flexible.urdf
[0.573s] -- Installing: /home/acir/robotdog2/install/robotdog2/share/robotdog2/urdf/01-myfirst.urdf
[0.573s] -- Installing: /home/acir/robotdog2/install/robotdog2/share/robotdog2/urdf/robotdog.urdf
[0.573s] -- Installing: /home/acir/robotdog2/install/robotdog2/share/robotdog2/urdf/04-materials.urdf
[0.573s] -- Installing: /home/acir/robotdog2/install/robotdog2/share/robotdog2/urdf/02-multipleshapes.urdf
[0.574s] -- Installing: /home/acir/robotdog2/install/robotdog2/share/ament_index/resource_index/package_run_dependencies/robotdog2
[0.574s] -- Installing: /home/acir/robotdog2/install/robotdog2/share/ament_index/resource_index/parent_prefix_path/robotdog2
[0.574s] -- Installing: /home/acir/robotdog2/install/robotdog2/share/robotdog2/environment/ament_prefix_path.sh
[0.574s] -- Installing: /home/acir/robotdog2/install/robotdog2/share/robotdog2/environment/ament_prefix_path.dsv
[0.574s] -- Installing: /home/acir/robotdog2/install/robotdog2/share/robotdog2/environment/path.sh
[0.574s] -- Installing: /home/acir/robotdog2/install/robotdog2/share/robotdog2/environment/path.dsv
[0.574s] -- Installing: /home/acir/robotdog2/install/robotdog2/share/robotdog2/local_setup.bash
[0.575s] -- Installing: /home/acir/robotdog2/install/robotdog2/share/robotdog2/local_setup.sh
[0.575s] -- Installing: /home/acir/robotdog2/install/robotdog2/share/robotdog2/local_setup.zsh
[0.575s] -- Installing: /home/acir/robotdog2/install/robotdog2/share/robotdog2/local_setup.dsv
[0.575s] -- Installing: /home/acir/robotdog2/install/robotdog2/share/robotdog2/package.dsv
[0.575s] -- Installing: /home/acir/robotdog2/install/robotdog2/share/ament_index/resource_index/packages/robotdog2
[0.575s] -- Installing: /home/acir/robotdog2/install/robotdog2/share/robotdog2/cmake/robotdog2Config.cmake
[0.575s] -- Installing: /home/acir/robotdog2/install/robotdog2/share/robotdog2/cmake/robotdog2Config-version.cmake
[0.575s] -- Installing: /home/acir/robotdog2/install/robotdog2/share/robotdog2/package.xml
[0.577s] Invoked command in '/home/acir/robotdog2/build/robotdog2' returned '0': CMAKE_PREFIX_PATH=/opt/ros/humble CONDA_PROMPT_MODIFIER=(base) /usr/bin/cmake --install /home/acir/robotdog2/build/robotdog2
