-- Install configuration: ""
-- Execute custom install script
-- Symlinking: /home/acir/robotdog2/install/robotdog2/share/robotdog2/images/flexible.png
-- Symlinking: /home/acir/robotdog2/install/robotdog2/share/robotdog2/images/materials.png
-- Symlinking: /home/acir/robotdog2/install/robotdog2/share/robotdog2/images/multipleshapes.png
-- Symlinking: /home/acir/robotdog2/install/robotdog2/share/robotdog2/images/myfirst.png
-- Symlinking: /home/acir/robotdog2/install/robotdog2/share/robotdog2/images/origins.png
-- Symlinking: /home/acir/robotdog2/install/robotdog2/share/robotdog2/images/visual.png
-- Symlinking: /home/acir/robotdog2/install/robotdog2/share/robotdog2/launch/display.launch.py
-- Symlinking: /home/acir/robotdog2/install/robotdog2/share/robotdog2/meshes/l_finger.dae
-- Symlinking: /home/acir/robotdog2/install/robotdog2/share/robotdog2/meshes/l_finger_color.png
-- Symlinking: /home/acir/robotdog2/install/robotdog2/share/robotdog2/meshes/l_finger_tip.dae
-- Symlinking: /home/acir/robotdog2/install/robotdog2/share/robotdog2/meshes/l_finger_tip_color.png
-- Symlinking: /home/acir/robotdog2/install/robotdog2/share/robotdog2/rviz/urdf.rviz
-- Symlinking: /home/acir/robotdog2/install/robotdog2/share/robotdog2/urdf/robotdog.urdf
-- Symlinking: /home/acir/robotdog2/install/robotdog2/share/ament_index/resource_index/package_run_dependencies/robotdog2
-- Symlinking: /home/acir/robotdog2/install/robotdog2/share/ament_index/resource_index/parent_prefix_path/robotdog2
-- Symlinking: /home/acir/robotdog2/install/robotdog2/share/robotdog2/environment/ament_prefix_path.sh
-- Symlinking: /home/acir/robotdog2/install/robotdog2/share/robotdog2/environment/ament_prefix_path.dsv
-- Symlinking: /home/acir/robotdog2/install/robotdog2/share/robotdog2/environment/path.sh
-- Symlinking: /home/acir/robotdog2/install/robotdog2/share/robotdog2/environment/path.dsv
-- Symlinking: /home/acir/robotdog2/install/robotdog2/share/robotdog2/local_setup.bash
-- Symlinking: /home/acir/robotdog2/install/robotdog2/share/robotdog2/local_setup.sh
-- Symlinking: /home/acir/robotdog2/install/robotdog2/share/robotdog2/local_setup.zsh
-- Symlinking: /home/acir/robotdog2/install/robotdog2/share/robotdog2/local_setup.dsv
-- Symlinking: /home/acir/robotdog2/install/robotdog2/share/robotdog2/package.dsv
-- Symlinking: /home/acir/robotdog2/install/robotdog2/share/ament_index/resource_index/packages/robotdog2
-- Symlinking: /home/acir/robotdog2/install/robotdog2/share/robotdog2/cmake/robotdog2Config.cmake
-- Symlinking: /home/acir/robotdog2/install/robotdog2/share/robotdog2/cmake/robotdog2Config-version.cmake
-- Symlinking: /home/acir/robotdog2/install/robotdog2/share/robotdog2/package.xml
