[0.865s] DEBUG:colcon:Command line arguments: ['/usr/bin/colcon', 'build']
[0.865s] DEBUG:colcon:Parsed command line arguments: Namespace(log_base=None, log_level=None, verb_name='build', build_base='build', install_base='install', merge_install=False, symlink_install=False, test_result_base=None, continue_on_error=False, executor='parallel', parallel_workers=8, event_handlers=None, ignore_user_meta=False, metas=['./colcon.meta'], base_paths=['.'], packages_ignore=None, packages_ignore_regex=None, paths=None, packages_up_to=None, packages_up_to_regex=None, packages_above=None, packages_above_and_dependencies=None, packages_above_depth=None, packages_select_by_dep=None, packages_skip_by_dep=None, packages_skip_up_to=None, packages_select_build_failed=False, packages_skip_build_finished=False, packages_select_test_failures=False, packages_skip_test_passed=False, packages_select=None, packages_skip=None, packages_select_regex=None, packages_skip_regex=None, packages_start=None, packages_end=None, allow_overriding=[], cmake_args=None, cmake_target=None, cmake_target_skip_unavailable=False, cmake_clean_cache=False, cmake_clean_first=False, cmake_force_configure=False, ament_cmake_args=None, catkin_cmake_args=None, catkin_skip_building_tests=False, verb_parser=<colcon_defaults.argument_parser.defaults.DefaultArgumentsDecorator object at 0x7f00dcd63910>, verb_extension=<colcon_core.verb.build.BuildVerb object at 0x7f00dcd63eb0>, main=<bound method BuildVerb.main of <colcon_core.verb.build.BuildVerb object at 0x7f00dcd63eb0>>)
[0.907s] Level 1:colcon.colcon_core.package_discovery:discover_packages(colcon_meta) check parameters
[0.907s] Level 1:colcon.colcon_core.package_discovery:discover_packages(recursive) check parameters
[0.907s] Level 1:colcon.colcon_core.package_discovery:discover_packages(ignore) check parameters
[0.907s] Level 1:colcon.colcon_core.package_discovery:discover_packages(path) check parameters
[0.908s] Level 1:colcon.colcon_core.package_discovery:discover_packages(colcon_meta) discover
[0.908s] Level 1:colcon.colcon_core.package_discovery:discover_packages(recursive) discover
[0.908s] INFO:colcon.colcon_core.package_discovery:Crawling recursively for packages in '/home/acir/robotdogtalk_ws'
[0.908s] Level 1:colcon.colcon_core.package_identification:_identify(.) by extensions ['ignore', 'ignore_ament_install']
[0.908s] Level 1:colcon.colcon_core.package_identification:_identify(.) by extension 'ignore'
[0.908s] Level 1:colcon.colcon_core.package_identification:_identify(.) by extension 'ignore_ament_install'
[0.908s] Level 1:colcon.colcon_core.package_identification:_identify(.) by extensions ['colcon_pkg']
[0.908s] Level 1:colcon.colcon_core.package_identification:_identify(.) by extension 'colcon_pkg'
[0.908s] Level 1:colcon.colcon_core.package_identification:_identify(.) by extensions ['colcon_meta']
[0.908s] Level 1:colcon.colcon_core.package_identification:_identify(.) by extension 'colcon_meta'
[0.908s] Level 1:colcon.colcon_core.package_identification:_identify(.) by extensions ['ros']
[0.908s] Level 1:colcon.colcon_core.package_identification:_identify(.) by extension 'ros'
[0.916s] Level 1:colcon.colcon_core.package_identification:_identify(.) by extensions ['cmake', 'python']
[0.916s] Level 1:colcon.colcon_core.package_identification:_identify(.) by extension 'cmake'
[0.916s] Level 1:colcon.colcon_core.package_identification:_identify(.) by extension 'python'
[0.916s] Level 1:colcon.colcon_core.package_identification:_identify(.) by extensions ['python_setup_py']
[0.916s] Level 1:colcon.colcon_core.package_identification:_identify(.) by extension 'python_setup_py'
[0.917s] Level 1:colcon.colcon_core.package_identification:_identify(build) by extensions ['ignore', 'ignore_ament_install']
[0.917s] Level 1:colcon.colcon_core.package_identification:_identify(build) by extension 'ignore'
[0.917s] Level 1:colcon.colcon_core.package_identification:_identify(build) ignored
[0.917s] Level 1:colcon.colcon_core.package_identification:_identify(install) by extensions ['ignore', 'ignore_ament_install']
[0.917s] Level 1:colcon.colcon_core.package_identification:_identify(install) by extension 'ignore'
[0.917s] Level 1:colcon.colcon_core.package_identification:_identify(install) ignored
[0.917s] Level 1:colcon.colcon_core.package_identification:_identify(log) by extensions ['ignore', 'ignore_ament_install']
[0.917s] Level 1:colcon.colcon_core.package_identification:_identify(log) by extension 'ignore'
[0.917s] Level 1:colcon.colcon_core.package_identification:_identify(log) ignored
[0.917s] Level 1:colcon.colcon_core.package_identification:_identify(msc) by extensions ['ignore', 'ignore_ament_install']
[0.917s] Level 1:colcon.colcon_core.package_identification:_identify(msc) by extension 'ignore'
[0.917s] Level 1:colcon.colcon_core.package_identification:_identify(msc) by extension 'ignore_ament_install'
[0.917s] Level 1:colcon.colcon_core.package_identification:_identify(msc) by extensions ['colcon_pkg']
[0.917s] Level 1:colcon.colcon_core.package_identification:_identify(msc) by extension 'colcon_pkg'
[0.917s] Level 1:colcon.colcon_core.package_identification:_identify(msc) by extensions ['colcon_meta']
[0.917s] Level 1:colcon.colcon_core.package_identification:_identify(msc) by extension 'colcon_meta'
[0.917s] Level 1:colcon.colcon_core.package_identification:_identify(msc) by extensions ['ros']
[0.917s] Level 1:colcon.colcon_core.package_identification:_identify(msc) by extension 'ros'
[0.917s] Level 1:colcon.colcon_core.package_identification:_identify(msc) by extensions ['cmake', 'python']
[0.917s] Level 1:colcon.colcon_core.package_identification:_identify(msc) by extension 'cmake'
[0.918s] Level 1:colcon.colcon_core.package_identification:_identify(msc) by extension 'python'
[0.918s] Level 1:colcon.colcon_core.package_identification:_identify(msc) by extensions ['python_setup_py']
[0.918s] Level 1:colcon.colcon_core.package_identification:_identify(msc) by extension 'python_setup_py'
[0.918s] Level 1:colcon.colcon_core.package_identification:_identify(msc/9036795dddd1a32fee50937914f8a00f) by extensions ['ignore', 'ignore_ament_install']
[0.918s] Level 1:colcon.colcon_core.package_identification:_identify(msc/9036795dddd1a32fee50937914f8a00f) by extension 'ignore'
[0.918s] Level 1:colcon.colcon_core.package_identification:_identify(msc/9036795dddd1a32fee50937914f8a00f) by extension 'ignore_ament_install'
[0.918s] Level 1:colcon.colcon_core.package_identification:_identify(msc/9036795dddd1a32fee50937914f8a00f) by extensions ['colcon_pkg']
[0.918s] Level 1:colcon.colcon_core.package_identification:_identify(msc/9036795dddd1a32fee50937914f8a00f) by extension 'colcon_pkg'
[0.918s] Level 1:colcon.colcon_core.package_identification:_identify(msc/9036795dddd1a32fee50937914f8a00f) by extensions ['colcon_meta']
[0.918s] Level 1:colcon.colcon_core.package_identification:_identify(msc/9036795dddd1a32fee50937914f8a00f) by extension 'colcon_meta'
[0.918s] Level 1:colcon.colcon_core.package_identification:_identify(msc/9036795dddd1a32fee50937914f8a00f) by extensions ['ros']
[0.918s] Level 1:colcon.colcon_core.package_identification:_identify(msc/9036795dddd1a32fee50937914f8a00f) by extension 'ros'
[0.918s] Level 1:colcon.colcon_core.package_identification:_identify(msc/9036795dddd1a32fee50937914f8a00f) by extensions ['cmake', 'python']
[0.918s] Level 1:colcon.colcon_core.package_identification:_identify(msc/9036795dddd1a32fee50937914f8a00f) by extension 'cmake'
[0.918s] Level 1:colcon.colcon_core.package_identification:_identify(msc/9036795dddd1a32fee50937914f8a00f) by extension 'python'
[0.918s] Level 1:colcon.colcon_core.package_identification:_identify(msc/9036795dddd1a32fee50937914f8a00f) by extensions ['python_setup_py']
[0.918s] Level 1:colcon.colcon_core.package_identification:_identify(msc/9036795dddd1a32fee50937914f8a00f) by extension 'python_setup_py'
[0.918s] Level 1:colcon.colcon_core.package_identification:_identify(src) by extensions ['ignore', 'ignore_ament_install']
[0.918s] Level 1:colcon.colcon_core.package_identification:_identify(src) by extension 'ignore'
[0.918s] Level 1:colcon.colcon_core.package_identification:_identify(src) by extension 'ignore_ament_install'
[0.918s] Level 1:colcon.colcon_core.package_identification:_identify(src) by extensions ['colcon_pkg']
[0.918s] Level 1:colcon.colcon_core.package_identification:_identify(src) by extension 'colcon_pkg'
[0.918s] Level 1:colcon.colcon_core.package_identification:_identify(src) by extensions ['colcon_meta']
[0.918s] Level 1:colcon.colcon_core.package_identification:_identify(src) by extension 'colcon_meta'
[0.918s] Level 1:colcon.colcon_core.package_identification:_identify(src) by extensions ['ros']
[0.919s] Level 1:colcon.colcon_core.package_identification:_identify(src) by extension 'ros'
[0.919s] Level 1:colcon.colcon_core.package_identification:_identify(src) by extensions ['cmake', 'python']
[0.919s] Level 1:colcon.colcon_core.package_identification:_identify(src) by extension 'cmake'
[0.919s] Level 1:colcon.colcon_core.package_identification:_identify(src) by extension 'python'
[0.919s] Level 1:colcon.colcon_core.package_identification:_identify(src) by extensions ['python_setup_py']
[0.919s] Level 1:colcon.colcon_core.package_identification:_identify(src) by extension 'python_setup_py'
[0.919s] Level 1:colcon.colcon_core.package_identification:_identify(src/dog_voice) by extensions ['ignore', 'ignore_ament_install']
[0.919s] Level 1:colcon.colcon_core.package_identification:_identify(src/dog_voice) by extension 'ignore'
[0.919s] Level 1:colcon.colcon_core.package_identification:_identify(src/dog_voice) by extension 'ignore_ament_install'
[0.919s] Level 1:colcon.colcon_core.package_identification:_identify(src/dog_voice) by extensions ['colcon_pkg']
[0.919s] Level 1:colcon.colcon_core.package_identification:_identify(src/dog_voice) by extension 'colcon_pkg'
[0.919s] Level 1:colcon.colcon_core.package_identification:_identify(src/dog_voice) by extensions ['colcon_meta']
[0.919s] Level 1:colcon.colcon_core.package_identification:_identify(src/dog_voice) by extension 'colcon_meta'
[0.919s] Level 1:colcon.colcon_core.package_identification:_identify(src/dog_voice) by extensions ['ros']
[0.919s] Level 1:colcon.colcon_core.package_identification:_identify(src/dog_voice) by extension 'ros'
[0.921s] DEBUG:colcon.colcon_core.package_identification:Package 'src/dog_voice' with type 'ros.ament_cmake' and name 'dog_voice'
[0.921s] Level 1:colcon.colcon_core.package_discovery:discover_packages(recursive) using defaults
[0.921s] Level 1:colcon.colcon_core.package_discovery:discover_packages(ignore) discover
[0.921s] Level 1:colcon.colcon_core.package_discovery:discover_packages(ignore) using defaults
[0.921s] Level 1:colcon.colcon_core.package_discovery:discover_packages(path) discover
[0.921s] Level 1:colcon.colcon_core.package_discovery:discover_packages(path) using defaults
[1.000s] Level 1:colcon.colcon_core.package_discovery:discover_packages(prefix_path) check parameters
[1.000s] Level 1:colcon.colcon_core.package_discovery:discover_packages(prefix_path) discover
[1.026s] DEBUG:colcon.colcon_installed_package_information.package_discovery:Found 270 installed packages in /opt/ros/humble
[1.027s] Level 1:colcon.colcon_core.package_discovery:discover_packages(prefix_path) using defaults
[1.108s] Level 5:colcon.colcon_core.verb:set package 'dog_voice' build argument 'cmake_args' from command line to 'None'
[1.108s] Level 5:colcon.colcon_core.verb:set package 'dog_voice' build argument 'cmake_target' from command line to 'None'
[1.108s] Level 5:colcon.colcon_core.verb:set package 'dog_voice' build argument 'cmake_target_skip_unavailable' from command line to 'False'
[1.108s] Level 5:colcon.colcon_core.verb:set package 'dog_voice' build argument 'cmake_clean_cache' from command line to 'False'
[1.108s] Level 5:colcon.colcon_core.verb:set package 'dog_voice' build argument 'cmake_clean_first' from command line to 'False'
[1.108s] Level 5:colcon.colcon_core.verb:set package 'dog_voice' build argument 'cmake_force_configure' from command line to 'False'
[1.108s] Level 5:colcon.colcon_core.verb:set package 'dog_voice' build argument 'ament_cmake_args' from command line to 'None'
[1.108s] Level 5:colcon.colcon_core.verb:set package 'dog_voice' build argument 'catkin_cmake_args' from command line to 'None'
[1.108s] Level 5:colcon.colcon_core.verb:set package 'dog_voice' build argument 'catkin_skip_building_tests' from command line to 'False'
[1.108s] DEBUG:colcon.colcon_core.verb:Building package 'dog_voice' with the following arguments: {'ament_cmake_args': None, 'build_base': '/home/acir/robotdogtalk_ws/build/dog_voice', 'catkin_cmake_args': None, 'catkin_skip_building_tests': False, 'cmake_args': None, 'cmake_clean_cache': False, 'cmake_clean_first': False, 'cmake_force_configure': False, 'cmake_target': None, 'cmake_target_skip_unavailable': False, 'install_base': '/home/acir/robotdogtalk_ws/install/dog_voice', 'merge_install': False, 'path': '/home/acir/robotdogtalk_ws/src/dog_voice', 'symlink_install': False, 'test_result_base': None}
[1.121s] INFO:colcon.colcon_core.executor:Executing jobs using 'parallel' executor
[1.134s] DEBUG:colcon.colcon_parallel_executor.executor.parallel:run_until_complete
[1.135s] INFO:colcon.colcon_ros.task.ament_cmake.build:Building ROS package in '/home/acir/robotdogtalk_ws/src/dog_voice' with build type 'ament_cmake'
[1.135s] INFO:colcon.colcon_cmake.task.cmake.build:Building CMake package in '/home/acir/robotdogtalk_ws/src/dog_voice'
[1.149s] INFO:colcon.colcon_core.plugin_system:Skipping extension 'colcon_core.shell.bat': Not used on non-Windows systems
[1.149s] INFO:colcon.colcon_core.shell:Skip shell extension 'powershell' for command environment: Not usable outside of PowerShell
[1.149s] DEBUG:colcon.colcon_core.shell:Skip shell extension 'dsv' for command environment
[1.184s] DEBUG:colcon.colcon_core.event_handler.log_command:Invoking command in '/home/acir/robotdogtalk_ws/build/dog_voice': CMAKE_PREFIX_PATH=/opt/ros/humble CONDA_PROMPT_MODIFIER=(base) /usr/bin/cmake --build /home/acir/robotdogtalk_ws/build/dog_voice -- -j8 -l8
[7.900s] DEBUG:colcon.colcon_core.event_handler.log_command:Invoked command in '/home/acir/robotdogtalk_ws/build/dog_voice' returned '0': CMAKE_PREFIX_PATH=/opt/ros/humble CONDA_PROMPT_MODIFIER=(base) /usr/bin/cmake --build /home/acir/robotdogtalk_ws/build/dog_voice -- -j8 -l8
[7.932s] DEBUG:colcon.colcon_core.event_handler.log_command:Invoking command in '/home/acir/robotdogtalk_ws/build/dog_voice': CMAKE_PREFIX_PATH=/opt/ros/humble CONDA_PROMPT_MODIFIER=(base) /usr/bin/cmake --install /home/acir/robotdogtalk_ws/build/dog_voice
[7.943s] Level 1:colcon.colcon_core.environment:create_environment_scripts_only(dog_voice)
[7.943s] DEBUG:colcon.colcon_core.event_handler.log_command:Invoked command in '/home/acir/robotdogtalk_ws/build/dog_voice' returned '0': CMAKE_PREFIX_PATH=/opt/ros/humble CONDA_PROMPT_MODIFIER=(base) /usr/bin/cmake --install /home/acir/robotdogtalk_ws/build/dog_voice
[7.957s] Level 1:colcon.colcon_core.environment:checking '/home/acir/robotdogtalk_ws/install/dog_voice' for CMake module files
[7.958s] Level 1:colcon.colcon_core.environment:checking '/home/acir/robotdogtalk_ws/install/dog_voice' for CMake config files
[7.958s] Level 1:colcon.colcon_core.shell:create_environment_hook('dog_voice', 'cmake_prefix_path')
[7.972s] INFO:colcon.colcon_core.shell:Creating environment hook '/home/acir/robotdogtalk_ws/install/dog_voice/share/dog_voice/hook/cmake_prefix_path.ps1'
[7.972s] INFO:colcon.colcon_core.shell:Creating environment descriptor '/home/acir/robotdogtalk_ws/install/dog_voice/share/dog_voice/hook/cmake_prefix_path.dsv'
[7.972s] INFO:colcon.colcon_core.shell:Creating environment hook '/home/acir/robotdogtalk_ws/install/dog_voice/share/dog_voice/hook/cmake_prefix_path.sh'
[7.973s] Level 1:colcon.colcon_core.environment:checking '/home/acir/robotdogtalk_ws/install/dog_voice/lib'
[7.973s] Level 1:colcon.colcon_core.environment:checking '/home/acir/robotdogtalk_ws/install/dog_voice/bin'
[7.973s] Level 1:colcon.colcon_core.environment:checking '/home/acir/robotdogtalk_ws/install/dog_voice/lib/pkgconfig/dog_voice.pc'
[7.973s] Level 1:colcon.colcon_core.environment:checking '/home/acir/robotdogtalk_ws/install/dog_voice/lib/python3.10/site-packages'
[7.974s] Level 1:colcon.colcon_core.environment:checking '/home/acir/robotdogtalk_ws/install/dog_voice/bin'
[7.987s] INFO:colcon.colcon_core.shell:Creating package script '/home/acir/robotdogtalk_ws/install/dog_voice/share/dog_voice/package.ps1'
[7.989s] INFO:colcon.colcon_core.shell:Creating package descriptor '/home/acir/robotdogtalk_ws/install/dog_voice/share/dog_voice/package.dsv'
[7.989s] INFO:colcon.colcon_core.shell:Creating package script '/home/acir/robotdogtalk_ws/install/dog_voice/share/dog_voice/package.sh'
[7.990s] INFO:colcon.colcon_core.shell:Creating package script '/home/acir/robotdogtalk_ws/install/dog_voice/share/dog_voice/package.bash'
[7.990s] INFO:colcon.colcon_core.shell:Creating package script '/home/acir/robotdogtalk_ws/install/dog_voice/share/dog_voice/package.zsh'
[7.991s] Level 1:colcon.colcon_core.environment:create_file_with_runtime_dependencies(/home/acir/robotdogtalk_ws/install/dog_voice/share/colcon-core/packages/dog_voice)
[8.031s] Level 1:colcon.colcon_core.environment:create_environment_scripts_only(dog_voice)
[8.043s] Level 1:colcon.colcon_core.environment:checking '/home/acir/robotdogtalk_ws/install/dog_voice' for CMake module files
[8.044s] Level 1:colcon.colcon_core.environment:checking '/home/acir/robotdogtalk_ws/install/dog_voice' for CMake config files
[8.044s] Level 1:colcon.colcon_core.shell:create_environment_hook('dog_voice', 'cmake_prefix_path')
[8.056s] INFO:colcon.colcon_core.shell:Creating environment hook '/home/acir/robotdogtalk_ws/install/dog_voice/share/dog_voice/hook/cmake_prefix_path.ps1'
[8.057s] INFO:colcon.colcon_core.shell:Creating environment descriptor '/home/acir/robotdogtalk_ws/install/dog_voice/share/dog_voice/hook/cmake_prefix_path.dsv'
[8.057s] INFO:colcon.colcon_core.shell:Creating environment hook '/home/acir/robotdogtalk_ws/install/dog_voice/share/dog_voice/hook/cmake_prefix_path.sh'
[8.057s] Level 1:colcon.colcon_core.environment:checking '/home/acir/robotdogtalk_ws/install/dog_voice/lib'
[8.057s] Level 1:colcon.colcon_core.environment:checking '/home/acir/robotdogtalk_ws/install/dog_voice/bin'
[8.057s] Level 1:colcon.colcon_core.environment:checking '/home/acir/robotdogtalk_ws/install/dog_voice/lib/pkgconfig/dog_voice.pc'
[8.058s] Level 1:colcon.colcon_core.environment:checking '/home/acir/robotdogtalk_ws/install/dog_voice/lib/python3.10/site-packages'
[8.058s] Level 1:colcon.colcon_core.environment:checking '/home/acir/robotdogtalk_ws/install/dog_voice/bin'
[8.070s] INFO:colcon.colcon_core.shell:Creating package script '/home/acir/robotdogtalk_ws/install/dog_voice/share/dog_voice/package.ps1'
[8.071s] INFO:colcon.colcon_core.shell:Creating package descriptor '/home/acir/robotdogtalk_ws/install/dog_voice/share/dog_voice/package.dsv'
[8.071s] INFO:colcon.colcon_core.shell:Creating package script '/home/acir/robotdogtalk_ws/install/dog_voice/share/dog_voice/package.sh'
[8.071s] INFO:colcon.colcon_core.shell:Creating package script '/home/acir/robotdogtalk_ws/install/dog_voice/share/dog_voice/package.bash'
[8.071s] INFO:colcon.colcon_core.shell:Creating package script '/home/acir/robotdogtalk_ws/install/dog_voice/share/dog_voice/package.zsh'
[8.072s] Level 1:colcon.colcon_core.environment:create_file_with_runtime_dependencies(/home/acir/robotdogtalk_ws/install/dog_voice/share/colcon-core/packages/dog_voice)
[8.072s] DEBUG:colcon.colcon_parallel_executor.executor.parallel:closing loop
[8.072s] DEBUG:colcon.colcon_parallel_executor.executor.parallel:loop closed
[8.072s] DEBUG:colcon.colcon_parallel_executor.executor.parallel:run_until_complete finished with '0'
[8.072s] DEBUG:colcon.colcon_core.event_reactor:joining thread
[8.090s] INFO:colcon.colcon_core.plugin_system:Skipping extension 'colcon_notification.desktop_notification.terminal_notifier': Not used on non-Darwin systems
[8.091s] INFO:colcon.colcon_core.plugin_system:Skipping extension 'colcon_notification.desktop_notification.win32': Not used on non-Windows systems
[8.091s] INFO:colcon.colcon_notification.desktop_notification:Sending desktop notification using 'notify2'
[8.110s] DEBUG:colcon.colcon_core.event_reactor:joined thread
[8.125s] INFO:colcon.colcon_core.shell:Creating prefix script '/home/acir/robotdogtalk_ws/install/local_setup.ps1'
[8.126s] INFO:colcon.colcon_core.shell:Creating prefix util module '/home/acir/robotdogtalk_ws/install/_local_setup_util_ps1.py'
[8.127s] INFO:colcon.colcon_core.shell:Creating prefix chain script '/home/acir/robotdogtalk_ws/install/setup.ps1'
[8.141s] INFO:colcon.colcon_core.shell:Creating prefix script '/home/acir/robotdogtalk_ws/install/local_setup.sh'
[8.141s] INFO:colcon.colcon_core.shell:Creating prefix util module '/home/acir/robotdogtalk_ws/install/_local_setup_util_sh.py'
[8.141s] INFO:colcon.colcon_core.shell:Creating prefix chain script '/home/acir/robotdogtalk_ws/install/setup.sh'
[8.157s] INFO:colcon.colcon_core.shell:Creating prefix script '/home/acir/robotdogtalk_ws/install/local_setup.bash'
[8.157s] INFO:colcon.colcon_core.shell:Creating prefix chain script '/home/acir/robotdogtalk_ws/install/setup.bash'
[8.171s] INFO:colcon.colcon_core.shell:Creating prefix script '/home/acir/robotdogtalk_ws/install/local_setup.zsh'
[8.171s] INFO:colcon.colcon_core.shell:Creating prefix chain script '/home/acir/robotdogtalk_ws/install/setup.zsh'
