-- Install configuration: ""
-- Up-to-date: /home/acir/robotdog2/install/robotdog2/share/robotdog2/images
-- Up-to-date: /home/acir/robotdog2/install/robotdog2/share/robotdog2/images/multipleshapes.png
-- Up-to-date: /home/acir/robotdog2/install/robotdog2/share/robotdog2/images/origins.png
-- Up-to-date: /home/acir/robotdog2/install/robotdog2/share/robotdog2/images/flexible.png
-- Up-to-date: /home/acir/robotdog2/install/robotdog2/share/robotdog2/images/materials.png
-- Up-to-date: /home/acir/robotdog2/install/robotdog2/share/robotdog2/images/myfirst.png
-- Up-to-date: /home/acir/robotdog2/install/robotdog2/share/robotdog2/images/visual.png
-- Up-to-date: /home/acir/robotdog2/install/robotdog2/share/robotdog2/launch
-- Installing: /home/acir/robotdog2/install/robotdog2/share/robotdog2/launch/display.launch.py
-- Up-to-date: /home/acir/robotdog2/install/robotdog2/share/robotdog2/meshes
-- Up-to-date: /home/acir/robotdog2/install/robotdog2/share/robotdog2/meshes/l_finger_tip_color.png
-- Up-to-date: /home/acir/robotdog2/install/robotdog2/share/robotdog2/meshes/l_finger_color.png
-- Up-to-date: /home/acir/robotdog2/install/robotdog2/share/robotdog2/meshes/l_finger.dae
-- Up-to-date: /home/acir/robotdog2/install/robotdog2/share/robotdog2/meshes/l_finger_tip.dae
-- Up-to-date: /home/acir/robotdog2/install/robotdog2/share/robotdog2/rviz
-- Up-to-date: /home/acir/robotdog2/install/robotdog2/share/robotdog2/rviz/urdf.rviz
-- Up-to-date: /home/acir/robotdog2/install/robotdog2/share/robotdog2/urdf
-- Up-to-date: /home/acir/robotdog2/install/robotdog2/share/robotdog2/urdf/08-macroed.urdf.xacro
-- Up-to-date: /home/acir/robotdog2/install/robotdog2/share/robotdog2/urdf/07-physics.urdf
-- Up-to-date: /home/acir/robotdog2/install/robotdog2/share/robotdog2/urdf/05-visual.urdf
-- Up-to-date: /home/acir/robotdog2/install/robotdog2/share/robotdog2/urdf/03-origins.urdf
-- Up-to-date: /home/acir/robotdog2/install/robotdog2/share/robotdog2/urdf/06-flexible.urdf
-- Up-to-date: /home/acir/robotdog2/install/robotdog2/share/robotdog2/urdf/01-myfirst.urdf
-- Up-to-date: /home/acir/robotdog2/install/robotdog2/share/robotdog2/urdf/robotdog.urdf
-- Up-to-date: /home/acir/robotdog2/install/robotdog2/share/robotdog2/urdf/04-materials.urdf
-- Up-to-date: /home/acir/robotdog2/install/robotdog2/share/robotdog2/urdf/02-multipleshapes.urdf
-- Up-to-date: /home/acir/robotdog2/install/robotdog2/share/ament_index/resource_index/package_run_dependencies/robotdog2
-- Up-to-date: /home/acir/robotdog2/install/robotdog2/share/ament_index/resource_index/parent_prefix_path/robotdog2
-- Up-to-date: /home/acir/robotdog2/install/robotdog2/share/robotdog2/environment/ament_prefix_path.sh
-- Up-to-date: /home/acir/robotdog2/install/robotdog2/share/robotdog2/environment/ament_prefix_path.dsv
-- Up-to-date: /home/acir/robotdog2/install/robotdog2/share/robotdog2/environment/path.sh
-- Up-to-date: /home/acir/robotdog2/install/robotdog2/share/robotdog2/environment/path.dsv
-- Up-to-date: /home/acir/robotdog2/install/robotdog2/share/robotdog2/local_setup.bash
-- Up-to-date: /home/acir/robotdog2/install/robotdog2/share/robotdog2/local_setup.sh
-- Up-to-date: /home/acir/robotdog2/install/robotdog2/share/robotdog2/local_setup.zsh
-- Up-to-date: /home/acir/robotdog2/install/robotdog2/share/robotdog2/local_setup.dsv
-- Up-to-date: /home/acir/robotdog2/install/robotdog2/share/robotdog2/package.dsv
-- Up-to-date: /home/acir/robotdog2/install/robotdog2/share/ament_index/resource_index/packages/robotdog2
-- Up-to-date: /home/acir/robotdog2/install/robotdog2/share/robotdog2/cmake/robotdog2Config.cmake
-- Up-to-date: /home/acir/robotdog2/install/robotdog2/share/robotdog2/cmake/robotdog2Config-version.cmake
-- Up-to-date: /home/acir/robotdog2/install/robotdog2/share/robotdog2/package.xml
