[0.057s] Invoking command in '/home/acir/robotdog2/build/robotdog2': CMAKE_PREFIX_PATH=${CMAKE_PREFIX_PATH}:/opt/ros/humble CONDA_PROMPT_MODIFIER=(base) /usr/bin/cmake --build /home/acir/robotdog2/build/robotdog2 -- -j8 -l8
[0.085s] Invoked command in '/home/acir/robotdog2/build/robotdog2' returned '0': CMAKE_PREFIX_PATH=${CMAKE_PREFIX_PATH}:/opt/ros/humble CONDA_PROMPT_MODIFIER=(base) /usr/bin/cmake --build /home/acir/robotdog2/build/robotdog2 -- -j8 -l8
[0.108s] Invoking command in '/home/acir/robotdog2/build/robotdog2': CMAKE_PREFIX_PATH=${CMAKE_PREFIX_PATH}:/opt/ros/humble CONDA_PROMPT_MODIFIER=(base) /usr/bin/cmake --install /home/acir/robotdog2/build/robotdog2
[0.113s] -- Install configuration: ""
[0.113s] -- Up-to-date: /home/acir/robotdog2/install/robotdog2/share/robotdog2/images
[0.114s] -- Up-to-date: /home/acir/robotdog2/install/robotdog2/share/robotdog2/images/multipleshapes.png
[0.114s] -- Up-to-date: /home/acir/robotdog2/install/robotdog2/share/robotdog2/images/origins.png
[0.114s] -- Up-to-date: /home/acir/robotdog2/install/robotdog2/share/robotdog2/images/flexible.png
[0.114s] -- Up-to-date: /home/acir/robotdog2/install/robotdog2/share/robotdog2/images/materials.png
[0.114s] -- Up-to-date: /home/acir/robotdog2/install/robotdog2/share/robotdog2/images/myfirst.png
[0.114s] -- Up-to-date: /home/acir/robotdog2/install/robotdog2/share/robotdog2/images/visual.png
[0.114s] -- Up-to-date: /home/acir/robotdog2/install/robotdog2/share/robotdog2/launch
[0.114s] -- Installing: /home/acir/robotdog2/install/robotdog2/share/robotdog2/launch/display.launch.py
[0.114s] -- Up-to-date: /home/acir/robotdog2/install/robotdog2/share/robotdog2/meshes
[0.114s] -- Up-to-date: /home/acir/robotdog2/install/robotdog2/share/robotdog2/meshes/l_finger_tip_color.png
[0.115s] -- Up-to-date: /home/acir/robotdog2/install/robotdog2/share/robotdog2/meshes/l_finger_color.png
[0.115s] -- Up-to-date: /home/acir/robotdog2/install/robotdog2/share/robotdog2/meshes/l_finger.dae
[0.115s] -- Up-to-date: /home/acir/robotdog2/install/robotdog2/share/robotdog2/meshes/l_finger_tip.dae
[0.115s] -- Up-to-date: /home/acir/robotdog2/install/robotdog2/share/robotdog2/rviz
[0.115s] -- Up-to-date: /home/acir/robotdog2/install/robotdog2/share/robotdog2/rviz/urdf.rviz
[0.115s] -- Up-to-date: /home/acir/robotdog2/install/robotdog2/share/robotdog2/urdf
[0.115s] -- Up-to-date: /home/acir/robotdog2/install/robotdog2/share/robotdog2/urdf/08-macroed.urdf.xacro
[0.115s] -- Up-to-date: /home/acir/robotdog2/install/robotdog2/share/robotdog2/urdf/07-physics.urdf
[0.115s] -- Up-to-date: /home/acir/robotdog2/install/robotdog2/share/robotdog2/urdf/05-visual.urdf
[0.115s] -- Up-to-date: /home/acir/robotdog2/install/robotdog2/share/robotdog2/urdf/03-origins.urdf
[0.115s] -- Up-to-date: /home/acir/robotdog2/install/robotdog2/share/robotdog2/urdf/06-flexible.urdf
[0.115s] -- Up-to-date: /home/acir/robotdog2/install/robotdog2/share/robotdog2/urdf/01-myfirst.urdf
[0.116s] -- Up-to-date: /home/acir/robotdog2/install/robotdog2/share/robotdog2/urdf/robotdog.urdf
[0.116s] -- Up-to-date: /home/acir/robotdog2/install/robotdog2/share/robotdog2/urdf/04-materials.urdf
[0.116s] -- Up-to-date: /home/acir/robotdog2/install/robotdog2/share/robotdog2/urdf/02-multipleshapes.urdf
[0.116s] -- Up-to-date: /home/acir/robotdog2/install/robotdog2/share/ament_index/resource_index/package_run_dependencies/robotdog2
[0.116s] -- Up-to-date: /home/acir/robotdog2/install/robotdog2/share/ament_index/resource_index/parent_prefix_path/robotdog2
[0.117s] -- Up-to-date: /home/acir/robotdog2/install/robotdog2/share/robotdog2/environment/ament_prefix_path.sh
[0.117s] -- Up-to-date: /home/acir/robotdog2/install/robotdog2/share/robotdog2/environment/ament_prefix_path.dsv
[0.117s] -- Up-to-date: /home/acir/robotdog2/install/robotdog2/share/robotdog2/environment/path.sh
[0.117s] -- Up-to-date: /home/acir/robotdog2/install/robotdog2/share/robotdog2/environment/path.dsv
[0.117s] -- Up-to-date: /home/acir/robotdog2/install/robotdog2/share/robotdog2/local_setup.bash
[0.117s] -- Up-to-date: /home/acir/robotdog2/install/robotdog2/share/robotdog2/local_setup.sh
[0.118s] -- Up-to-date: /home/acir/robotdog2/install/robotdog2/share/robotdog2/local_setup.zsh
[0.118s] -- Up-to-date: /home/acir/robotdog2/install/robotdog2/share/robotdog2/local_setup.dsv
[0.118s] -- Up-to-date: /home/acir/robotdog2/install/robotdog2/share/robotdog2/package.dsv
[0.118s] -- Up-to-date: /home/acir/robotdog2/install/robotdog2/share/ament_index/resource_index/packages/robotdog2
[0.118s] -- Up-to-date: /home/acir/robotdog2/install/robotdog2/share/robotdog2/cmake/robotdog2Config.cmake
[0.118s] -- Up-to-date: /home/acir/robotdog2/install/robotdog2/share/robotdog2/cmake/robotdog2Config-version.cmake
[0.118s] -- Up-to-date: /home/acir/robotdog2/install/robotdog2/share/robotdog2/package.xml
[0.119s] Invoked command in '/home/acir/robotdog2/build/robotdog2' returned '0': CMAKE_PREFIX_PATH=${CMAKE_PREFIX_PATH}:/opt/ros/humble CONDA_PROMPT_MODIFIER=(base) /usr/bin/cmake --install /home/acir/robotdog2/build/robotdog2
