[0.913s] Invoking command in '/home/acir/ros2_ws/src/py_pubsub': CONDA_PROMPT_MODIFIER=(robot) PYTHONPATH=/home/acir/ros2_ws/build/py_pubsub/prefix_override:/home/acir/ros2_ws/install/py_pubsub/lib/python3.10/site-packages:${PYTHONPATH} /usr/bin/python3 setup.py egg_info --egg-base ../../build/py_pubsub build --build-base /home/acir/ros2_ws/build/py_pubsub/build install --record /home/acir/ros2_ws/build/py_pubsub/install.log --single-version-externally-managed
[1.157s] running egg_info
[1.157s] writing ../../build/py_pubsub/py_pubsub.egg-info/PKG-INFO
[1.157s] writing dependency_links to ../../build/py_pubsub/py_pubsub.egg-info/dependency_links.txt
[1.158s] writing entry points to ../../build/py_pubsub/py_pubsub.egg-info/entry_points.txt
[1.158s] writing requirements to ../../build/py_pubsub/py_pubsub.egg-info/requires.txt
[1.158s] writing top-level names to ../../build/py_pubsub/py_pubsub.egg-info/top_level.txt
[1.159s] reading manifest file '../../build/py_pubsub/py_pubsub.egg-info/SOURCES.txt'
[1.160s] writing manifest file '../../build/py_pubsub/py_pubsub.egg-info/SOURCES.txt'
[1.160s] running build
[1.160s] running build_py
[1.160s] copying py_pubsub/syh_cv_node.py -> /home/acir/ros2_ws/build/py_pubsub/build/lib/py_pubsub
[1.161s] running install
[1.161s] /usr/lib/python3/dist-packages/setuptools/command/install.py:34: SetuptoolsDeprecationWarning: setup.py install is deprecated. Use build and pip and other standards-based tools.
[1.161s]   warnings.warn(
[1.161s] running install_lib
[1.162s] copying /home/acir/ros2_ws/build/py_pubsub/build/lib/py_pubsub/syh_cv_node.py -> /home/acir/ros2_ws/install/py_pubsub/lib/python3.10/site-packages/py_pubsub
[1.163s] byte-compiling /home/acir/ros2_ws/install/py_pubsub/lib/python3.10/site-packages/py_pubsub/syh_cv_node.py to syh_cv_node.cpython-310.pyc
[1.163s] running install_data
[1.164s] running install_egg_info
[1.165s] removing '/home/acir/ros2_ws/install/py_pubsub/lib/python3.10/site-packages/py_pubsub-0.0.0-py3.10.egg-info' (and everything under it)
[1.165s] Copying ../../build/py_pubsub/py_pubsub.egg-info to /home/acir/ros2_ws/install/py_pubsub/lib/python3.10/site-packages/py_pubsub-0.0.0-py3.10.egg-info
[1.166s] running install_scripts
[1.192s] Installing cv_node script to /home/acir/ros2_ws/install/py_pubsub/lib/py_pubsub
[1.193s] Installing cv_start script to /home/acir/ros2_ws/install/py_pubsub/lib/py_pubsub
[1.193s] writing list of installed files to '/home/acir/ros2_ws/build/py_pubsub/install.log'
[1.229s] Invoked command in '/home/acir/ros2_ws/src/py_pubsub' returned '0': CONDA_PROMPT_MODIFIER=(robot) PYTHONPATH=/home/acir/ros2_ws/build/py_pubsub/prefix_override:/home/acir/ros2_ws/install/py_pubsub/lib/python3.10/site-packages:${PYTHONPATH} /usr/bin/python3 setup.py egg_info --egg-base ../../build/py_pubsub build --build-base /home/acir/ros2_ws/build/py_pubsub/build install --record /home/acir/ros2_ws/build/py_pubsub/install.log --single-version-externally-managed
