[0.840s] DEBUG:colcon:Command line arguments: ['/usr/bin/colcon', 'build']
[0.840s] DEBUG:colcon:Parsed command line arguments: Namespace(log_base=None, log_level=None, verb_name='build', build_base='build', install_base='install', merge_install=False, symlink_install=False, test_result_base=None, continue_on_error=False, executor='parallel', parallel_workers=8, event_handlers=None, ignore_user_meta=False, metas=['./colcon.meta'], base_paths=['.'], packages_ignore=None, packages_ignore_regex=None, paths=None, packages_up_to=None, packages_up_to_regex=None, packages_above=None, packages_above_and_dependencies=None, packages_above_depth=None, packages_select_by_dep=None, packages_skip_by_dep=None, packages_skip_up_to=None, packages_select_build_failed=False, packages_skip_build_finished=False, packages_select_test_failures=False, packages_skip_test_passed=False, packages_select=None, packages_skip=None, packages_select_regex=None, packages_skip_regex=None, packages_start=None, packages_end=None, allow_overriding=[], cmake_args=None, cmake_target=None, cmake_target_skip_unavailable=False, cmake_clean_cache=False, cmake_clean_first=False, cmake_force_configure=False, ament_cmake_args=None, catkin_cmake_args=None, catkin_skip_building_tests=False, verb_parser=<colcon_defaults.argument_parser.defaults.DefaultArgumentsDecorator object at 0x7f7f3fb60df0>, verb_extension=<colcon_core.verb.build.BuildVerb object at 0x7f7f3fb55870>, main=<bound method BuildVerb.main of <colcon_core.verb.build.BuildVerb object at 0x7f7f3fb55870>>)
[0.879s] Level 1:colcon.colcon_core.package_discovery:discover_packages(colcon_meta) check parameters
[0.879s] Level 1:colcon.colcon_core.package_discovery:discover_packages(recursive) check parameters
[0.879s] Level 1:colcon.colcon_core.package_discovery:discover_packages(ignore) check parameters
[0.879s] Level 1:colcon.colcon_core.package_discovery:discover_packages(path) check parameters
[0.879s] Level 1:colcon.colcon_core.package_discovery:discover_packages(colcon_meta) discover
[0.879s] Level 1:colcon.colcon_core.package_discovery:discover_packages(recursive) discover
[0.879s] INFO:colcon.colcon_core.package_discovery:Crawling recursively for packages in '/home/acir/robotdog2'
[0.879s] Level 1:colcon.colcon_core.package_identification:_identify(.) by extensions ['ignore', 'ignore_ament_install']
[0.879s] Level 1:colcon.colcon_core.package_identification:_identify(.) by extension 'ignore'
[0.879s] Level 1:colcon.colcon_core.package_identification:_identify(.) by extension 'ignore_ament_install'
[0.879s] Level 1:colcon.colcon_core.package_identification:_identify(.) by extensions ['colcon_pkg']
[0.880s] Level 1:colcon.colcon_core.package_identification:_identify(.) by extension 'colcon_pkg'
[0.880s] Level 1:colcon.colcon_core.package_identification:_identify(.) by extensions ['colcon_meta']
[0.880s] Level 1:colcon.colcon_core.package_identification:_identify(.) by extension 'colcon_meta'
[0.880s] Level 1:colcon.colcon_core.package_identification:_identify(.) by extensions ['ros']
[0.880s] Level 1:colcon.colcon_core.package_identification:_identify(.) by extension 'ros'
[0.889s] DEBUG:colcon.colcon_core.package_identification:Package '.' with type 'ros.ament_cmake' and name 'robotdog2'
[0.889s] Level 1:colcon.colcon_core.package_discovery:discover_packages(recursive) using defaults
[0.890s] Level 1:colcon.colcon_core.package_discovery:discover_packages(ignore) discover
[0.890s] Level 1:colcon.colcon_core.package_discovery:discover_packages(ignore) using defaults
[0.890s] Level 1:colcon.colcon_core.package_discovery:discover_packages(path) discover
[0.890s] Level 1:colcon.colcon_core.package_discovery:discover_packages(path) using defaults
[0.967s] Level 1:colcon.colcon_core.package_discovery:discover_packages(prefix_path) check parameters
[0.967s] Level 1:colcon.colcon_core.package_discovery:discover_packages(prefix_path) discover
[0.992s] DEBUG:colcon.colcon_installed_package_information.package_discovery:Found 1 installed packages in /home/acir/xacro-ros2/install
[1.004s] DEBUG:colcon.colcon_installed_package_information.package_discovery:Found 1 installed packages in /home/acir/urdf_launch-main/install
[1.017s] DEBUG:colcon.colcon_installed_package_information.package_discovery:Found 2 installed packages in /home/acir/robotdog2/install
[1.030s] DEBUG:colcon.colcon_installed_package_information.package_discovery:Found 270 installed packages in /opt/ros/humble
[1.038s] Level 1:colcon.colcon_core.package_discovery:discover_packages(prefix_path) using defaults
[1.111s] Level 5:colcon.colcon_core.verb:set package 'robotdog2' build argument 'cmake_args' from command line to 'None'
[1.111s] Level 5:colcon.colcon_core.verb:set package 'robotdog2' build argument 'cmake_target' from command line to 'None'
[1.111s] Level 5:colcon.colcon_core.verb:set package 'robotdog2' build argument 'cmake_target_skip_unavailable' from command line to 'False'
[1.111s] Level 5:colcon.colcon_core.verb:set package 'robotdog2' build argument 'cmake_clean_cache' from command line to 'False'
[1.111s] Level 5:colcon.colcon_core.verb:set package 'robotdog2' build argument 'cmake_clean_first' from command line to 'False'
[1.111s] Level 5:colcon.colcon_core.verb:set package 'robotdog2' build argument 'cmake_force_configure' from command line to 'False'
[1.111s] Level 5:colcon.colcon_core.verb:set package 'robotdog2' build argument 'ament_cmake_args' from command line to 'None'
[1.111s] Level 5:colcon.colcon_core.verb:set package 'robotdog2' build argument 'catkin_cmake_args' from command line to 'None'
[1.111s] Level 5:colcon.colcon_core.verb:set package 'robotdog2' build argument 'catkin_skip_building_tests' from command line to 'False'
[1.111s] DEBUG:colcon.colcon_core.verb:Building package 'robotdog2' with the following arguments: {'ament_cmake_args': None, 'build_base': '/home/acir/robotdog2/build/robotdog2', 'catkin_cmake_args': None, 'catkin_skip_building_tests': False, 'cmake_args': None, 'cmake_clean_cache': False, 'cmake_clean_first': False, 'cmake_force_configure': False, 'cmake_target': None, 'cmake_target_skip_unavailable': False, 'install_base': '/home/acir/robotdog2/install/robotdog2', 'merge_install': False, 'path': '/home/acir/robotdog2', 'symlink_install': False, 'test_result_base': None}
[1.123s] INFO:colcon.colcon_core.executor:Executing jobs using 'parallel' executor
[1.136s] DEBUG:colcon.colcon_parallel_executor.executor.parallel:run_until_complete
[1.136s] INFO:colcon.colcon_ros.task.ament_cmake.build:Building ROS package in '/home/acir/robotdog2' with build type 'ament_cmake'
[1.136s] INFO:colcon.colcon_cmake.task.cmake.build:Building CMake package in '/home/acir/robotdog2'
[1.150s] INFO:colcon.colcon_core.plugin_system:Skipping extension 'colcon_core.shell.bat': Not used on non-Windows systems
[1.150s] INFO:colcon.colcon_core.shell:Skip shell extension 'powershell' for command environment: Not usable outside of PowerShell
[1.151s] DEBUG:colcon.colcon_core.shell:Skip shell extension 'dsv' for command environment
[1.219s] DEBUG:colcon.colcon_core.event_handler.log_command:Invoking command in '/home/acir/robotdog2/build/robotdog2': CMAKE_PREFIX_PATH=${CMAKE_PREFIX_PATH}:/opt/ros/humble CONDA_PROMPT_MODIFIER=(base) /usr/bin/cmake --build /home/acir/robotdog2/build/robotdog2 -- -j8 -l8
[1.247s] DEBUG:colcon.colcon_core.event_handler.log_command:Invoked command in '/home/acir/robotdog2/build/robotdog2' returned '0': CMAKE_PREFIX_PATH=${CMAKE_PREFIX_PATH}:/opt/ros/humble CONDA_PROMPT_MODIFIER=(base) /usr/bin/cmake --build /home/acir/robotdog2/build/robotdog2 -- -j8 -l8
[1.270s] DEBUG:colcon.colcon_core.event_handler.log_command:Invoking command in '/home/acir/robotdog2/build/robotdog2': CMAKE_PREFIX_PATH=${CMAKE_PREFIX_PATH}:/opt/ros/humble CONDA_PROMPT_MODIFIER=(base) /usr/bin/cmake --install /home/acir/robotdog2/build/robotdog2
[1.287s] Level 1:colcon.colcon_core.environment:create_environment_scripts_only(robotdog2)
[1.287s] DEBUG:colcon.colcon_core.event_handler.log_command:Invoked command in '/home/acir/robotdog2/build/robotdog2' returned '0': CMAKE_PREFIX_PATH=${CMAKE_PREFIX_PATH}:/opt/ros/humble CONDA_PROMPT_MODIFIER=(base) /usr/bin/cmake --install /home/acir/robotdog2/build/robotdog2
[1.302s] Level 1:colcon.colcon_core.environment:checking '/home/acir/robotdog2/install/robotdog2' for CMake module files
[1.302s] Level 1:colcon.colcon_core.environment:checking '/home/acir/robotdog2/install/robotdog2' for CMake config files
[1.302s] Level 1:colcon.colcon_core.shell:create_environment_hook('robotdog2', 'cmake_prefix_path')
[1.315s] INFO:colcon.colcon_core.shell:Creating environment hook '/home/acir/robotdog2/install/robotdog2/share/robotdog2/hook/cmake_prefix_path.ps1'
[1.315s] INFO:colcon.colcon_core.shell:Creating environment descriptor '/home/acir/robotdog2/install/robotdog2/share/robotdog2/hook/cmake_prefix_path.dsv'
[1.316s] INFO:colcon.colcon_core.shell:Creating environment hook '/home/acir/robotdog2/install/robotdog2/share/robotdog2/hook/cmake_prefix_path.sh'
[1.316s] Level 1:colcon.colcon_core.environment:checking '/home/acir/robotdog2/install/robotdog2/bin'
[1.316s] Level 1:colcon.colcon_core.environment:checking '/home/acir/robotdog2/install/robotdog2/lib/pkgconfig/robotdog2.pc'
[1.316s] Level 1:colcon.colcon_core.environment:checking '/home/acir/robotdog2/install/robotdog2/lib/python3.10/site-packages'
[1.317s] Level 1:colcon.colcon_core.environment:checking '/home/acir/robotdog2/install/robotdog2/bin'
[1.329s] INFO:colcon.colcon_core.shell:Creating package script '/home/acir/robotdog2/install/robotdog2/share/robotdog2/package.ps1'
[1.330s] INFO:colcon.colcon_core.shell:Creating package descriptor '/home/acir/robotdog2/install/robotdog2/share/robotdog2/package.dsv'
[1.330s] INFO:colcon.colcon_core.shell:Creating package script '/home/acir/robotdog2/install/robotdog2/share/robotdog2/package.sh'
[1.331s] INFO:colcon.colcon_core.shell:Creating package script '/home/acir/robotdog2/install/robotdog2/share/robotdog2/package.bash'
[1.331s] INFO:colcon.colcon_core.shell:Creating package script '/home/acir/robotdog2/install/robotdog2/share/robotdog2/package.zsh'
[1.331s] Level 1:colcon.colcon_core.environment:create_file_with_runtime_dependencies(/home/acir/robotdog2/install/robotdog2/share/colcon-core/packages/robotdog2)
[1.363s] Level 1:colcon.colcon_core.environment:create_environment_scripts_only(robotdog2)
[1.376s] Level 1:colcon.colcon_core.environment:checking '/home/acir/robotdog2/install/robotdog2' for CMake module files
[1.376s] Level 1:colcon.colcon_core.environment:checking '/home/acir/robotdog2/install/robotdog2' for CMake config files
[1.376s] Level 1:colcon.colcon_core.shell:create_environment_hook('robotdog2', 'cmake_prefix_path')
[1.389s] INFO:colcon.colcon_core.shell:Creating environment hook '/home/acir/robotdog2/install/robotdog2/share/robotdog2/hook/cmake_prefix_path.ps1'
[1.389s] INFO:colcon.colcon_core.shell:Creating environment descriptor '/home/acir/robotdog2/install/robotdog2/share/robotdog2/hook/cmake_prefix_path.dsv'
[1.389s] INFO:colcon.colcon_core.shell:Creating environment hook '/home/acir/robotdog2/install/robotdog2/share/robotdog2/hook/cmake_prefix_path.sh'
[1.390s] Level 1:colcon.colcon_core.environment:checking '/home/acir/robotdog2/install/robotdog2/bin'
[1.390s] Level 1:colcon.colcon_core.environment:checking '/home/acir/robotdog2/install/robotdog2/lib/pkgconfig/robotdog2.pc'
[1.390s] Level 1:colcon.colcon_core.environment:checking '/home/acir/robotdog2/install/robotdog2/lib/python3.10/site-packages'
[1.390s] Level 1:colcon.colcon_core.environment:checking '/home/acir/robotdog2/install/robotdog2/bin'
[1.402s] INFO:colcon.colcon_core.shell:Creating package script '/home/acir/robotdog2/install/robotdog2/share/robotdog2/package.ps1'
[1.403s] INFO:colcon.colcon_core.shell:Creating package descriptor '/home/acir/robotdog2/install/robotdog2/share/robotdog2/package.dsv'
[1.403s] INFO:colcon.colcon_core.shell:Creating package script '/home/acir/robotdog2/install/robotdog2/share/robotdog2/package.sh'
[1.403s] INFO:colcon.colcon_core.shell:Creating package script '/home/acir/robotdog2/install/robotdog2/share/robotdog2/package.bash'
[1.404s] INFO:colcon.colcon_core.shell:Creating package script '/home/acir/robotdog2/install/robotdog2/share/robotdog2/package.zsh'
[1.404s] Level 1:colcon.colcon_core.environment:create_file_with_runtime_dependencies(/home/acir/robotdog2/install/robotdog2/share/colcon-core/packages/robotdog2)
[1.404s] DEBUG:colcon.colcon_parallel_executor.executor.parallel:closing loop
[1.404s] DEBUG:colcon.colcon_parallel_executor.executor.parallel:loop closed
[1.404s] DEBUG:colcon.colcon_parallel_executor.executor.parallel:run_until_complete finished with '0'
[1.404s] DEBUG:colcon.colcon_core.event_reactor:joining thread
[1.420s] INFO:colcon.colcon_core.plugin_system:Skipping extension 'colcon_notification.desktop_notification.terminal_notifier': Not used on non-Darwin systems
[1.420s] INFO:colcon.colcon_core.plugin_system:Skipping extension 'colcon_notification.desktop_notification.win32': Not used on non-Windows systems
[1.420s] INFO:colcon.colcon_notification.desktop_notification:Sending desktop notification using 'notify2'
[1.429s] DEBUG:colcon.colcon_core.event_reactor:joined thread
[1.441s] INFO:colcon.colcon_core.shell:Creating prefix script '/home/acir/robotdog2/install/local_setup.ps1'
[1.442s] INFO:colcon.colcon_core.shell:Creating prefix util module '/home/acir/robotdog2/install/_local_setup_util_ps1.py'
[1.443s] INFO:colcon.colcon_core.shell:Creating prefix chain script '/home/acir/robotdog2/install/setup.ps1'
[1.459s] INFO:colcon.colcon_core.shell:Creating prefix script '/home/acir/robotdog2/install/local_setup.sh'
[1.460s] INFO:colcon.colcon_core.shell:Creating prefix util module '/home/acir/robotdog2/install/_local_setup_util_sh.py'
[1.460s] INFO:colcon.colcon_core.shell:Creating prefix chain script '/home/acir/robotdog2/install/setup.sh'
[1.476s] INFO:colcon.colcon_core.shell:Creating prefix script '/home/acir/robotdog2/install/local_setup.bash'
[1.476s] INFO:colcon.colcon_core.shell:Creating prefix chain script '/home/acir/robotdog2/install/setup.bash'
[1.489s] INFO:colcon.colcon_core.shell:Creating prefix script '/home/acir/robotdog2/install/local_setup.zsh'
[1.490s] INFO:colcon.colcon_core.shell:Creating prefix chain script '/home/acir/robotdog2/install/setup.zsh'
