[0.056s] Invoking command in '/home/acir/robotdog2/build/robotdog2': CMAKE_PREFIX_PATH=${CMAKE_PREFIX_PATH}:/opt/ros/humble CONDA_PROMPT_MODIFIER=(base) /usr/bin/cmake /home/acir/robotdog2 -DAMENT_CMAKE_SYMLINK_INSTALL=1 -DCMAKE_INSTALL_PREFIX=/home/acir/robotdog2/install/robotdog2
[0.065s] -- Found ament_cmake: 1.3.6 (/opt/ros/humble/share/ament_cmake/cmake)
[0.166s] -- Override CMake install command with custom implementation using symlinks instead of copying resources
[0.172s] -- Found ament_lint_auto: 0.12.9 (/opt/ros/humble/share/ament_lint_auto/cmake)
[0.221s] -- Configuring done
[0.223s] -- Generating done
[0.223s] -- Build files have been written to: /home/acir/robotdog2/build/robotdog2
[0.225s] Invoked command in '/home/acir/robotdog2/build/robotdog2' returned '0': CMAKE_PREFIX_PATH=${CMAKE_PREFIX_PATH}:/opt/ros/humble CONDA_PROMPT_MODIFIER=(base) /usr/bin/cmake /home/acir/robotdog2 -DAMENT_CMAKE_SYMLINK_INSTALL=1 -DCMAKE_INSTALL_PREFIX=/home/acir/robotdog2/install/robotdog2
[0.227s] Invoking command in '/home/acir/robotdog2/build/robotdog2': CMAKE_PREFIX_PATH=${CMAKE_PREFIX_PATH}:/opt/ros/humble CONDA_PROMPT_MODIFIER=(base) /usr/bin/cmake --build /home/acir/robotdog2/build/robotdog2 -- -j8 -l8
[0.255s] Invoked command in '/home/acir/robotdog2/build/robotdog2' returned '0': CMAKE_PREFIX_PATH=${CMAKE_PREFIX_PATH}:/opt/ros/humble CONDA_PROMPT_MODIFIER=(base) /usr/bin/cmake --build /home/acir/robotdog2/build/robotdog2 -- -j8 -l8
[0.279s] Invoking command in '/home/acir/robotdog2/build/robotdog2': CMAKE_PREFIX_PATH=${CMAKE_PREFIX_PATH}:/opt/ros/humble CONDA_PROMPT_MODIFIER=(base) /usr/bin/cmake --install /home/acir/robotdog2/build/robotdog2
[0.285s] -- Install configuration: ""
[0.286s] -- Execute custom install script
[0.286s] -- Symlinking: /home/acir/robotdog2/install/robotdog2/share/robotdog2/images/flexible.png
[0.294s] -- Symlinking: /home/acir/robotdog2/install/robotdog2/share/robotdog2/images/materials.png
[0.301s] -- Symlinking: /home/acir/robotdog2/install/robotdog2/share/robotdog2/images/multipleshapes.png
[0.309s] -- Symlinking: /home/acir/robotdog2/install/robotdog2/share/robotdog2/images/myfirst.png
[0.316s] -- Symlinking: /home/acir/robotdog2/install/robotdog2/share/robotdog2/images/origins.png
[0.322s] -- Symlinking: /home/acir/robotdog2/install/robotdog2/share/robotdog2/images/visual.png
[0.329s] -- Symlinking: /home/acir/robotdog2/install/robotdog2/share/robotdog2/launch/display.launch.py
[0.335s] -- Symlinking: /home/acir/robotdog2/install/robotdog2/share/robotdog2/meshes/l_finger.dae
[0.342s] -- Symlinking: /home/acir/robotdog2/install/robotdog2/share/robotdog2/meshes/l_finger_color.png
[0.348s] -- Symlinking: /home/acir/robotdog2/install/robotdog2/share/robotdog2/meshes/l_finger_tip.dae
[0.355s] -- Symlinking: /home/acir/robotdog2/install/robotdog2/share/robotdog2/meshes/l_finger_tip_color.png
[0.362s] -- Symlinking: /home/acir/robotdog2/install/robotdog2/share/robotdog2/rviz/urdf.rviz
[0.368s] -- Symlinking: /home/acir/robotdog2/install/robotdog2/share/robotdog2/urdf/01-myfirst.urdf
[0.375s] -- Symlinking: /home/acir/robotdog2/install/robotdog2/share/robotdog2/urdf/02-multipleshapes.urdf
[0.381s] -- Symlinking: /home/acir/robotdog2/install/robotdog2/share/robotdog2/urdf/03-origins.urdf
[0.388s] -- Symlinking: /home/acir/robotdog2/install/robotdog2/share/robotdog2/urdf/04-materials.urdf
[0.394s] -- Symlinking: /home/acir/robotdog2/install/robotdog2/share/robotdog2/urdf/05-visual.urdf
[0.401s] -- Symlinking: /home/acir/robotdog2/install/robotdog2/share/robotdog2/urdf/06-flexible.urdf
[0.407s] -- Symlinking: /home/acir/robotdog2/install/robotdog2/share/robotdog2/urdf/07-physics.urdf
[0.414s] -- Symlinking: /home/acir/robotdog2/install/robotdog2/share/robotdog2/urdf/08-macroed.urdf.xacro
[0.420s] -- Symlinking: /home/acir/robotdog2/install/robotdog2/share/robotdog2/urdf/robotdog.urdf
[0.427s] -- Symlinking: /home/acir/robotdog2/install/robotdog2/share/ament_index/resource_index/package_run_dependencies/robotdog2
[0.433s] -- Symlinking: /home/acir/robotdog2/install/robotdog2/share/ament_index/resource_index/parent_prefix_path/robotdog2
[0.440s] -- Symlinking: /home/acir/robotdog2/install/robotdog2/share/robotdog2/environment/ament_prefix_path.sh
[0.446s] -- Symlinking: /home/acir/robotdog2/install/robotdog2/share/robotdog2/environment/ament_prefix_path.dsv
[0.453s] -- Symlinking: /home/acir/robotdog2/install/robotdog2/share/robotdog2/environment/path.sh
[0.460s] -- Symlinking: /home/acir/robotdog2/install/robotdog2/share/robotdog2/environment/path.dsv
[0.466s] -- Symlinking: /home/acir/robotdog2/install/robotdog2/share/robotdog2/local_setup.bash
[0.473s] -- Symlinking: /home/acir/robotdog2/install/robotdog2/share/robotdog2/local_setup.sh
[0.479s] -- Symlinking: /home/acir/robotdog2/install/robotdog2/share/robotdog2/local_setup.zsh
[0.486s] -- Symlinking: /home/acir/robotdog2/install/robotdog2/share/robotdog2/local_setup.dsv
[0.493s] -- Symlinking: /home/acir/robotdog2/install/robotdog2/share/robotdog2/package.dsv
[0.499s] -- Symlinking: /home/acir/robotdog2/install/robotdog2/share/ament_index/resource_index/packages/robotdog2
[0.506s] -- Symlinking: /home/acir/robotdog2/install/robotdog2/share/robotdog2/cmake/robotdog2Config.cmake
[0.512s] -- Symlinking: /home/acir/robotdog2/install/robotdog2/share/robotdog2/cmake/robotdog2Config-version.cmake
[0.519s] -- Symlinking: /home/acir/robotdog2/install/robotdog2/share/robotdog2/package.xml
[0.527s] Invoked command in '/home/acir/robotdog2/build/robotdog2' returned '0': CMAKE_PREFIX_PATH=${CMAKE_PREFIX_PATH}:/opt/ros/humble CONDA_PROMPT_MODIFIER=(base) /usr/bin/cmake --install /home/acir/robotdog2/build/robotdog2
