[0.043s] Invoking command in '/home/acir/robotdog2/build/urdf_tutorial': CMAKE_PREFIX_PATH=/opt/ros/humble CONDA_PROMPT_MODIFIER=(base) /usr/bin/cmake /home/acir/robotdog2 -DCMAKE_INSTALL_PREFIX=/home/acir/robotdog2/install/urdf_tutorial
[0.083s] -- The C compiler identification is GNU 11.4.0
[0.125s] -- The CXX compiler identification is GNU 11.4.0
[0.131s] -- Detecting C compiler ABI info
[0.183s] -- Detecting C compiler ABI info - done
[0.189s] -- Check for working C compiler: /usr/bin/cc - skipped
[0.189s] -- Detecting C compile features
[0.189s] -- Detecting C compile features - done
[0.192s] -- Detecting CXX compiler ABI info
[0.255s] -- Detecting CXX compiler ABI info - done
[0.261s] -- Check for working CXX compiler: /usr/bin/c++ - skipped
[0.262s] -- Detecting CXX compile features
[0.262s] -- Detecting CXX compile features - done
[0.264s] -- Found ament_cmake: 1.3.6 (/opt/ros/humble/share/ament_cmake/cmake)
[0.405s] -- Found Python3: /usr/bin/python3.10 (found version "3.10.12") found components: Interpreter 
[0.466s] -- Found ament_lint_auto: 0.12.9 (/opt/ros/humble/share/ament_lint_auto/cmake)
[0.512s] [31mCMake Error at /opt/ros/humble/share/ament_cmake_core/cmake/core/ament_package_xml.cmake:53 (message):
[0.512s]   ament_package_xml() package name 'urdf_tutorial' in '/package.xml' does not
[0.512s]   match current PROJECT_NAME 'robotdog2'.  You must call project() with the
[0.512s]   same package name before.
[0.512s] Call Stack (most recent call first):
[0.512s]   /opt/ros/humble/share/ament_lint_auto/cmake/ament_lint_auto_find_test_dependencies.cmake:31 (ament_package_xml)
[0.512s]   CMakeLists.txt:13 (ament_lint_auto_find_test_dependencies)
[0.512s] 
[0.512s] [0m
[0.512s] -- Configuring incomplete, errors occurred!
[0.512s] See also "/home/acir/robotdog2/build/urdf_tutorial/CMakeFiles/CMakeOutput.log".
[0.515s] Invoked command in '/home/acir/robotdog2/build/urdf_tutorial' returned '1': CMAKE_PREFIX_PATH=/opt/ros/humble CONDA_PROMPT_MODIFIER=(base) /usr/bin/cmake /home/acir/robotdog2 -DCMAKE_INSTALL_PREFIX=/home/acir/robotdog2/install/urdf_tutorial
