[0.848s] DEBUG:colcon:Command line arguments: ['/usr/bin/colcon', 'build', '--packages-select', 'py_pubsub']
[0.848s] DEBUG:colcon:Parsed command line arguments: Namespace(log_base=None, log_level=None, verb_name='build', build_base='build', install_base='install', merge_install=False, symlink_install=False, test_result_base=None, continue_on_error=False, executor='parallel', parallel_workers=8, event_handlers=None, ignore_user_meta=False, metas=['./colcon.meta'], base_paths=['.'], packages_ignore=None, packages_ignore_regex=None, paths=None, packages_up_to=None, packages_up_to_regex=None, packages_above=None, packages_above_and_dependencies=None, packages_above_depth=None, packages_select_by_dep=None, packages_skip_by_dep=None, packages_skip_up_to=None, packages_select_build_failed=False, packages_skip_build_finished=False, packages_select_test_failures=False, packages_skip_test_passed=False, packages_select=['py_pubsub'], packages_skip=None, packages_select_regex=None, packages_skip_regex=None, packages_start=None, packages_end=None, allow_overriding=[], cmake_args=None, cmake_target=None, cmake_target_skip_unavailable=False, cmake_clean_cache=False, cmake_clean_first=False, cmake_force_configure=False, ament_cmake_args=None, catkin_cmake_args=None, catkin_skip_building_tests=False, verb_parser=<colcon_defaults.argument_parser.defaults.DefaultArgumentsDecorator object at 0x7fdbc3d532b0>, verb_extension=<colcon_core.verb.build.BuildVerb object at 0x7fdbc3d45b10>, main=<bound method BuildVerb.main of <colcon_core.verb.build.BuildVerb object at 0x7fdbc3d45b10>>)
[0.887s] Level 1:colcon.colcon_core.package_discovery:discover_packages(colcon_meta) check parameters
[0.887s] Level 1:colcon.colcon_core.package_discovery:discover_packages(recursive) check parameters
[0.887s] Level 1:colcon.colcon_core.package_discovery:discover_packages(ignore) check parameters
[0.887s] Level 1:colcon.colcon_core.package_discovery:discover_packages(path) check parameters
[0.887s] Level 1:colcon.colcon_core.package_discovery:discover_packages(colcon_meta) discover
[0.887s] Level 1:colcon.colcon_core.package_discovery:discover_packages(recursive) discover
[0.887s] INFO:colcon.colcon_core.package_discovery:Crawling recursively for packages in '/home/acir/ros2_ws'
[0.887s] Level 1:colcon.colcon_core.package_identification:_identify(.) by extensions ['ignore', 'ignore_ament_install']
[0.887s] Level 1:colcon.colcon_core.package_identification:_identify(.) by extension 'ignore'
[0.887s] Level 1:colcon.colcon_core.package_identification:_identify(.) by extension 'ignore_ament_install'
[0.887s] Level 1:colcon.colcon_core.package_identification:_identify(.) by extensions ['colcon_pkg']
[0.887s] Level 1:colcon.colcon_core.package_identification:_identify(.) by extension 'colcon_pkg'
[0.887s] Level 1:colcon.colcon_core.package_identification:_identify(.) by extensions ['colcon_meta']
[0.887s] Level 1:colcon.colcon_core.package_identification:_identify(.) by extension 'colcon_meta'
[0.887s] Level 1:colcon.colcon_core.package_identification:_identify(.) by extensions ['ros']
[0.888s] Level 1:colcon.colcon_core.package_identification:_identify(.) by extension 'ros'
[0.896s] Level 1:colcon.colcon_core.package_identification:_identify(.) by extensions ['cmake', 'python']
[0.896s] Level 1:colcon.colcon_core.package_identification:_identify(.) by extension 'cmake'
[0.896s] Level 1:colcon.colcon_core.package_identification:_identify(.) by extension 'python'
[0.896s] Level 1:colcon.colcon_core.package_identification:_identify(.) by extensions ['python_setup_py']
[0.896s] Level 1:colcon.colcon_core.package_identification:_identify(.) by extension 'python_setup_py'
[0.896s] Level 1:colcon.colcon_core.package_identification:_identify(build) by extensions ['ignore', 'ignore_ament_install']
[0.896s] Level 1:colcon.colcon_core.package_identification:_identify(build) by extension 'ignore'
[0.896s] Level 1:colcon.colcon_core.package_identification:_identify(build) ignored
[0.896s] Level 1:colcon.colcon_core.package_identification:_identify(face_dataset) by extensions ['ignore', 'ignore_ament_install']
[0.896s] Level 1:colcon.colcon_core.package_identification:_identify(face_dataset) by extension 'ignore'
[0.896s] Level 1:colcon.colcon_core.package_identification:_identify(face_dataset) by extension 'ignore_ament_install'
[0.896s] Level 1:colcon.colcon_core.package_identification:_identify(face_dataset) by extensions ['colcon_pkg']
[0.896s] Level 1:colcon.colcon_core.package_identification:_identify(face_dataset) by extension 'colcon_pkg'
[0.896s] Level 1:colcon.colcon_core.package_identification:_identify(face_dataset) by extensions ['colcon_meta']
[0.896s] Level 1:colcon.colcon_core.package_identification:_identify(face_dataset) by extension 'colcon_meta'
[0.896s] Level 1:colcon.colcon_core.package_identification:_identify(face_dataset) by extensions ['ros']
[0.896s] Level 1:colcon.colcon_core.package_identification:_identify(face_dataset) by extension 'ros'
[0.896s] Level 1:colcon.colcon_core.package_identification:_identify(face_dataset) by extensions ['cmake', 'python']
[0.896s] Level 1:colcon.colcon_core.package_identification:_identify(face_dataset) by extension 'cmake'
[0.897s] Level 1:colcon.colcon_core.package_identification:_identify(face_dataset) by extension 'python'
[0.897s] Level 1:colcon.colcon_core.package_identification:_identify(face_dataset) by extensions ['python_setup_py']
[0.897s] Level 1:colcon.colcon_core.package_identification:_identify(face_dataset) by extension 'python_setup_py'
[0.897s] Level 1:colcon.colcon_core.package_identification:_identify(install) by extensions ['ignore', 'ignore_ament_install']
[0.897s] Level 1:colcon.colcon_core.package_identification:_identify(install) by extension 'ignore'
[0.897s] Level 1:colcon.colcon_core.package_identification:_identify(install) ignored
[0.897s] Level 1:colcon.colcon_core.package_identification:_identify(log) by extensions ['ignore', 'ignore_ament_install']
[0.897s] Level 1:colcon.colcon_core.package_identification:_identify(log) by extension 'ignore'
[0.897s] Level 1:colcon.colcon_core.package_identification:_identify(log) ignored
[0.897s] Level 1:colcon.colcon_core.package_identification:_identify(src) by extensions ['ignore', 'ignore_ament_install']
[0.897s] Level 1:colcon.colcon_core.package_identification:_identify(src) by extension 'ignore'
[0.897s] Level 1:colcon.colcon_core.package_identification:_identify(src) by extension 'ignore_ament_install'
[0.897s] Level 1:colcon.colcon_core.package_identification:_identify(src) by extensions ['colcon_pkg']
[0.897s] Level 1:colcon.colcon_core.package_identification:_identify(src) by extension 'colcon_pkg'
[0.897s] Level 1:colcon.colcon_core.package_identification:_identify(src) by extensions ['colcon_meta']
[0.897s] Level 1:colcon.colcon_core.package_identification:_identify(src) by extension 'colcon_meta'
[0.897s] Level 1:colcon.colcon_core.package_identification:_identify(src) by extensions ['ros']
[0.897s] Level 1:colcon.colcon_core.package_identification:_identify(src) by extension 'ros'
[0.897s] Level 1:colcon.colcon_core.package_identification:_identify(src) by extensions ['cmake', 'python']
[0.897s] Level 1:colcon.colcon_core.package_identification:_identify(src) by extension 'cmake'
[0.897s] Level 1:colcon.colcon_core.package_identification:_identify(src) by extension 'python'
[0.897s] Level 1:colcon.colcon_core.package_identification:_identify(src) by extensions ['python_setup_py']
[0.897s] Level 1:colcon.colcon_core.package_identification:_identify(src) by extension 'python_setup_py'
[0.898s] Level 1:colcon.colcon_core.package_identification:_identify(src/py_pubsub) by extensions ['ignore', 'ignore_ament_install']
[0.898s] Level 1:colcon.colcon_core.package_identification:_identify(src/py_pubsub) by extension 'ignore'
[0.898s] Level 1:colcon.colcon_core.package_identification:_identify(src/py_pubsub) by extension 'ignore_ament_install'
[0.898s] Level 1:colcon.colcon_core.package_identification:_identify(src/py_pubsub) by extensions ['colcon_pkg']
[0.898s] Level 1:colcon.colcon_core.package_identification:_identify(src/py_pubsub) by extension 'colcon_pkg'
[0.898s] Level 1:colcon.colcon_core.package_identification:_identify(src/py_pubsub) by extensions ['colcon_meta']
[0.898s] Level 1:colcon.colcon_core.package_identification:_identify(src/py_pubsub) by extension 'colcon_meta'
[0.898s] Level 1:colcon.colcon_core.package_identification:_identify(src/py_pubsub) by extensions ['ros']
[0.898s] Level 1:colcon.colcon_core.package_identification:_identify(src/py_pubsub) by extension 'ros'
[0.900s] DEBUG:colcon.colcon_core.package_identification:Package 'src/py_pubsub' with type 'ros.ament_python' and name 'py_pubsub'
[0.900s] Level 1:colcon.colcon_core.package_identification:_identify(tmp) by extensions ['ignore', 'ignore_ament_install']
[0.900s] Level 1:colcon.colcon_core.package_identification:_identify(tmp) by extension 'ignore'
[0.900s] Level 1:colcon.colcon_core.package_identification:_identify(tmp) by extension 'ignore_ament_install'
[0.900s] Level 1:colcon.colcon_core.package_identification:_identify(tmp) by extensions ['colcon_pkg']
[0.900s] Level 1:colcon.colcon_core.package_identification:_identify(tmp) by extension 'colcon_pkg'
[0.900s] Level 1:colcon.colcon_core.package_identification:_identify(tmp) by extensions ['colcon_meta']
[0.900s] Level 1:colcon.colcon_core.package_identification:_identify(tmp) by extension 'colcon_meta'
[0.900s] Level 1:colcon.colcon_core.package_identification:_identify(tmp) by extensions ['ros']
[0.900s] Level 1:colcon.colcon_core.package_identification:_identify(tmp) by extension 'ros'
[0.900s] Level 1:colcon.colcon_core.package_identification:_identify(tmp) by extensions ['cmake', 'python']
[0.900s] Level 1:colcon.colcon_core.package_identification:_identify(tmp) by extension 'cmake'
[0.900s] Level 1:colcon.colcon_core.package_identification:_identify(tmp) by extension 'python'
[0.900s] Level 1:colcon.colcon_core.package_identification:_identify(tmp) by extensions ['python_setup_py']
[0.900s] Level 1:colcon.colcon_core.package_identification:_identify(tmp) by extension 'python_setup_py'
[0.900s] Level 1:colcon.colcon_core.package_discovery:discover_packages(recursive) using defaults
[0.900s] Level 1:colcon.colcon_core.package_discovery:discover_packages(ignore) discover
[0.900s] Level 1:colcon.colcon_core.package_discovery:discover_packages(ignore) using defaults
[0.900s] Level 1:colcon.colcon_core.package_discovery:discover_packages(path) discover
[0.900s] Level 1:colcon.colcon_core.package_discovery:discover_packages(path) using defaults
[0.978s] Level 1:colcon.colcon_core.package_discovery:discover_packages(prefix_path) check parameters
[0.978s] Level 1:colcon.colcon_core.package_discovery:discover_packages(prefix_path) discover
[1.005s] DEBUG:colcon.colcon_installed_package_information.package_discovery:Found 270 installed packages in /opt/ros/humble
[1.006s] Level 1:colcon.colcon_core.package_discovery:discover_packages(prefix_path) using defaults
[1.086s] Level 5:colcon.colcon_core.verb:set package 'py_pubsub' build argument 'cmake_args' from command line to 'None'
[1.086s] Level 5:colcon.colcon_core.verb:set package 'py_pubsub' build argument 'cmake_target' from command line to 'None'
[1.086s] Level 5:colcon.colcon_core.verb:set package 'py_pubsub' build argument 'cmake_target_skip_unavailable' from command line to 'False'
[1.086s] Level 5:colcon.colcon_core.verb:set package 'py_pubsub' build argument 'cmake_clean_cache' from command line to 'False'
[1.086s] Level 5:colcon.colcon_core.verb:set package 'py_pubsub' build argument 'cmake_clean_first' from command line to 'False'
[1.086s] Level 5:colcon.colcon_core.verb:set package 'py_pubsub' build argument 'cmake_force_configure' from command line to 'False'
[1.086s] Level 5:colcon.colcon_core.verb:set package 'py_pubsub' build argument 'ament_cmake_args' from command line to 'None'
[1.086s] Level 5:colcon.colcon_core.verb:set package 'py_pubsub' build argument 'catkin_cmake_args' from command line to 'None'
[1.086s] Level 5:colcon.colcon_core.verb:set package 'py_pubsub' build argument 'catkin_skip_building_tests' from command line to 'False'
[1.086s] DEBUG:colcon.colcon_core.verb:Building package 'py_pubsub' with the following arguments: {'ament_cmake_args': None, 'build_base': '/home/acir/ros2_ws/build/py_pubsub', 'catkin_cmake_args': None, 'catkin_skip_building_tests': False, 'cmake_args': None, 'cmake_clean_cache': False, 'cmake_clean_first': False, 'cmake_force_configure': False, 'cmake_target': None, 'cmake_target_skip_unavailable': False, 'install_base': '/home/acir/ros2_ws/install/py_pubsub', 'merge_install': False, 'path': '/home/acir/ros2_ws/src/py_pubsub', 'symlink_install': False, 'test_result_base': None}
[1.099s] INFO:colcon.colcon_core.executor:Executing jobs using 'parallel' executor
[1.111s] DEBUG:colcon.colcon_parallel_executor.executor.parallel:run_until_complete
[1.111s] INFO:colcon.colcon_ros.task.ament_python.build:Building ROS package in '/home/acir/ros2_ws/src/py_pubsub' with build type 'ament_python'
[1.111s] Level 1:colcon.colcon_core.shell:create_environment_hook('py_pubsub', 'ament_prefix_path')
[1.125s] INFO:colcon.colcon_core.plugin_system:Skipping extension 'colcon_core.shell.bat': Not used on non-Windows systems
[1.126s] INFO:colcon.colcon_core.shell:Creating environment hook '/home/acir/ros2_ws/install/py_pubsub/share/py_pubsub/hook/ament_prefix_path.ps1'
[1.126s] INFO:colcon.colcon_core.shell:Creating environment descriptor '/home/acir/ros2_ws/install/py_pubsub/share/py_pubsub/hook/ament_prefix_path.dsv'
[1.126s] INFO:colcon.colcon_core.shell:Creating environment hook '/home/acir/ros2_ws/install/py_pubsub/share/py_pubsub/hook/ament_prefix_path.sh'
[1.139s] INFO:colcon.colcon_core.shell:Skip shell extension 'powershell' for command environment: Not usable outside of PowerShell
[1.139s] DEBUG:colcon.colcon_core.shell:Skip shell extension 'dsv' for command environment
[1.364s] INFO:colcon.colcon_core.task.python.build:Building Python package in '/home/acir/ros2_ws/src/py_pubsub'
[1.377s] INFO:colcon.colcon_core.shell:Skip shell extension 'powershell' for command environment: Not usable outside of PowerShell
[1.377s] DEBUG:colcon.colcon_core.shell:Skip shell extension 'dsv' for command environment
[1.673s] DEBUG:colcon.colcon_core.event_handler.log_command:Invoking command in '/home/acir/ros2_ws/src/py_pubsub': CONDA_PROMPT_MODIFIER=(robot) PYTHONPATH=/home/acir/ros2_ws/build/py_pubsub/prefix_override:/home/acir/ros2_ws/install/py_pubsub/lib/python3.10/site-packages:${PYTHONPATH} /usr/bin/python3 setup.py egg_info --egg-base ../../build/py_pubsub build --build-base /home/acir/ros2_ws/build/py_pubsub/build install --record /home/acir/ros2_ws/build/py_pubsub/install.log --single-version-externally-managed
[1.899s] DEBUG:colcon.colcon_core.event_handler.log_command:Invoked command in '/home/acir/ros2_ws/src/py_pubsub' returned '0': CONDA_PROMPT_MODIFIER=(robot) PYTHONPATH=/home/acir/ros2_ws/build/py_pubsub/prefix_override:/home/acir/ros2_ws/install/py_pubsub/lib/python3.10/site-packages:${PYTHONPATH} /usr/bin/python3 setup.py egg_info --egg-base ../../build/py_pubsub build --build-base /home/acir/ros2_ws/build/py_pubsub/build install --record /home/acir/ros2_ws/build/py_pubsub/install.log --single-version-externally-managed
[1.913s] Level 1:colcon.colcon_core.environment:checking '/home/acir/ros2_ws/install/py_pubsub' for CMake module files
[1.913s] Level 1:colcon.colcon_core.environment:checking '/home/acir/ros2_ws/install/py_pubsub' for CMake config files
[1.914s] Level 1:colcon.colcon_core.environment:checking '/home/acir/ros2_ws/install/py_pubsub/lib'
[1.914s] Level 1:colcon.colcon_core.environment:checking '/home/acir/ros2_ws/install/py_pubsub/bin'
[1.914s] Level 1:colcon.colcon_core.environment:checking '/home/acir/ros2_ws/install/py_pubsub/lib/pkgconfig/py_pubsub.pc'
[1.914s] Level 1:colcon.colcon_core.environment:checking '/home/acir/ros2_ws/install/py_pubsub/lib/python3.10/site-packages'
[1.914s] Level 1:colcon.colcon_core.shell:create_environment_hook('py_pubsub', 'pythonpath')
[1.927s] INFO:colcon.colcon_core.shell:Creating environment hook '/home/acir/ros2_ws/install/py_pubsub/share/py_pubsub/hook/pythonpath.ps1'
[1.927s] INFO:colcon.colcon_core.shell:Creating environment descriptor '/home/acir/ros2_ws/install/py_pubsub/share/py_pubsub/hook/pythonpath.dsv'
[1.927s] INFO:colcon.colcon_core.shell:Creating environment hook '/home/acir/ros2_ws/install/py_pubsub/share/py_pubsub/hook/pythonpath.sh'
[1.928s] Level 1:colcon.colcon_core.environment:checking '/home/acir/ros2_ws/install/py_pubsub/bin'
[1.928s] Level 1:colcon.colcon_core.environment:create_environment_scripts_only(py_pubsub)
[1.940s] INFO:colcon.colcon_core.shell:Creating package script '/home/acir/ros2_ws/install/py_pubsub/share/py_pubsub/package.ps1'
[1.940s] INFO:colcon.colcon_core.shell:Creating package descriptor '/home/acir/ros2_ws/install/py_pubsub/share/py_pubsub/package.dsv'
[1.941s] INFO:colcon.colcon_core.shell:Creating package script '/home/acir/ros2_ws/install/py_pubsub/share/py_pubsub/package.sh'
[1.941s] INFO:colcon.colcon_core.shell:Creating package script '/home/acir/ros2_ws/install/py_pubsub/share/py_pubsub/package.bash'
[1.942s] INFO:colcon.colcon_core.shell:Creating package script '/home/acir/ros2_ws/install/py_pubsub/share/py_pubsub/package.zsh'
[1.942s] Level 1:colcon.colcon_core.environment:create_file_with_runtime_dependencies(/home/acir/ros2_ws/install/py_pubsub/share/colcon-core/packages/py_pubsub)
[1.942s] DEBUG:colcon.colcon_parallel_executor.executor.parallel:closing loop
[1.943s] DEBUG:colcon.colcon_parallel_executor.executor.parallel:loop closed
[1.943s] DEBUG:colcon.colcon_parallel_executor.executor.parallel:run_until_complete finished with '0'
[1.943s] DEBUG:colcon.colcon_core.event_reactor:joining thread
[1.959s] INFO:colcon.colcon_core.plugin_system:Skipping extension 'colcon_notification.desktop_notification.terminal_notifier': Not used on non-Darwin systems
[1.959s] INFO:colcon.colcon_core.plugin_system:Skipping extension 'colcon_notification.desktop_notification.win32': Not used on non-Windows systems
[1.959s] INFO:colcon.colcon_notification.desktop_notification:Sending desktop notification using 'notify2'
[1.970s] DEBUG:colcon.colcon_core.event_reactor:joined thread
[1.987s] INFO:colcon.colcon_core.shell:Creating prefix script '/home/acir/ros2_ws/install/local_setup.ps1'
[1.988s] INFO:colcon.colcon_core.shell:Creating prefix util module '/home/acir/ros2_ws/install/_local_setup_util_ps1.py'
[1.988s] INFO:colcon.colcon_core.shell:Creating prefix chain script '/home/acir/ros2_ws/install/setup.ps1'
[2.001s] INFO:colcon.colcon_core.shell:Creating prefix script '/home/acir/ros2_ws/install/local_setup.sh'
[2.002s] INFO:colcon.colcon_core.shell:Creating prefix util module '/home/acir/ros2_ws/install/_local_setup_util_sh.py'
[2.002s] INFO:colcon.colcon_core.shell:Creating prefix chain script '/home/acir/ros2_ws/install/setup.sh'
[2.015s] INFO:colcon.colcon_core.shell:Creating prefix script '/home/acir/ros2_ws/install/local_setup.bash'
[2.015s] INFO:colcon.colcon_core.shell:Creating prefix chain script '/home/acir/ros2_ws/install/setup.bash'
[2.028s] INFO:colcon.colcon_core.shell:Creating prefix script '/home/acir/ros2_ws/install/local_setup.zsh'
[2.028s] INFO:colcon.colcon_core.shell:Creating prefix chain script '/home/acir/ros2_ws/install/setup.zsh'
