[0.827s] DEBUG:colcon:Command line arguments: ['/usr/bin/colcon', 'build']
[0.827s] DEBUG:colcon:Parsed command line arguments: Namespace(log_base=None, log_level=None, verb_name='build', build_base='build', install_base='install', merge_install=False, symlink_install=False, test_result_base=None, continue_on_error=False, executor='parallel', parallel_workers=8, event_handlers=None, ignore_user_meta=False, metas=['./colcon.meta'], base_paths=['.'], packages_ignore=None, packages_ignore_regex=None, paths=None, packages_up_to=None, packages_up_to_regex=None, packages_above=None, packages_above_and_dependencies=None, packages_above_depth=None, packages_select_by_dep=None, packages_skip_by_dep=None, packages_skip_up_to=None, packages_select_build_failed=False, packages_skip_build_finished=False, packages_select_test_failures=False, packages_skip_test_passed=False, packages_select=None, packages_skip=None, packages_select_regex=None, packages_skip_regex=None, packages_start=None, packages_end=None, allow_overriding=[], cmake_args=None, cmake_target=None, cmake_target_skip_unavailable=False, cmake_clean_cache=False, cmake_clean_first=False, cmake_force_configure=False, ament_cmake_args=None, catkin_cmake_args=None, catkin_skip_building_tests=False, verb_parser=<colcon_defaults.argument_parser.defaults.DefaultArgumentsDecorator object at 0x7f6425e6be20>, verb_extension=<colcon_core.verb.build.BuildVerb object at 0x7f6425e5ff70>, main=<bound method BuildVerb.main of <colcon_core.verb.build.BuildVerb object at 0x7f6425e5ff70>>)
[0.866s] Level 1:colcon.colcon_core.package_discovery:discover_packages(colcon_meta) check parameters
[0.866s] Level 1:colcon.colcon_core.package_discovery:discover_packages(recursive) check parameters
[0.866s] Level 1:colcon.colcon_core.package_discovery:discover_packages(ignore) check parameters
[0.866s] Level 1:colcon.colcon_core.package_discovery:discover_packages(path) check parameters
[0.866s] Level 1:colcon.colcon_core.package_discovery:discover_packages(colcon_meta) discover
[0.866s] Level 1:colcon.colcon_core.package_discovery:discover_packages(recursive) discover
[0.866s] INFO:colcon.colcon_core.package_discovery:Crawling recursively for packages in '/home/acir/robotdog2'
[0.866s] Level 1:colcon.colcon_core.package_identification:_identify(.) by extensions ['ignore', 'ignore_ament_install']
[0.866s] Level 1:colcon.colcon_core.package_identification:_identify(.) by extension 'ignore'
[0.866s] Level 1:colcon.colcon_core.package_identification:_identify(.) by extension 'ignore_ament_install'
[0.866s] Level 1:colcon.colcon_core.package_identification:_identify(.) by extensions ['colcon_pkg']
[0.866s] Level 1:colcon.colcon_core.package_identification:_identify(.) by extension 'colcon_pkg'
[0.866s] Level 1:colcon.colcon_core.package_identification:_identify(.) by extensions ['colcon_meta']
[0.866s] Level 1:colcon.colcon_core.package_identification:_identify(.) by extension 'colcon_meta'
[0.866s] Level 1:colcon.colcon_core.package_identification:_identify(.) by extensions ['ros']
[0.866s] Level 1:colcon.colcon_core.package_identification:_identify(.) by extension 'ros'
[0.876s] DEBUG:colcon.colcon_core.package_identification:Package '.' with type 'ros.ament_cmake' and name 'robotdog2'
[0.876s] Level 1:colcon.colcon_core.package_discovery:discover_packages(recursive) using defaults
[0.876s] Level 1:colcon.colcon_core.package_discovery:discover_packages(ignore) discover
[0.876s] Level 1:colcon.colcon_core.package_discovery:discover_packages(ignore) using defaults
[0.876s] Level 1:colcon.colcon_core.package_discovery:discover_packages(path) discover
[0.876s] Level 1:colcon.colcon_core.package_discovery:discover_packages(path) using defaults
[0.952s] Level 1:colcon.colcon_core.package_discovery:discover_packages(prefix_path) check parameters
[0.952s] Level 1:colcon.colcon_core.package_discovery:discover_packages(prefix_path) discover
[0.964s] WARNING:colcon.colcon_core.prefix_path.colcon:The path '/home/acir/xacro-ros2/install' in the environment variable COLCON_PREFIX_PATH doesn't exist
[0.964s] WARNING:colcon.colcon_ros.prefix_path.ament:The path '/home/acir/xacro-ros2/install/xacro' in the environment variable AMENT_PREFIX_PATH doesn't exist
[0.964s] WARNING:colcon.colcon_ros.prefix_path.ament:The path '/home/acir/robotdog2/install/robotdog2' in the environment variable AMENT_PREFIX_PATH doesn't exist
[0.964s] WARNING:colcon.colcon_ros.prefix_path.catkin:The path '/home/acir/xacro-ros2/install/xacro' in the environment variable CMAKE_PREFIX_PATH doesn't exist
[0.964s] WARNING:colcon.colcon_ros.prefix_path.catkin:The path '/home/acir/robotdog2/install/robotdog2' in the environment variable CMAKE_PREFIX_PATH doesn't exist
[0.977s] DEBUG:colcon.colcon_installed_package_information.package_discovery:Found 1 installed packages in /home/acir/urdf_launch-main/install
[0.989s] DEBUG:colcon.colcon_installed_package_information.package_discovery:Found 0 installed packages in /home/acir/robotdog2/install
[1.002s] DEBUG:colcon.colcon_installed_package_information.package_discovery:Found 270 installed packages in /opt/ros/humble
[1.003s] Level 1:colcon.colcon_core.package_discovery:discover_packages(prefix_path) using defaults
[1.082s] Level 5:colcon.colcon_core.verb:set package 'robotdog2' build argument 'cmake_args' from command line to 'None'
[1.082s] Level 5:colcon.colcon_core.verb:set package 'robotdog2' build argument 'cmake_target' from command line to 'None'
[1.082s] Level 5:colcon.colcon_core.verb:set package 'robotdog2' build argument 'cmake_target_skip_unavailable' from command line to 'False'
[1.082s] Level 5:colcon.colcon_core.verb:set package 'robotdog2' build argument 'cmake_clean_cache' from command line to 'False'
[1.082s] Level 5:colcon.colcon_core.verb:set package 'robotdog2' build argument 'cmake_clean_first' from command line to 'False'
[1.082s] Level 5:colcon.colcon_core.verb:set package 'robotdog2' build argument 'cmake_force_configure' from command line to 'False'
[1.082s] Level 5:colcon.colcon_core.verb:set package 'robotdog2' build argument 'ament_cmake_args' from command line to 'None'
[1.082s] Level 5:colcon.colcon_core.verb:set package 'robotdog2' build argument 'catkin_cmake_args' from command line to 'None'
[1.082s] Level 5:colcon.colcon_core.verb:set package 'robotdog2' build argument 'catkin_skip_building_tests' from command line to 'False'
[1.082s] DEBUG:colcon.colcon_core.verb:Building package 'robotdog2' with the following arguments: {'ament_cmake_args': None, 'build_base': '/home/acir/robotdog2/build/robotdog2', 'catkin_cmake_args': None, 'catkin_skip_building_tests': False, 'cmake_args': None, 'cmake_clean_cache': False, 'cmake_clean_first': False, 'cmake_force_configure': False, 'cmake_target': None, 'cmake_target_skip_unavailable': False, 'install_base': '/home/acir/robotdog2/install/robotdog2', 'merge_install': False, 'path': '/home/acir/robotdog2', 'symlink_install': False, 'test_result_base': None}
[1.094s] INFO:colcon.colcon_core.executor:Executing jobs using 'parallel' executor
[1.107s] DEBUG:colcon.colcon_parallel_executor.executor.parallel:run_until_complete
[1.107s] INFO:colcon.colcon_ros.task.ament_cmake.build:Building ROS package in '/home/acir/robotdog2' with build type 'ament_cmake'
[1.107s] INFO:colcon.colcon_cmake.task.cmake.build:Building CMake package in '/home/acir/robotdog2'
[1.121s] INFO:colcon.colcon_core.plugin_system:Skipping extension 'colcon_core.shell.bat': Not used on non-Windows systems
[1.121s] INFO:colcon.colcon_core.shell:Skip shell extension 'powershell' for command environment: Not usable outside of PowerShell
[1.121s] DEBUG:colcon.colcon_core.shell:Skip shell extension 'dsv' for command environment
[1.175s] DEBUG:colcon.colcon_core.event_handler.log_command:Invoking command in '/home/acir/robotdog2/build/robotdog2': CMAKE_PREFIX_PATH=${CMAKE_PREFIX_PATH}:/opt/ros/humble CONDA_PROMPT_MODIFIER=(base) /usr/bin/cmake --build /home/acir/robotdog2/build/robotdog2 -- -j8 -l8
[1.203s] DEBUG:colcon.colcon_core.event_handler.log_command:Invoked command in '/home/acir/robotdog2/build/robotdog2' returned '0': CMAKE_PREFIX_PATH=${CMAKE_PREFIX_PATH}:/opt/ros/humble CONDA_PROMPT_MODIFIER=(base) /usr/bin/cmake --build /home/acir/robotdog2/build/robotdog2 -- -j8 -l8
[1.227s] DEBUG:colcon.colcon_core.event_handler.log_command:Invoking command in '/home/acir/robotdog2/build/robotdog2': CMAKE_PREFIX_PATH=${CMAKE_PREFIX_PATH}:/opt/ros/humble CONDA_PROMPT_MODIFIER=(base) /usr/bin/cmake --install /home/acir/robotdog2/build/robotdog2
[1.418s] Level 1:colcon.colcon_core.environment:create_environment_scripts_only(robotdog2)
[1.418s] DEBUG:colcon.colcon_core.event_handler.log_command:Invoked command in '/home/acir/robotdog2/build/robotdog2' returned '0': CMAKE_PREFIX_PATH=${CMAKE_PREFIX_PATH}:/opt/ros/humble CONDA_PROMPT_MODIFIER=(base) /usr/bin/cmake --install /home/acir/robotdog2/build/robotdog2
[1.432s] Level 1:colcon.colcon_core.environment:checking '/home/acir/robotdog2/install/robotdog2' for CMake module files
[1.432s] Level 1:colcon.colcon_core.environment:checking '/home/acir/robotdog2/install/robotdog2' for CMake config files
[1.433s] Level 1:colcon.colcon_core.shell:create_environment_hook('robotdog2', 'cmake_prefix_path')
[1.449s] INFO:colcon.colcon_core.shell:Creating environment hook '/home/acir/robotdog2/install/robotdog2/share/robotdog2/hook/cmake_prefix_path.ps1'
[1.450s] INFO:colcon.colcon_core.shell:Creating environment descriptor '/home/acir/robotdog2/install/robotdog2/share/robotdog2/hook/cmake_prefix_path.dsv'
[1.450s] INFO:colcon.colcon_core.shell:Creating environment hook '/home/acir/robotdog2/install/robotdog2/share/robotdog2/hook/cmake_prefix_path.sh'
[1.450s] Level 1:colcon.colcon_core.environment:checking '/home/acir/robotdog2/install/robotdog2/bin'
[1.450s] Level 1:colcon.colcon_core.environment:checking '/home/acir/robotdog2/install/robotdog2/lib/pkgconfig/robotdog2.pc'
[1.451s] Level 1:colcon.colcon_core.environment:checking '/home/acir/robotdog2/install/robotdog2/lib/python3.10/site-packages'
[1.451s] Level 1:colcon.colcon_core.environment:checking '/home/acir/robotdog2/install/robotdog2/bin'
[1.463s] INFO:colcon.colcon_core.shell:Creating package script '/home/acir/robotdog2/install/robotdog2/share/robotdog2/package.ps1'
[1.464s] INFO:colcon.colcon_core.shell:Creating package descriptor '/home/acir/robotdog2/install/robotdog2/share/robotdog2/package.dsv'
[1.464s] INFO:colcon.colcon_core.shell:Creating package script '/home/acir/robotdog2/install/robotdog2/share/robotdog2/package.sh'
[1.464s] INFO:colcon.colcon_core.shell:Creating package script '/home/acir/robotdog2/install/robotdog2/share/robotdog2/package.bash'
[1.465s] INFO:colcon.colcon_core.shell:Creating package script '/home/acir/robotdog2/install/robotdog2/share/robotdog2/package.zsh'
[1.465s] Level 1:colcon.colcon_core.environment:create_file_with_runtime_dependencies(/home/acir/robotdog2/install/robotdog2/share/colcon-core/packages/robotdog2)
[1.494s] Level 1:colcon.colcon_core.environment:create_environment_scripts_only(robotdog2)
[1.506s] Level 1:colcon.colcon_core.environment:checking '/home/acir/robotdog2/install/robotdog2' for CMake module files
[1.507s] Level 1:colcon.colcon_core.environment:checking '/home/acir/robotdog2/install/robotdog2' for CMake config files
[1.507s] Level 1:colcon.colcon_core.shell:create_environment_hook('robotdog2', 'cmake_prefix_path')
[1.525s] INFO:colcon.colcon_core.shell:Creating environment hook '/home/acir/robotdog2/install/robotdog2/share/robotdog2/hook/cmake_prefix_path.ps1'
[1.526s] INFO:colcon.colcon_core.shell:Creating environment descriptor '/home/acir/robotdog2/install/robotdog2/share/robotdog2/hook/cmake_prefix_path.dsv'
[1.526s] INFO:colcon.colcon_core.shell:Creating environment hook '/home/acir/robotdog2/install/robotdog2/share/robotdog2/hook/cmake_prefix_path.sh'
[1.526s] Level 1:colcon.colcon_core.environment:checking '/home/acir/robotdog2/install/robotdog2/bin'
[1.527s] Level 1:colcon.colcon_core.environment:checking '/home/acir/robotdog2/install/robotdog2/lib/pkgconfig/robotdog2.pc'
[1.527s] Level 1:colcon.colcon_core.environment:checking '/home/acir/robotdog2/install/robotdog2/lib/python3.10/site-packages'
[1.527s] Level 1:colcon.colcon_core.environment:checking '/home/acir/robotdog2/install/robotdog2/bin'
[1.542s] INFO:colcon.colcon_core.shell:Creating package script '/home/acir/robotdog2/install/robotdog2/share/robotdog2/package.ps1'
[1.543s] INFO:colcon.colcon_core.shell:Creating package descriptor '/home/acir/robotdog2/install/robotdog2/share/robotdog2/package.dsv'
[1.543s] INFO:colcon.colcon_core.shell:Creating package script '/home/acir/robotdog2/install/robotdog2/share/robotdog2/package.sh'
[1.543s] INFO:colcon.colcon_core.shell:Creating package script '/home/acir/robotdog2/install/robotdog2/share/robotdog2/package.bash'
[1.544s] INFO:colcon.colcon_core.shell:Creating package script '/home/acir/robotdog2/install/robotdog2/share/robotdog2/package.zsh'
[1.544s] Level 1:colcon.colcon_core.environment:create_file_with_runtime_dependencies(/home/acir/robotdog2/install/robotdog2/share/colcon-core/packages/robotdog2)
[1.544s] DEBUG:colcon.colcon_parallel_executor.executor.parallel:closing loop
[1.544s] DEBUG:colcon.colcon_parallel_executor.executor.parallel:loop closed
[1.544s] DEBUG:colcon.colcon_parallel_executor.executor.parallel:run_until_complete finished with '0'
[1.544s] DEBUG:colcon.colcon_core.event_reactor:joining thread
[1.561s] INFO:colcon.colcon_core.plugin_system:Skipping extension 'colcon_notification.desktop_notification.terminal_notifier': Not used on non-Darwin systems
[1.561s] INFO:colcon.colcon_core.plugin_system:Skipping extension 'colcon_notification.desktop_notification.win32': Not used on non-Windows systems
[1.561s] INFO:colcon.colcon_notification.desktop_notification:Sending desktop notification using 'notify2'
[1.569s] DEBUG:colcon.colcon_core.event_reactor:joined thread
[1.583s] INFO:colcon.colcon_core.shell:Creating prefix script '/home/acir/robotdog2/install/local_setup.ps1'
[1.583s] INFO:colcon.colcon_core.shell:Creating prefix util module '/home/acir/robotdog2/install/_local_setup_util_ps1.py'
[1.584s] INFO:colcon.colcon_core.shell:Creating prefix chain script '/home/acir/robotdog2/install/setup.ps1'
[1.599s] INFO:colcon.colcon_core.shell:Creating prefix script '/home/acir/robotdog2/install/local_setup.sh'
[1.600s] INFO:colcon.colcon_core.shell:Creating prefix util module '/home/acir/robotdog2/install/_local_setup_util_sh.py'
[1.600s] INFO:colcon.colcon_core.shell:Creating prefix chain script '/home/acir/robotdog2/install/setup.sh'
[1.614s] INFO:colcon.colcon_core.shell:Creating prefix script '/home/acir/robotdog2/install/local_setup.bash'
[1.614s] INFO:colcon.colcon_core.shell:Creating prefix chain script '/home/acir/robotdog2/install/setup.bash'
[1.627s] INFO:colcon.colcon_core.shell:Creating prefix script '/home/acir/robotdog2/install/local_setup.zsh'
[1.627s] INFO:colcon.colcon_core.shell:Creating prefix chain script '/home/acir/robotdog2/install/setup.zsh'
